TN:
SF:/home/jhktimm/hermes/solakonOne/include/solakon_device.h
FNF:0
FNH:0
LF:0
LH:0
end_of_record
TN:
SF:/home/jhktimm/hermes/solakonOne/src/ui.cpp
FN:106,117,_ZN7solakon2ui10TerminalUI3barB5cxx11EffiNS0_5ColorENS0_8BarStyleE
FN:119,132,_ZN7solakon2ui10TerminalUI4initEv
FN:134,139,_ZN7solakon2ui10TerminalUI8shutdownEv
FN:141,144,_ZN7solakon2ui10TerminalUI5clearEv
FN:146,158,_ZN7solakon2ui10TerminalUI6renderERKNS_14DeviceSnapshotEi
FN:160,171,_ZN7solakon2ui10TerminalUI11draw_headerERKNS_14DeviceSnapshotE
FN:173,203,_ZN7solakon2ui10TerminalUI18draw_inverter_infoERKNS_14DeviceSnapshotE
FN:205,211,_ZN7solakon2ui10TerminalUI11draw_statusERKNS_14DeviceSnapshotE
FN:213,216,_ZN7solakon2ui10TerminalUI16draw_power_blockERKNSt7__cxx1112basic_stringIcSt11char_traitsIcESaIcEEEfi
FN:218,234,_ZN7solakon2ui10TerminalUI10draw_powerERKNS_14DeviceSnapshotE
FN:236,245,_ZN7solakon2ui10TerminalUI15draw_meter_dataERKNS_14DeviceSnapshotE
FN:247,254,_ZN7solakon2ui10TerminalUI10draw_meterERKNS_9MeterDataERKNSt7__cxx1112basic_stringIcSt11char_traitsIcESaIcEEE
FN:256,269,_ZN7solakon2ui10TerminalUI12draw_batteryERKNS_7BMSDataE
FN:271,287,_ZN7solakon2ui10TerminalUI11draw_energyERKNS_10EnergyDataE
FN:289,295,_ZN7solakon2ui10TerminalUI11draw_footerEv
FN:30,39,_ZN7solakon2ui10TerminalUI5colorENS0_5ColorES2_RKNSt7__cxx1112basic_stringIcSt11char_traitsIcESaIcEEE
FN:41,43,_ZN7solakon2ui10TerminalUI4boldENS0_5ColorERKNSt7__cxx1112basic_stringIcSt11char_traitsIcESaIcEEE
FN:45,47,_ZN7solakon2ui10TerminalUI3dimENS0_5ColorERKNSt7__cxx1112basic_stringIcSt11char_traitsIcESaIcEEE
FN:49,51,_ZN7solakon2ui10TerminalUI9separatorB5cxx11EicNS0_5ColorE
FN:53,58,_ZN7solakon2ui10TerminalUI14section_headerERKNSt7__cxx1112basic_stringIcSt11char_traitsIcESaIcEEEiNS0_5ColorE
FN:60,62,_ZN7solakon2ui10TerminalUI12status_badgeERKNSt7__cxx1112basic_stringIcSt11char_traitsIcESaIcEEEbNS0_5ColorE
FN:64,73,_ZN7solakon2ui10TerminalUI12format_powerB5cxx11Ef
FN:75,79,_ZN7solakon2ui10TerminalUI14format_voltageB5cxx11Ef
FN:81,85,_ZN7solakon2ui10TerminalUI14format_currentB5cxx11Ef
FN:87,104,_ZN7solakon2ui10TerminalUI13format_uptimeB5cxx11ENSt6chrono10time_pointINS2_3_V212system_clockENS2_8durationIlSt5ratioILl1ELl1000000000EEEEEE
FNDA:4,_ZN7solakon2ui10TerminalUI3barB5cxx11EffiNS0_5ColorENS0_8BarStyleE
FNDA:0,_ZN7solakon2ui10TerminalUI4initEv
FNDA:0,_ZN7solakon2ui10TerminalUI8shutdownEv
FNDA:0,_ZN7solakon2ui10TerminalUI5clearEv
FNDA:0,_ZN7solakon2ui10TerminalUI6renderERKNS_14DeviceSnapshotEi
FNDA:0,_ZN7solakon2ui10TerminalUI11draw_headerERKNS_14DeviceSnapshotE
FNDA:0,_ZN7solakon2ui10TerminalUI18draw_inverter_infoERKNS_14DeviceSnapshotE
FNDA:0,_ZN7solakon2ui10TerminalUI11draw_statusERKNS_14DeviceSnapshotE
FNDA:0,_ZN7solakon2ui10TerminalUI16draw_power_blockERKNSt7__cxx1112basic_stringIcSt11char_traitsIcESaIcEEEfi
FNDA:0,_ZN7solakon2ui10TerminalUI10draw_powerERKNS_14DeviceSnapshotE
FNDA:0,_ZN7solakon2ui10TerminalUI15draw_meter_dataERKNS_14DeviceSnapshotE
FNDA:0,_ZN7solakon2ui10TerminalUI10draw_meterERKNS_9MeterDataERKNSt7__cxx1112basic_stringIcSt11char_traitsIcESaIcEEE
FNDA:0,_ZN7solakon2ui10TerminalUI12draw_batteryERKNS_7BMSDataE
FNDA:0,_ZN7solakon2ui10TerminalUI11draw_energyERKNS_10EnergyDataE
FNDA:0,_ZN7solakon2ui10TerminalUI11draw_footerEv
FNDA:10,_ZN7solakon2ui10TerminalUI5colorENS0_5ColorES2_RKNSt7__cxx1112basic_stringIcSt11char_traitsIcESaIcEEE
FNDA:4,_ZN7solakon2ui10TerminalUI4boldENS0_5ColorERKNSt7__cxx1112basic_stringIcSt11char_traitsIcESaIcEEE
FNDA:1,_ZN7solakon2ui10TerminalUI3dimENS0_5ColorERKNSt7__cxx1112basic_stringIcSt11char_traitsIcESaIcEEE
FNDA:3,_ZN7solakon2ui10TerminalUI9separatorB5cxx11EicNS0_5ColorE
FNDA:1,_ZN7solakon2ui10TerminalUI14section_headerERKNSt7__cxx1112basic_stringIcSt11char_traitsIcESaIcEEEiNS0_5ColorE
FNDA:2,_ZN7solakon2ui10TerminalUI12status_badgeERKNSt7__cxx1112basic_stringIcSt11char_traitsIcESaIcEEEbNS0_5ColorE
FNDA:10,_ZN7solakon2ui10TerminalUI12format_powerB5cxx11Ef
FNDA:4,_ZN7solakon2ui10TerminalUI14format_voltageB5cxx11Ef
FNDA:4,_ZN7solakon2ui10TerminalUI14format_currentB5cxx11Ef
FNDA:0,_ZN7solakon2ui10TerminalUI13format_uptimeB5cxx11ENSt6chrono10time_pointINS2_3_V212system_clockENS2_8durationIlSt5ratioILl1ELl1000000000EEEEEE
FNF:25
FNH:10
DA:30,10
DA:31,10
DA:32,10
DA:33,9
DA:35,10
DA:36,10
DA:37,10
DA:38,10
DA:39,0
DA:41,4
DA:42,16
DA:45,1
DA:46,2
DA:49,3
DA:50,6
DA:53,1
DA:54,1
DA:55,1
DA:56,1
DA:57,2
DA:58,1
DA:60,2
DA:61,2
DA:64,10
DA:65,10
DA:67,5
DA:68,10
DA:71,5
DA:72,10
DA:75,4
DA:77,4
DA:78,8
DA:81,4
DA:83,4
DA:84,8
DA:87,0
DA:88,0
DA:89,0
DA:91,0
DA:92,0
DA:93,0
DA:94,0
DA:95,0
DA:96,0
DA:98,0
DA:99,0
DA:100,0
DA:101,0
DA:103,0
DA:106,4
DA:107,6
DA:108,3
DA:109,3
DA:110,3
DA:111,3
DA:113,3
DA:114,6
DA:115,3
DA:116,3
DA:117,3
DA:119,0
DA:121,0
DA:122,0
DA:123,0
DA:125,0
DA:126,0
DA:128,0
DA:129,0
DA:130,0
DA:131,0
DA:132,0
DA:134,0
DA:135,0
DA:136,0
DA:137,0
DA:138,0
DA:139,0
DA:141,0
DA:142,0
DA:143,0
DA:144,0
DA:146,0
DA:148,0
DA:149,0
DA:150,0
DA:151,0
DA:152,0
DA:153,0
DA:154,0
DA:155,0
DA:156,0
DA:157,0
DA:158,0
DA:160,0
DA:161,0
DA:162,0
DA:163,0
DA:164,0
DA:165,0
DA:167,0
DA:168,0
DA:170,0
DA:171,0
DA:173,0
DA:174,0
DA:175,0
DA:176,0
DA:178,0
DA:179,0
DA:181,0
DA:182,0
DA:183,0
DA:184,0
DA:185,0
DA:186,0
DA:187,0
DA:188,0
DA:189,0
DA:190,0
DA:191,0
DA:192,0
DA:193,0
DA:194,0
DA:195,0
DA:196,0
DA:197,0
DA:199,0
DA:200,0
DA:201,0
DA:202,0
DA:203,0
DA:205,0
DA:206,0
DA:207,0
DA:208,0
DA:209,0
DA:210,0
DA:211,0
DA:213,0
DA:214,0
DA:215,0
DA:216,0
DA:218,0
DA:219,0
DA:221,0
DA:222,0
DA:224,0
DA:225,0
DA:226,0
DA:227,0
DA:228,0
DA:229,0
DA:230,0
DA:232,0
DA:233,0
DA:234,0
DA:236,0
DA:237,0
DA:238,0
DA:239,0
DA:241,0
DA:242,0
DA:243,0
DA:245,0
DA:247,0
DA:249,0
DA:250,0
DA:251,0
DA:252,0
DA:253,0
DA:254,0
DA:256,0
DA:257,0
DA:258,0
DA:259,0
DA:260,0
DA:261,0
DA:262,0
DA:263,0
DA:264,0
DA:265,0
DA:266,0
DA:267,0
DA:268,0
DA:269,0
DA:271,0
DA:272,0
DA:273,0
DA:274,0
DA:275,0
DA:276,0
DA:277,0
DA:278,0
DA:279,0
DA:280,0
DA:281,0
DA:282,0
DA:283,0
DA:284,0
DA:285,0
DA:286,0
DA:287,0
DA:289,0
DA:290,0
DA:291,0
DA:292,0
DA:293,0
DA:294,0
DA:295,0
LF:209
LH:45
end_of_record
TN:
SF:/home/jhktimm/hermes/solakonOne/tests/test_data_structures.cpp
FN:111,122,_ZL23CATCH2_INTERNAL_TEST_46v
FN:124,128,_ZL23CATCH2_INTERNAL_TEST_48v
FN:130,139,_ZL23CATCH2_INTERNAL_TEST_50v
FN:19,24,_ZL23CATCH2_INTERNAL_TEST_32v
FN:26,37,_ZL23CATCH2_INTERNAL_TEST_34v
FN:39,53,_ZL23CATCH2_INTERNAL_TEST_36v
FN:55,59,_ZL23CATCH2_INTERNAL_TEST_38v
FN:61,73,_ZL23CATCH2_INTERNAL_TEST_40v
FN:75,92,_ZL23CATCH2_INTERNAL_TEST_42v
FN:8,17,_ZL23CATCH2_INTERNAL_TEST_30v
FN:94,109,_ZL23CATCH2_INTERNAL_TEST_44v
FNDA:1,_ZL23CATCH2_INTERNAL_TEST_46v
FNDA:1,_ZL23CATCH2_INTERNAL_TEST_48v
FNDA:1,_ZL23CATCH2_INTERNAL_TEST_50v
FNDA:1,_ZL23CATCH2_INTERNAL_TEST_32v
FNDA:1,_ZL23CATCH2_INTERNAL_TEST_34v
FNDA:1,_ZL23CATCH2_INTERNAL_TEST_36v
FNDA:1,_ZL23CATCH2_INTERNAL_TEST_38v
FNDA:1,_ZL23CATCH2_INTERNAL_TEST_40v
FNDA:1,_ZL23CATCH2_INTERNAL_TEST_42v
FNDA:1,_ZL23CATCH2_INTERNAL_TEST_30v
FNDA:1,_ZL23CATCH2_INTERNAL_TEST_44v
FNF:11
FNH:11
DA:8,1
DA:9,1
DA:10,1
DA:11,1
DA:12,1
DA:13,1
DA:14,1
DA:15,1
DA:16,1
DA:17,1
DA:19,1
DA:20,1
DA:21,1
DA:22,1
DA:23,1
DA:24,1
DA:26,1
DA:27,1
DA:28,1
DA:29,1
DA:30,1
DA:31,1
DA:32,1
DA:33,1
DA:34,1
DA:35,1
DA:36,1
DA:37,1
DA:39,1
DA:40,1
DA:41,1
DA:42,1
DA:43,1
DA:44,1
DA:45,1
DA:46,1
DA:47,1
DA:48,1
DA:49,1
DA:50,1
DA:51,1
DA:52,1
DA:53,1
DA:55,1
DA:56,1
DA:57,1
DA:58,1
DA:59,1
DA:61,1
DA:62,1
DA:63,1
DA:64,1
DA:65,1
DA:66,1
DA:67,1
DA:68,1
DA:69,1
DA:70,1
DA:71,1
DA:72,1
DA:73,1
DA:75,1
DA:76,1
DA:77,1
DA:78,1
DA:79,1
DA:80,1
DA:81,1
DA:82,1
DA:83,1
DA:85,1
DA:86,1
DA:87,1
DA:88,1
DA:89,1
DA:90,1
DA:91,1
DA:92,1
DA:94,1
DA:95,1
DA:96,1
DA:97,1
DA:98,1
DA:99,1
DA:100,1
DA:101,1
DA:102,1
DA:103,1
DA:104,1
DA:105,1
DA:106,1
DA:107,1
DA:108,1
DA:109,1
DA:111,1
DA:112,1
DA:113,1
DA:114,1
DA:115,1
DA:116,1
DA:118,1
DA:119,1
DA:120,1
DA:121,1
DA:122,1
DA:124,1
DA:125,1
DA:126,1
DA:127,1
DA:128,1
DA:130,1
DA:131,1
DA:132,1
DA:133,1
DA:134,1
DA:135,1
DA:136,1
DA:137,1
DA:138,1
DA:139,1
LF:120
LH:120
end_of_record
TN:
SF:/home/jhktimm/hermes/solakonOne/tests/test_helpers.hpp
FN:8,8,_ZL12approx_equaldd
FN:9,9,_ZL9approx_geddd
FNDA:10,_ZL12approx_equaldd
FNDA:0,_ZL9approx_geddd
FNF:2
FNH:1
DA:8,10
DA:9,0
LF:2
LH:1
end_of_record
TN:
SF:/home/jhktimm/hermes/solakonOne/tests/test_modbus_crc.cpp
FN:22,25,_ZL23CATCH2_INTERNAL_TEST_52v
FN:27,30,_ZL23CATCH2_INTERNAL_TEST_54v
FN:32,35,_ZL23CATCH2_INTERNAL_TEST_56v
FN:37,41,_ZL23CATCH2_INTERNAL_TEST_58v
FN:43,48,_ZL23CATCH2_INTERNAL_TEST_60v
FN:50,56,_ZL23CATCH2_INTERNAL_TEST_62v
FN:58,64,_ZL23CATCH2_INTERNAL_TEST_64v
FN:6,20,_ZL12crc16_modbusPKhm
FN:66,71,_ZL23CATCH2_INTERNAL_TEST_66v
FNDA:1,_ZL23CATCH2_INTERNAL_TEST_52v
FNDA:1,_ZL23CATCH2_INTERNAL_TEST_54v
FNDA:1,_ZL23CATCH2_INTERNAL_TEST_56v
FNDA:1,_ZL23CATCH2_INTERNAL_TEST_58v
FNDA:1,_ZL23CATCH2_INTERNAL_TEST_60v
FNDA:1,_ZL23CATCH2_INTERNAL_TEST_62v
FNDA:1,_ZL23CATCH2_INTERNAL_TEST_64v
FNDA:11,_ZL12crc16_modbusPKhm
FNDA:1,_ZL23CATCH2_INTERNAL_TEST_66v
FNF:9
FNH:9
DA:6,11
DA:7,11
DA:8,299
DA:9,288
DA:10,2592
DA:11,2304
DA:12,1125
DA:13,1125
DA:15,1179
DA:19,11
DA:22,1
DA:23,1
DA:24,1
DA:25,1
DA:27,1
DA:28,1
DA:29,1
DA:30,1
DA:32,1
DA:33,1
DA:34,1
DA:35,1
DA:37,1
DA:39,1
DA:40,1
DA:41,1
DA:43,1
DA:44,1
DA:45,1
DA:46,1
DA:47,1
DA:48,1
DA:50,1
DA:51,1
DA:52,1
DA:53,1
DA:54,1
DA:55,1
DA:56,1
DA:58,1
DA:59,1
DA:60,1
DA:61,1
DA:62,1
DA:63,1
DA:64,1
DA:66,1
DA:68,257
DA:69,1
DA:70,1
DA:71,1
LF:51
LH:51
end_of_record
TN:
SF:/home/jhktimm/hermes/solakonOne/tests/test_ui_formatting.cpp
FN:14,20,_ZL22CATCH2_INTERNAL_TEST_2v
FN:22,27,_ZL22CATCH2_INTERNAL_TEST_4v
FN:29,34,_ZL22CATCH2_INTERNAL_TEST_6v
FN:36,45,_ZL22CATCH2_INTERNAL_TEST_8v
FN:47,50,_ZL23CATCH2_INTERNAL_TEST_10v
FN:52,55,_ZL23CATCH2_INTERNAL_TEST_12v
FN:57,60,_ZL23CATCH2_INTERNAL_TEST_14v
FN:6,12,_ZL22CATCH2_INTERNAL_TEST_0v
FN:62,65,_ZL23CATCH2_INTERNAL_TEST_16v
FN:67,70,_ZL23CATCH2_INTERNAL_TEST_18v
FN:72,75,_ZL23CATCH2_INTERNAL_TEST_20v
FN:77,80,_ZL23CATCH2_INTERNAL_TEST_22v
FN:82,86,_ZL23CATCH2_INTERNAL_TEST_24v
FN:88,92,_ZL23CATCH2_INTERNAL_TEST_26v
FN:94,98,_ZL23CATCH2_INTERNAL_TEST_28v
FNDA:1,_ZL22CATCH2_INTERNAL_TEST_2v
FNDA:1,_ZL22CATCH2_INTERNAL_TEST_4v
FNDA:1,_ZL22CATCH2_INTERNAL_TEST_6v
FNDA:1,_ZL22CATCH2_INTERNAL_TEST_8v
FNDA:1,_ZL23CATCH2_INTERNAL_TEST_10v
FNDA:1,_ZL23CATCH2_INTERNAL_TEST_12v
FNDA:1,_ZL23CATCH2_INTERNAL_TEST_14v
FNDA:1,_ZL22CATCH2_INTERNAL_TEST_0v
FNDA:1,_ZL23CATCH2_INTERNAL_TEST_16v
FNDA:1,_ZL23CATCH2_INTERNAL_TEST_18v
FNDA:1,_ZL23CATCH2_INTERNAL_TEST_20v
FNDA:1,_ZL23CATCH2_INTERNAL_TEST_22v
FNDA:1,_ZL23CATCH2_INTERNAL_TEST_24v
FNDA:1,_ZL23CATCH2_INTERNAL_TEST_26v
FNDA:1,_ZL23CATCH2_INTERNAL_TEST_28v
FNF:15
FNH:15
DA:6,1
DA:7,1
DA:8,1
DA:9,1
DA:10,1
DA:11,1
DA:12,1
DA:14,1
DA:15,1
DA:16,1
DA:17,1
DA:18,1
DA:19,1
DA:20,1
DA:22,1
DA:23,1
DA:24,1
DA:25,1
DA:26,1
DA:27,1
DA:29,1
DA:30,1
DA:31,1
DA:32,1
DA:33,1
DA:34,1
DA:36,1
DA:37,1
DA:38,1
DA:40,1
DA:41,1
DA:43,1
DA:44,1
DA:45,1
DA:47,1
DA:48,1
DA:49,1
DA:50,1
DA:52,1
DA:53,1
DA:54,1
DA:55,1
DA:57,1
DA:58,1
DA:59,1
DA:60,1
DA:62,1
DA:63,1
DA:64,1
DA:65,1
DA:67,1
DA:68,1
DA:69,1
DA:70,1
DA:72,1
DA:73,1
DA:74,1
DA:75,1
DA:77,1
DA:78,1
DA:79,1
DA:80,1
DA:82,1
DA:83,1
DA:84,1
DA:85,1
DA:86,1
DA:88,2
DA:89,1
DA:90,1
DA:91,1
DA:92,1
DA:94,1
DA:95,1
DA:96,1
DA:97,1
DA:98,1
LF:77
LH:77
end_of_record
TN:
SF:/usr/include/c++/13/bits/alloc_traits.h
FNF:0
FNH:0
DA:482,1948
DA:517,14
DA:576,2038
DA:588,2
LF:4
LH:4
end_of_record
TN:
SF:/usr/include/c++/13/bits/allocator.h
FNF:0
FNH:0
DA:163,65
DA:168,88
DA:184,69
DA:191,1948
DA:193,0
DA:194,0
DA:195,0
DA:198,1948
DA:205,14
DA:207,0
DA:208,0
DA:210,14
LF:12
LH:7
end_of_record
TN:
SF:/usr/include/c++/13/bits/basic_string.h
FN:1071,1072,_ZNKSt7__cxx1112basic_stringIcSt11char_traitsIcESaIcEE4sizeEv
FN:1078,1079,_ZNKSt7__cxx1112basic_stringIcSt11char_traitsIcESaIcEE6lengthEv
FN:1084,1085,_ZNKSt7__cxx1112basic_stringIcSt11char_traitsIcESaIcEE8max_sizeEv
FN:1169,1173,_ZNKSt7__cxx1112basic_stringIcSt11char_traitsIcESaIcEE8capacityEv
FN:1220,1221,_ZNKSt7__cxx1112basic_stringIcSt11char_traitsIcESaIcEE5emptyEv
FN:124,137,_ZNSt7__cxx1112basic_stringIcSt11char_traitsIcESaIcEE11_S_allocateERS3_m
FN:1366,1367,_ZNSt7__cxx1112basic_stringIcSt11char_traitsIcESaIcEEpLERKS4_
FN:1376,1377,_ZNSt7__cxx1112basic_stringIcSt11char_traitsIcESaIcEEpLEPKc
FN:1424,1425,_ZNSt7__cxx1112basic_stringIcSt11char_traitsIcESaIcEE6appendERKS4_
FN:1455,1460,_ZNSt7__cxx1112basic_stringIcSt11char_traitsIcESaIcEE6appendEPKcm
FN:1469,1475,_ZNSt7__cxx1112basic_stringIcSt11char_traitsIcESaIcEE6appendEPKc
FN:1681,1686,_ZNSt7__cxx1112basic_stringIcSt11char_traitsIcESaIcEE6assignEPKc
FN:188,189,_ZNSt7__cxx1112basic_stringIcSt11char_traitsIcESaIcEE12_Alloc_hiderC1EPcRKS3_
FN:188,189,_ZNSt7__cxx1112basic_stringIcSt11char_traitsIcESaIcEE12_Alloc_hiderC2EPcRKS3_
FN:192,193,_ZNSt7__cxx1112basic_stringIcSt11char_traitsIcESaIcEE12_Alloc_hiderC1EPcOS3_
FN:1962,1967,_ZNSt7__cxx1112basic_stringIcSt11char_traitsIcESaIcEE6insertEmPKc
FN:212,213,_ZNSt7__cxx1112basic_stringIcSt11char_traitsIcESaIcEE7_M_dataEPc
FN:217,218,_ZNSt7__cxx1112basic_stringIcSt11char_traitsIcESaIcEE9_M_lengthEm
FN:2204,2210,_ZNSt7__cxx1112basic_stringIcSt11char_traitsIcESaIcEE7replaceEmmPKcm
FN:222,223,_ZNKSt7__cxx1112basic_stringIcSt11char_traitsIcESaIcEE7_M_dataEv
FN:227,234,_ZNSt7__cxx1112basic_stringIcSt11char_traitsIcESaIcEE13_M_local_dataEv
FN:238,245,_ZNKSt7__cxx1112basic_stringIcSt11char_traitsIcESaIcEE13_M_local_dataEv
FN:249,250,_ZNSt7__cxx1112basic_stringIcSt11char_traitsIcESaIcEE11_M_capacityEm
FN:254,258,_ZNSt7__cxx1112basic_stringIcSt11char_traitsIcESaIcEE13_M_set_lengthEm
FN:2595,2596,_ZNKSt7__cxx1112basic_stringIcSt11char_traitsIcESaIcEE5c_strEv
FN:2608,2609,_ZNKSt7__cxx1112basic_stringIcSt11char_traitsIcESaIcEE4dataEv
FN:262,271,_ZNKSt7__cxx1112basic_stringIcSt11char_traitsIcESaIcEE11_M_is_localEv
FN:2629,2630,_ZNKSt7__cxx1112basic_stringIcSt11char_traitsIcESaIcEE13get_allocatorEv
FN:2695,2699,_ZNKSt7__cxx1112basic_stringIcSt11char_traitsIcESaIcEE4findEPKcm
FN:280,284,_ZNSt7__cxx1112basic_stringIcSt11char_traitsIcESaIcEE10_M_disposeEv
FN:288,289,_ZNSt7__cxx1112basic_stringIcSt11char_traitsIcESaIcEE10_M_destroyEm
FN:336,337,_ZNSt7__cxx1112basic_stringIcSt11char_traitsIcESaIcEE16_M_get_allocatorEv
FN:341,342,_ZNKSt7__cxx1112basic_stringIcSt11char_traitsIcESaIcEE16_M_get_allocatorEv
FN:3528,3541,_ZSt12__str_concatINSt7__cxx1112basic_stringIcSt11char_traitsIcESaIcEEEET_PKNS6_10value_typeENS6_9size_typeES9_SA_RKNS6_14allocator_typeE
FN:3553,3560,_ZStplIcSt11char_traitsIcESaIcEENSt7__cxx1112basic_stringIT_T0_T1_EERKS8_SA_
FN:3571,3579,_ZStplIcSt11char_traitsIcESaIcEENSt7__cxx1112basic_stringIT_T0_T1_EEPKS5_RKS8_
FN:3607,3615,_ZStplIcSt11char_traitsIcESaIcEENSt7__cxx1112basic_stringIT_T0_T1_EERKS8_PKS5_
FN:3637,3639,_ZStplIcSt11char_traitsIcESaIcEENSt7__cxx1112basic_stringIT_T0_T1_EEOS8_RKS8_
FN:3674,3676,_ZStplIcSt11char_traitsIcESaIcEENSt7__cxx1112basic_stringIT_T0_T1_EEPKS5_OS8_
FN:3688,3690,_ZStplIcSt11char_traitsIcESaIcEENSt7__cxx1112basic_stringIT_T0_T1_EEOS8_PKS5_
FN:3727,3732,_ZSteqIcSt11char_traitsIcESaIcEEbRKNSt7__cxx1112basic_stringIT_T0_T1_EEPKS5_
FN:386,393,_ZNKSt7__cxx1112basic_stringIcSt11char_traitsIcESaIcEE8_M_checkEmPKc
FN:397,401,_ZNKSt7__cxx1112basic_stringIcSt11char_traitsIcESaIcEE15_M_check_lengthEmmPKc
FN:407,411,_ZNKSt7__cxx1112basic_stringIcSt11char_traitsIcESaIcEE8_M_limitEmm
FN:415,419,_ZNKSt7__cxx1112basic_stringIcSt11char_traitsIcESaIcEE11_M_disjunctEPKc
FN:425,431,_ZNSt7__cxx1112basic_stringIcSt11char_traitsIcESaIcEE7_S_copyEPcPKcm
FN:435,441,_ZNSt7__cxx1112basic_stringIcSt11char_traitsIcESaIcEE7_S_moveEPcPKcm
FN:445,451,_ZNSt7__cxx1112basic_stringIcSt11char_traitsIcESaIcEE9_S_assignEPcmc
FN:4487,4488,_ZNSt8literals15string_literalsli1sB5cxx11EPKcm
FN:482,484,_ZNSt7__cxx1112basic_stringIcSt11char_traitsIcESaIcEE13_S_copy_charsEPcPKcS7_
FN:522,528,_ZNSt7__cxx1112basic_stringIcSt11char_traitsIcESaIcEEC1Ev
FN:535,540,_ZNSt7__cxx1112basic_stringIcSt11char_traitsIcESaIcEEC2ERKS3_
FN:619,628,_ZNSt7__cxx1112basic_stringIcSt11char_traitsIcESaIcEEC2EPKcmRKS3_
FN:641,650,_ZNSt7__cxx1112basic_stringIcSt11char_traitsIcESaIcEEC1IS3_EEPKcRKS3_
FN:641,650,_ZNSt7__cxx1112basic_stringIcSt11char_traitsIcESaIcEEC2IS3_EEPKcRKS3_
FN:664,666,_ZNSt7__cxx1112basic_stringIcSt11char_traitsIcESaIcEEC2IS3_EEmcRKS3_
FN:677,698,_ZNSt7__cxx1112basic_stringIcSt11char_traitsIcESaIcEEC2EOS4_
FN:803,804,_ZNSt7__cxx1112basic_stringIcSt11char_traitsIcESaIcEED2Ev
FN:823,824,_ZNSt7__cxx1112basic_stringIcSt11char_traitsIcESaIcEEaSEPKc
FNDA:464,_ZNKSt7__cxx1112basic_stringIcSt11char_traitsIcESaIcEE4sizeEv
FNDA:83,_ZNKSt7__cxx1112basic_stringIcSt11char_traitsIcESaIcEE6lengthEv
FNDA:2038,_ZNKSt7__cxx1112basic_stringIcSt11char_traitsIcESaIcEE8max_sizeEv
FNDA:247,_ZNKSt7__cxx1112basic_stringIcSt11char_traitsIcESaIcEE8capacityEv
FNDA:9,_ZNKSt7__cxx1112basic_stringIcSt11char_traitsIcESaIcEE5emptyEv
FNDA:1948,_ZNSt7__cxx1112basic_stringIcSt11char_traitsIcESaIcEE11_S_allocateERS3_m
FNDA:16,_ZNSt7__cxx1112basic_stringIcSt11char_traitsIcESaIcEEpLERKS4_
FNDA:29,_ZNSt7__cxx1112basic_stringIcSt11char_traitsIcESaIcEEpLEPKc
FNDA:20,_ZNSt7__cxx1112basic_stringIcSt11char_traitsIcESaIcEE6appendERKS4_
FNDA:24,_ZNSt7__cxx1112basic_stringIcSt11char_traitsIcESaIcEE6appendEPKcm
FNDA:39,_ZNSt7__cxx1112basic_stringIcSt11char_traitsIcESaIcEE6appendEPKc
FNDA:0,_ZNSt7__cxx1112basic_stringIcSt11char_traitsIcESaIcEE6assignEPKc
FNDA:0,_ZNSt7__cxx1112basic_stringIcSt11char_traitsIcESaIcEE12_Alloc_hiderC1EPcRKS3_
FNDA:41,_ZNSt7__cxx1112basic_stringIcSt11char_traitsIcESaIcEE12_Alloc_hiderC2EPcRKS3_
FNDA:43,_ZNSt7__cxx1112basic_stringIcSt11char_traitsIcESaIcEE12_Alloc_hiderC1EPcOS3_
FNDA:0,_ZNSt7__cxx1112basic_stringIcSt11char_traitsIcESaIcEE6insertEmPKc
FNDA:74,_ZNSt7__cxx1112basic_stringIcSt11char_traitsIcESaIcEE7_M_dataEPc
FNDA:305,_ZNSt7__cxx1112basic_stringIcSt11char_traitsIcESaIcEE9_M_lengthEm
FNDA:0,_ZNSt7__cxx1112basic_stringIcSt11char_traitsIcESaIcEE7replaceEmmPKcm
FNDA:950,_ZNKSt7__cxx1112basic_stringIcSt11char_traitsIcESaIcEE7_M_dataEv
FNDA:101,_ZNSt7__cxx1112basic_stringIcSt11char_traitsIcESaIcEE13_M_local_dataEv
FNDA:394,_ZNKSt7__cxx1112basic_stringIcSt11char_traitsIcESaIcEE13_M_local_dataEv
FNDA:57,_ZNSt7__cxx1112basic_stringIcSt11char_traitsIcESaIcEE11_M_capacityEm
FNDA:288,_ZNSt7__cxx1112basic_stringIcSt11char_traitsIcESaIcEE13_M_set_lengthEm
FNDA:3,_ZNKSt7__cxx1112basic_stringIcSt11char_traitsIcESaIcEE5c_strEv
FNDA:26,_ZNKSt7__cxx1112basic_stringIcSt11char_traitsIcESaIcEE4dataEv
FNDA:394,_ZNKSt7__cxx1112basic_stringIcSt11char_traitsIcESaIcEE11_M_is_localEv
FNDA:2,_ZNKSt7__cxx1112basic_stringIcSt11char_traitsIcESaIcEE13get_allocatorEv
FNDA:8,_ZNKSt7__cxx1112basic_stringIcSt11char_traitsIcESaIcEE4findEPKcm
FNDA:130,_ZNSt7__cxx1112basic_stringIcSt11char_traitsIcESaIcEE10_M_disposeEv
FNDA:14,_ZNSt7__cxx1112basic_stringIcSt11char_traitsIcESaIcEE10_M_destroyEm
FNDA:1979,_ZNSt7__cxx1112basic_stringIcSt11char_traitsIcESaIcEE16_M_get_allocatorEv
FNDA:2040,_ZNKSt7__cxx1112basic_stringIcSt11char_traitsIcESaIcEE16_M_get_allocatorEv
FNDA:2,_ZSt12__str_concatINSt7__cxx1112basic_stringIcSt11char_traitsIcESaIcEEEET_PKNS6_10value_typeENS6_9size_typeES9_SA_RKNS6_14allocator_typeE
FNDA:1,_ZStplIcSt11char_traitsIcESaIcEENSt7__cxx1112basic_stringIT_T0_T1_EERKS8_SA_
FNDA:1,_ZStplIcSt11char_traitsIcESaIcEENSt7__cxx1112basic_stringIT_T0_T1_EEPKS5_RKS8_
FNDA:0,_ZStplIcSt11char_traitsIcESaIcEENSt7__cxx1112basic_stringIT_T0_T1_EERKS8_PKS5_
FNDA:4,_ZStplIcSt11char_traitsIcESaIcEENSt7__cxx1112basic_stringIT_T0_T1_EEOS8_RKS8_
FNDA:0,_ZStplIcSt11char_traitsIcESaIcEENSt7__cxx1112basic_stringIT_T0_T1_EEPKS5_OS8_
FNDA:10,_ZStplIcSt11char_traitsIcESaIcEENSt7__cxx1112basic_stringIT_T0_T1_EEOS8_PKS5_
FNDA:18,_ZSteqIcSt11char_traitsIcESaIcEEbRKNSt7__cxx1112basic_stringIT_T0_T1_EEPKS5_
FNDA:0,_ZNKSt7__cxx1112basic_stringIcSt11char_traitsIcESaIcEE8_M_checkEmPKc
FNDA:64,_ZNKSt7__cxx1112basic_stringIcSt11char_traitsIcESaIcEE15_M_check_lengthEmmPKc
FNDA:0,_ZNKSt7__cxx1112basic_stringIcSt11char_traitsIcESaIcEE8_M_limitEmm
FNDA:1,_ZNKSt7__cxx1112basic_stringIcSt11char_traitsIcESaIcEE11_M_disjunctEPKc
FNDA:193,_ZNSt7__cxx1112basic_stringIcSt11char_traitsIcESaIcEE7_S_copyEPcPKcm
FNDA:0,_ZNSt7__cxx1112basic_stringIcSt11char_traitsIcESaIcEE7_S_moveEPcPKcm
FNDA:10,_ZNSt7__cxx1112basic_stringIcSt11char_traitsIcESaIcEE9_S_assignEPcmc
FNDA:0,_ZNSt8literals15string_literalsli1sB5cxx11EPKcm
FNDA:28,_ZNSt7__cxx1112basic_stringIcSt11char_traitsIcESaIcEE13_S_copy_charsEPcPKcS7_
FNDA:26,_ZNSt7__cxx1112basic_stringIcSt11char_traitsIcESaIcEEC1Ev
FNDA:2,_ZNSt7__cxx1112basic_stringIcSt11char_traitsIcESaIcEEC2ERKS3_
FNDA:0,_ZNSt7__cxx1112basic_stringIcSt11char_traitsIcESaIcEEC2EPKcmRKS3_
FNDA:0,_ZNSt7__cxx1112basic_stringIcSt11char_traitsIcESaIcEEC1IS3_EEPKcRKS3_
FNDA:28,_ZNSt7__cxx1112basic_stringIcSt11char_traitsIcESaIcEEC2IS3_EEPKcRKS3_
FNDA:11,_ZNSt7__cxx1112basic_stringIcSt11char_traitsIcESaIcEEC2IS3_EEmcRKS3_
FNDA:17,_ZNSt7__cxx1112basic_stringIcSt11char_traitsIcESaIcEEC2EOS4_
FNDA:84,_ZNSt7__cxx1112basic_stringIcSt11char_traitsIcESaIcEED2Ev
FNDA:0,_ZNSt7__cxx1112basic_stringIcSt11char_traitsIcESaIcEEaSEPKc
FNF:59
FNH:46
DA:124,1948
DA:126,1948
DA:136,1948
DA:188,41
DA:189,41
DA:192,43
DA:193,43
DA:212,74
DA:213,74
DA:217,305
DA:218,305
DA:222,950
DA:223,950
DA:227,101
DA:230,101
DA:238,394
DA:241,394
DA:249,57
DA:250,57
DA:254,288
DA:256,288
DA:257,288
DA:258,288
DA:262,394
DA:264,394
DA:266,297
DA:267,0
DA:268,297
DA:270,97
DA:280,130
DA:282,130
DA:283,14
DA:284,130
DA:288,14
DA:289,14
DA:336,1979
DA:337,1979
DA:341,2040
DA:342,2040
DA:351,94
DA:352,0
DA:353,0
DA:355,94
DA:365,17
DA:386,0
DA:388,0
DA:389,0
DA:392,0
DA:397,64
DA:399,64
DA:400,0
DA:401,64
DA:407,0
DA:409,0
DA:410,0
DA:415,1
DA:417,1
DA:418,1
DA:425,193
DA:427,193
DA:428,36
DA:430,157
DA:431,193
DA:435,0
DA:437,0
DA:438,0
DA:440,0
DA:441,0
DA:445,10
DA:447,10
DA:448,0
DA:450,10
DA:451,10
DA:482,28
DA:484,28
DA:522,26
DA:524,78
DA:527,26
DA:528,26
DA:535,2
DA:536,2
DA:539,2
DA:540,2
DA:619,0
DA:621,0
DA:624,0
DA:625,0
DA:627,0
DA:628,0
DA:641,28
DA:642,28
DA:645,28
DA:646,0
DA:648,28
DA:649,28
DA:650,28
DA:664,11
DA:665,11
DA:666,11
DA:677,17
DA:678,17
DA:680,17
DA:683,9
DA:684,9
DA:688,8
DA:689,8
DA:695,17
DA:696,17
DA:697,17
DA:698,17
DA:803,84
DA:804,84
DA:823,0
DA:824,0
DA:1071,464
DA:1072,464
DA:1078,83
DA:1079,83
DA:1084,2038
DA:1085,4076
DA:1169,247
DA:1171,247
DA:1172,247
DA:1220,9
DA:1221,9
DA:1366,16
DA:1367,16
DA:1376,29
DA:1377,29
DA:1424,20
DA:1425,20
DA:1455,24
DA:1458,24
DA:1459,24
DA:1469,39
DA:1472,39
DA:1473,39
DA:1474,39
DA:1681,0
DA:1684,0
DA:1685,0
DA:1962,0
DA:1965,0
DA:1966,0
DA:2204,0
DA:2208,0
DA:2209,0
DA:2595,3
DA:2596,3
DA:2608,26
DA:2609,26
DA:2629,2
DA:2630,4
DA:2695,8
DA:2698,8
DA:3528,2
DA:3536,2
DA:3537,2
DA:3538,2
DA:3539,2
DA:3540,2
DA:3541,0
DA:3553,1
DA:3559,2
DA:3571,1
DA:3578,2
DA:3607,0
DA:3614,0
DA:3637,4
DA:3639,4
DA:3674,0
DA:3676,0
DA:3688,10
DA:3690,10
DA:3727,18
DA:3730,18
DA:3731,18
DA:4487,0
DA:4488,0
LF:179
LH:137
end_of_record
TN:
SF:/usr/include/c++/13/bits/basic_string.tcc
FN:138,160,_ZNSt7__cxx1112basic_stringIcSt11char_traitsIcESaIcEE9_M_createERmm
FN:221,252,_ZNSt7__cxx1112basic_stringIcSt11char_traitsIcESaIcEE12_M_constructIPKcEEvT_S8_St20forward_iterator_tag
FN:239,239,_ZZNSt7__cxx1112basic_stringIcSt11char_traitsIcESaIcEE12_M_constructIPKcEEvT_S8_St20forward_iterator_tagEN6_GuardC2EPS4_
FN:242,242,_ZZNSt7__cxx1112basic_stringIcSt11char_traitsIcESaIcEE12_M_constructIPKcEEvT_S8_St20forward_iterator_tagEN6_GuardD2Ev
FN:257,272,_ZNSt7__cxx1112basic_stringIcSt11char_traitsIcESaIcEE12_M_constructEmc
FN:304,320,_ZNSt7__cxx1112basic_stringIcSt11char_traitsIcESaIcEE7reserveEm
FN:325,345,_ZNSt7__cxx1112basic_stringIcSt11char_traitsIcESaIcEE9_M_mutateEmmPKcm
FN:413,428,_ZNSt7__cxx1112basic_stringIcSt11char_traitsIcESaIcEE9_M_appendEPKcm
FN:511,552,_ZNSt7__cxx1112basic_stringIcSt11char_traitsIcESaIcEE10_M_replaceEmmPKcm
FN:618,650,_ZNKSt7__cxx1112basic_stringIcSt11char_traitsIcESaIcEE4findEPKcmm
FN:655,669,_ZNKSt7__cxx1112basic_stringIcSt11char_traitsIcESaIcEE4findEcm
FNDA:1948,_ZNSt7__cxx1112basic_stringIcSt11char_traitsIcESaIcEE9_M_createERmm
FNDA:28,_ZNSt7__cxx1112basic_stringIcSt11char_traitsIcESaIcEE12_M_constructIPKcEEvT_S8_St20forward_iterator_tag
FNDA:28,_ZZNSt7__cxx1112basic_stringIcSt11char_traitsIcESaIcEE12_M_constructIPKcEEvT_S8_St20forward_iterator_tagEN6_GuardC2EPS4_
FNDA:28,_ZZNSt7__cxx1112basic_stringIcSt11char_traitsIcESaIcEE12_M_constructIPKcEEvT_S8_St20forward_iterator_tagEN6_GuardD2Ev
FNDA:15,_ZNSt7__cxx1112basic_stringIcSt11char_traitsIcESaIcEE12_M_constructEmc
FNDA:36,_ZNSt7__cxx1112basic_stringIcSt11char_traitsIcESaIcEE7reserveEm
FNDA:11,_ZNSt7__cxx1112basic_stringIcSt11char_traitsIcESaIcEE9_M_mutateEmmPKcm
FNDA:199,_ZNSt7__cxx1112basic_stringIcSt11char_traitsIcESaIcEE9_M_appendEPKcm
FNDA:1,_ZNSt7__cxx1112basic_stringIcSt11char_traitsIcESaIcEE10_M_replaceEmmPKcm
FNDA:8,_ZNKSt7__cxx1112basic_stringIcSt11char_traitsIcESaIcEE4findEPKcmm
FNDA:2,_ZNKSt7__cxx1112basic_stringIcSt11char_traitsIcESaIcEE4findEcm
FNF:11
FNH:11
DA:138,1948
DA:143,1948
DA:144,0
DA:149,1948
DA:151,26
DA:153,26
DA:154,0
DA:159,1948
DA:221,28
DA:225,28
DA:227,28
DA:229,0
DA:230,0
DA:239,28
DA:242,28
DA:245,28
DA:247,28
DA:249,28
DA:251,28
DA:252,28
DA:257,15
DA:260,15
DA:262,3
DA:263,3
DA:268,15
DA:269,10
DA:271,15
DA:272,15
DA:304,36
DA:307,36
DA:312,36
DA:313,1
DA:315,35
DA:316,35
DA:317,35
DA:318,35
DA:319,35
DA:325,11
DA:329,11
DA:331,11
DA:332,11
DA:334,11
DA:335,10
DA:336,11
DA:337,11
DA:338,11
DA:339,0
DA:340,0
DA:342,11
DA:343,11
DA:344,11
DA:345,11
DA:413,199
DA:416,199
DA:418,199
DA:420,188
DA:421,109
DA:424,11
DA:426,199
DA:427,199
DA:511,1
DA:515,1
DA:517,1
DA:518,1
DA:520,1
DA:522,1
DA:524,1
DA:526,1
DA:528,0
DA:529,0
DA:530,0
DA:531,0
DA:532,0
DA:533,0
DA:537,1
DA:539,1
DA:540,0
DA:541,1
DA:542,0
DA:545,0
DA:548,0
DA:550,1
DA:551,1
DA:618,8
DA:623,8
DA:625,8
DA:626,0
DA:627,8
DA:628,0
DA:630,8
DA:631,8
DA:632,8
DA:633,8
DA:634,8
DA:636,8
DA:639,8
DA:640,8
DA:641,0
DA:645,8
DA:646,8
DA:647,0
DA:649,0
DA:655,2
DA:658,2
DA:659,2
DA:660,2
DA:662,2
DA:663,2
DA:664,2
DA:665,2
DA:666,2
DA:668,2
LF:112
LH:91
end_of_record
TN:
SF:/usr/include/c++/13/bits/char_traits.h
FN:136,137,_ZN9__gnu_cxx11char_traitsIcE2eqERKcS3_
FN:199,206,_ZN9__gnu_cxx11char_traitsIcE6lengthEPKc
FN:210,217,_ZN9__gnu_cxx11char_traitsIcE4findEPKcmRS2_
FN:222,248,_ZN9__gnu_cxx11char_traitsIcE4moveEPcPKcm
FN:253,268,_ZN9__gnu_cxx11char_traitsIcE4copyEPcPKcm
FN:273,300,_ZN9__gnu_cxx11char_traitsIcE6assignEPcmc
FN:351,359,_ZNSt11char_traitsIcE6assignERcRKc
FN:366,371,_ZNSt11char_traitsIcE2ltERKcS2_
FN:374,390,_ZNSt11char_traitsIcE7compareEPKcS2_m
FN:393,400,_ZNSt11char_traitsIcE6lengthEPKc
FN:403,412,_ZNSt11char_traitsIcE4findEPKcmRS1_
FN:415,424,_ZNSt11char_traitsIcE4moveEPcPKcm
FN:427,436,_ZNSt11char_traitsIcE4copyEPcPKcm
FN:439,448,_ZNSt11char_traitsIcE6assignEPcmc
FNDA:0,_ZN9__gnu_cxx11char_traitsIcE2eqERKcS3_
FNDA:0,_ZN9__gnu_cxx11char_traitsIcE6lengthEPKc
FNDA:0,_ZN9__gnu_cxx11char_traitsIcE4findEPKcmRS2_
FNDA:0,_ZN9__gnu_cxx11char_traitsIcE4moveEPcPKcm
FNDA:0,_ZN9__gnu_cxx11char_traitsIcE4copyEPcPKcm
FNDA:0,_ZN9__gnu_cxx11char_traitsIcE6assignEPcmc
FNDA:324,_ZNSt11char_traitsIcE6assignERcRKc
FNDA:0,_ZNSt11char_traitsIcE2ltERKcS2_
FNDA:26,_ZNSt11char_traitsIcE7compareEPKcS2_m
FNDA:94,_ZNSt11char_traitsIcE6lengthEPKc
FNDA:10,_ZNSt11char_traitsIcE4findEPKcmRS1_
FNDA:0,_ZNSt11char_traitsIcE4moveEPcPKcm
FNDA:166,_ZNSt11char_traitsIcE4copyEPcPKcm
FNDA:10,_ZNSt11char_traitsIcE6assignEPcmc
FNF:14
FNH:6
DA:136,0
DA:137,0
DA:199,0
DA:202,0
DA:203,0
DA:204,0
DA:205,0
DA:210,0
DA:213,0
DA:214,0
DA:215,0
DA:216,0
DA:222,0
DA:225,0
DA:226,0
DA:228,0
DA:242,0
DA:243,0
DA:246,0
DA:247,0
DA:253,0
DA:256,0
DA:257,0
DA:259,0
DA:261,0
DA:262,0
DA:263,0
DA:266,0
DA:267,0
DA:273,0
DA:277,0
DA:279,0
DA:280,0
DA:281,0
DA:287,0
DA:290,0
DA:291,0
DA:299,0
DA:351,324
DA:354,324
DA:355,0
DA:358,324
DA:359,324
DA:366,0
DA:369,0
DA:370,0
DA:374,26
DA:376,26
DA:377,0
DA:379,26
DA:381,0
DA:382,0
DA:383,0
DA:384,0
DA:385,0
DA:386,0
DA:389,26
DA:393,94
DA:396,94
DA:397,0
DA:399,94
DA:403,10
DA:405,10
DA:406,0
DA:408,10
DA:409,0
DA:411,10
DA:415,0
DA:417,0
DA:418,0
DA:420,0
DA:421,0
DA:423,0
DA:427,166
DA:429,166
DA:430,0
DA:432,166
DA:433,0
DA:435,166
DA:439,10
DA:441,10
DA:442,0
DA:444,10
DA:445,0
DA:447,10
LF:85
LH:23
end_of_record
TN:
SF:/usr/include/c++/13/bits/chrono.h
FN:1141,1143,_ZNSt6chronomiINS_3_V212system_clockENS_8durationIlSt5ratioILl1ELl1000000000EEEES6_EENSt11common_typeIJT0_T1_EE4typeERKNS_10time_pointIT_S8_EERKNSC_ISD_S9_EE
FN:208,213,_ZNSt6chrono20__duration_cast_implINS_8durationIlSt5ratioILl1ELl1EEEES2_ILl1ELl1000000000EElLb1ELb0EE6__castIlS5_EES4_RKNS1_IT_T0_EE
FN:273,291,_ZNSt6chrono13duration_castINS_8durationIlSt5ratioILl1ELl1EEEElS2_ILl1ELl1000000000EEEENSt9enable_ifIXsrNS_13__is_durationIT_EE5valueES8_E4typeERKNS1_IT0_T1_EE
FN:573,574,_ZNSt6chrono8durationIlSt5ratioILl1ELl1000000000EEEC1IlvEERKT_
FN:573,574,_ZNSt6chrono8durationIlSt5ratioILl1ELl1EEEC1IlvEERKT_
FN:589,590,_ZNKSt6chrono8durationIlSt5ratioILl1ELl1000000000EEE5countEv
FN:589,590,_ZNKSt6chrono8durationIlSt5ratioILl1ELl1EEE5countEv
FN:710,717,_ZNSt6chronomiIlSt5ratioILl1ELl1000000000EElS2_EENSt11common_typeIJNS_8durationIT_T0_EENS4_IT1_T2_EEEE4typeERKS7_RKSA_
FN:949,950,_ZNKSt6chrono10time_pointINS_3_V212system_clockENS_8durationIlSt5ratioILl1ELl1000000000EEEEE16time_since_epochEv
FNDA:0,_ZNSt6chronomiINS_3_V212system_clockENS_8durationIlSt5ratioILl1ELl1000000000EEEES6_EENSt11common_typeIJT0_T1_EE4typeERKNS_10time_pointIT_S8_EERKNSC_ISD_S9_EE
FNDA:0,_ZNSt6chrono20__duration_cast_implINS_8durationIlSt5ratioILl1ELl1EEEES2_ILl1ELl1000000000EElLb1ELb0EE6__castIlS5_EES4_RKNS1_IT_T0_EE
FNDA:0,_ZNSt6chrono13duration_castINS_8durationIlSt5ratioILl1ELl1EEEElS2_ILl1ELl1000000000EEEENSt9enable_ifIXsrNS_13__is_durationIT_EE5valueES8_E4typeERKNS1_IT0_T1_EE
FNDA:0,_ZNSt6chrono8durationIlSt5ratioILl1ELl1000000000EEEC1IlvEERKT_
FNDA:0,_ZNSt6chrono8durationIlSt5ratioILl1ELl1EEEC1IlvEERKT_
FNDA:0,_ZNKSt6chrono8durationIlSt5ratioILl1ELl1000000000EEE5countEv
FNDA:0,_ZNKSt6chrono8durationIlSt5ratioILl1ELl1EEE5countEv
FNDA:0,_ZNSt6chronomiIlSt5ratioILl1ELl1000000000EElS2_EENSt11common_typeIJNS_8durationIT_T0_EENS4_IT1_T2_EEEE4typeERKS7_RKSA_
FNDA:0,_ZNKSt6chrono10time_pointINS_3_V212system_clockENS_8durationIlSt5ratioILl1ELl1000000000EEEEE16time_since_epochEv
FNF:9
FNH:0
DA:208,0
DA:211,0
DA:212,0
DA:273,0
DA:287,0
DA:573,0
DA:574,0
DA:589,0
DA:590,0
DA:710,0
DA:716,0
DA:949,0
DA:950,0
DA:1141,0
DA:1143,0
LF:15
LH:0
end_of_record
TN:
SF:/usr/include/c++/13/bits/move.h
FN:138,139,_ZSt9addressofIKcEPT_RS1_
FN:138,139,_ZSt9addressofIcEPT_RS0_
FN:51,52,_ZSt11__addressofIKcEPT_RS1_
FN:51,52,_ZSt11__addressofIcEPT_RS0_
FN:70,71,_ZSt7forwardIRKcEOT_RNSt16remove_referenceIS2_E4typeE
FN:70,71,_ZSt7forwardIRcEOT_RNSt16remove_referenceIS1_E4typeE
FN:97,98,_ZSt4moveIRNSt7__cxx1112basic_stringIcSt11char_traitsIcESaIcEEEEONSt16remove_referenceIT_E4typeEOS8_
FN:97,98,_ZSt4moveIRSaIcEEONSt16remove_referenceIT_E4typeEOS3_
FNDA:394,_ZSt9addressofIKcEPT_RS1_
FNDA:101,_ZSt9addressofIcEPT_RS0_
FNDA:394,_ZSt11__addressofIKcEPT_RS1_
FNDA:101,_ZSt11__addressofIcEPT_RS0_
FNDA:0,_ZSt7forwardIRKcEOT_RNSt16remove_referenceIS2_E4typeE
FNDA:0,_ZSt7forwardIRcEOT_RNSt16remove_referenceIS1_E4typeE
FNDA:14,_ZSt4moveIRNSt7__cxx1112basic_stringIcSt11char_traitsIcESaIcEEEEONSt16remove_referenceIT_E4typeEOS8_
FNDA:60,_ZSt4moveIRSaIcEEONSt16remove_referenceIT_E4typeEOS3_
FNF:8
FNH:6
DA:51,495
DA:52,495
DA:70,0
DA:71,0
DA:97,74
DA:98,74
DA:138,495
DA:139,495
LF:8
LH:6
end_of_record
TN:
SF:/usr/include/c++/13/bits/new_allocator.h
FN:126,152,_ZNSt15__new_allocatorIcE8allocateEmPKv
FN:156,173,_ZNSt15__new_allocatorIcE10deallocateEPcm
FNDA:1948,_ZNSt15__new_allocatorIcE8allocateEmPKv
FNDA:14,_ZNSt15__new_allocatorIcE10deallocateEPcm
FNF:2
FNH:2
DA:88,64
DA:92,88
DA:126,1948
DA:134,1948
DA:140,0
DA:151,1948
DA:156,14
DA:172,14
DA:233,1948
LF:9
LH:8
end_of_record
TN:
SF:/usr/include/c++/13/bits/ptr_traits.h
FN:141,142,_ZNSt19__ptr_traits_ptr_toIPKcS0_Lb0EE10pointer_toERS0_
FN:141,142,_ZNSt19__ptr_traits_ptr_toIPccLb0EE10pointer_toERc
FNDA:394,_ZNSt19__ptr_traits_ptr_toIPKcS0_Lb0EE10pointer_toERS0_
FNDA:101,_ZNSt19__ptr_traits_ptr_toIPccLb0EE10pointer_toERc
FNF:2
FNH:2
DA:141,495
DA:142,495
LF:2
LH:2
end_of_record
TN:
SF:/usr/include/c++/13/bits/stl_algobase.h
FN:233,241,_ZSt3minIfERKT_S2_S2_
FNDA:3,_ZSt3minIfERKT_S2_S2_
FNF:1
FNH:1
DA:233,3
DA:238,3
DA:239,0
DA:240,3
LF:4
LH:3
end_of_record
TN:
SF:/usr/include/c++/13/bits/stl_construct.h
FN:94,97,_ZSt12construct_atIcJRKcEEDTgsnwcvPvLi0E_T_pispcl7declvalIT0_EEEEPS3_DpOS4_
FN:94,97,_ZSt12construct_atIcJRcEEDTgsnwcvPvLi0E_T_pispcl7declvalIT0_EEEEPS2_DpOS3_
FNDA:0,_ZSt12construct_atIcJRKcEEDTgsnwcvPvLi0E_T_pispcl7declvalIT0_EEEEPS3_DpOS4_
FNDA:0,_ZSt12construct_atIcJRcEEDTgsnwcvPvLi0E_T_pispcl7declvalIT0_EEEEPS2_DpOS3_
FNF:2
FNH:0
DA:94,0
DA:97,0
LF:2
LH:0
end_of_record
TN:
SF:/usr/include/c++/13/bits/stl_function.h
FN:451,458,_ZNKSt4lessIPKcEclES1_S1_
FNDA:2,_ZNKSt4lessIPKcEclES1_S1_
FNF:1
FNH:1
DA:451,2
DA:454,2
DA:455,0
DA:457,2
LF:4
LH:3
end_of_record
TN:
SF:/usr/include/c++/13/bits/stl_iterator_base_funcs.h
FNF:0
FNH:0
DA:106,28
DA:151,56
DA:152,56
LF:3
LH:3
end_of_record
TN:
SF:/usr/include/c++/13/bits/stl_iterator_base_types.h
FNF:0
FNH:0
DA:240,28
LF:1
LH:1
end_of_record
TN:
SF:/usr/include/c++/13/cmath
FN:2482,2483,_ZSt5roundf
FNDA:3,_ZSt5roundf
FNF:1
FNH:1
DA:2482,3
DA:2483,3
LF:2
LH:2
end_of_record
TN:
SF:/usr/include/c++/13/ext/alloc_traits.h
FNF:0
FNH:0
DA:98,2
LF:1
LH:1
end_of_record
TN:
SF:/usr/include/c++/13/new
FN:174,175,_ZnwmPv
FNDA:0,_ZnwmPv
FNF:1
FNH:0
DA:174,0
DA:175,0
LF:2
LH:0
end_of_record
TN:
SF:/usr/include/c++/13/type_traits
FN:3649,3656,_ZSt21is_constant_evaluatedv
FNDA:95,_ZSt21is_constant_evaluatedv
FNF:1
FNH:1
DA:3649,95
DA:3654,95
LF:2
LH:2
end_of_record
TN:
SF:/usr/include/catch2/catch_tostring.hpp
FN:124,130,_ZN5Catch11StringMakerItvE7convertItEENSt9enable_ifIXsrNS_6Detail18IsStreamInsertableIT_EE5valueENSt7__cxx1112basic_stringIcSt11char_traitsIcESaIcEEEE4typeERKS6_
FN:149,151,_ZN5Catch6Detail9stringifyIA10_cEENSt7__cxx1112basic_stringIcSt11char_traitsIcESaIcEEERKT_
FN:149,151,_ZN5Catch6Detail9stringifyIA4_cEENSt7__cxx1112basic_stringIcSt11char_traitsIcESaIcEEERKT_
FN:149,151,_ZN5Catch6Detail9stringifyIA6_cEENSt7__cxx1112basic_stringIcSt11char_traitsIcESaIcEEERKT_
FN:149,151,_ZN5Catch6Detail9stringifyIA7_cEENSt7__cxx1112basic_stringIcSt11char_traitsIcESaIcEEERKT_
FN:149,151,_ZN5Catch6Detail9stringifyIA8_cEENSt7__cxx1112basic_stringIcSt11char_traitsIcESaIcEEERKT_
FN:149,151,_ZN5Catch6Detail9stringifyIA9_cEENSt7__cxx1112basic_stringIcSt11char_traitsIcESaIcEEERKT_
FN:149,151,_ZN5Catch6Detail9stringifyINSt7__cxx1112basic_stringIcSt11char_traitsIcESaIcEEEEES7_RKT_
FN:149,151,_ZN5Catch6Detail9stringifyIbEENSt7__cxx1112basic_stringIcSt11char_traitsIcESaIcEEERKT_
FN:149,151,_ZN5Catch6Detail9stringifyIfEENSt7__cxx1112basic_stringIcSt11char_traitsIcESaIcEEERKT_
FN:149,151,_ZN5Catch6Detail9stringifyIiEENSt7__cxx1112basic_stringIcSt11char_traitsIcESaIcEEERKT_
FN:149,151,_ZN5Catch6Detail9stringifyIjEENSt7__cxx1112basic_stringIcSt11char_traitsIcESaIcEEERKT_
FN:149,151,_ZN5Catch6Detail9stringifyImEENSt7__cxx1112basic_stringIcSt11char_traitsIcESaIcEEERKT_
FN:149,151,_ZN5Catch6Detail9stringifyItEENSt7__cxx1112basic_stringIcSt11char_traitsIcESaIcEEERKT_
FN:215,218,_ZN5Catch11StringMakerIA10_cvE7convertB5cxx11EPKc
FN:215,218,_ZN5Catch11StringMakerIA4_cvE7convertB5cxx11EPKc
FN:215,218,_ZN5Catch11StringMakerIA6_cvE7convertB5cxx11EPKc
FN:215,218,_ZN5Catch11StringMakerIA7_cvE7convertB5cxx11EPKc
FN:215,218,_ZN5Catch11StringMakerIA8_cvE7convertB5cxx11EPKc
FN:215,218,_ZN5Catch11StringMakerIA9_cvE7convertB5cxx11EPKc
FN:270,273,_ZN5Catch11StringMakerIbvE7convertB5cxx11Eb
FN:43,49,_ZN5Catch6Detail13catch_strnlenEPKcm
FNDA:0,_ZN5Catch11StringMakerItvE7convertItEENSt9enable_ifIXsrNS_6Detail18IsStreamInsertableIT_EE5valueENSt7__cxx1112basic_stringIcSt11char_traitsIcESaIcEEEE4typeERKS6_
FNDA:0,_ZN5Catch6Detail9stringifyIA10_cEENSt7__cxx1112basic_stringIcSt11char_traitsIcESaIcEEERKT_
FNDA:0,_ZN5Catch6Detail9stringifyIA4_cEENSt7__cxx1112basic_stringIcSt11char_traitsIcESaIcEEERKT_
FNDA:0,_ZN5Catch6Detail9stringifyIA6_cEENSt7__cxx1112basic_stringIcSt11char_traitsIcESaIcEEERKT_
FNDA:0,_ZN5Catch6Detail9stringifyIA7_cEENSt7__cxx1112basic_stringIcSt11char_traitsIcESaIcEEERKT_
FNDA:0,_ZN5Catch6Detail9stringifyIA8_cEENSt7__cxx1112basic_stringIcSt11char_traitsIcESaIcEEERKT_
FNDA:0,_ZN5Catch6Detail9stringifyIA9_cEENSt7__cxx1112basic_stringIcSt11char_traitsIcESaIcEEERKT_
FNDA:0,_ZN5Catch6Detail9stringifyINSt7__cxx1112basic_stringIcSt11char_traitsIcESaIcEEEEES7_RKT_
FNDA:0,_ZN5Catch6Detail9stringifyIbEENSt7__cxx1112basic_stringIcSt11char_traitsIcESaIcEEERKT_
FNDA:0,_ZN5Catch6Detail9stringifyIfEENSt7__cxx1112basic_stringIcSt11char_traitsIcESaIcEEERKT_
FNDA:0,_ZN5Catch6Detail9stringifyIiEENSt7__cxx1112basic_stringIcSt11char_traitsIcESaIcEEERKT_
FNDA:0,_ZN5Catch6Detail9stringifyIjEENSt7__cxx1112basic_stringIcSt11char_traitsIcESaIcEEERKT_
FNDA:0,_ZN5Catch6Detail9stringifyImEENSt7__cxx1112basic_stringIcSt11char_traitsIcESaIcEEERKT_
FNDA:0,_ZN5Catch6Detail9stringifyItEENSt7__cxx1112basic_stringIcSt11char_traitsIcESaIcEEERKT_
FNDA:0,_ZN5Catch11StringMakerIA10_cvE7convertB5cxx11EPKc
FNDA:0,_ZN5Catch11StringMakerIA4_cvE7convertB5cxx11EPKc
FNDA:0,_ZN5Catch11StringMakerIA6_cvE7convertB5cxx11EPKc
FNDA:0,_ZN5Catch11StringMakerIA7_cvE7convertB5cxx11EPKc
FNDA:0,_ZN5Catch11StringMakerIA8_cvE7convertB5cxx11EPKc
FNDA:0,_ZN5Catch11StringMakerIA9_cvE7convertB5cxx11EPKc
FNDA:0,_ZN5Catch11StringMakerIbvE7convertB5cxx11Eb
FNDA:0,_ZN5Catch6Detail13catch_strnlenEPKcm
FNF:22
FNH:0
DA:43,0
DA:44,0
DA:45,0
DA:46,0
DA:48,0
DA:124,0
DA:125,0
DA:128,0
DA:129,0
DA:130,0
DA:149,0
DA:150,0
DA:215,0
DA:217,0
DA:270,0
DA:272,0
LF:16
LH:0
end_of_record
TN:
SF:/usr/include/catch2/internal/catch_assertion_handler.hpp
FN:37,41,_ZN5Catch16AssertionHandlerD2Ev
FN:45,47,_ZN5Catch16AssertionHandler10handleExprIbEEvRKNS_7ExprLhsIT_EE
FNDA:118,_ZN5Catch16AssertionHandlerD2Ev
FNDA:24,_ZN5Catch16AssertionHandler10handleExprIbEEvRKNS_7ExprLhsIT_EE
FNF:2
FNH:2
DA:37,118
DA:38,118
DA:39,0
DA:41,118
DA:45,24
DA:46,24
DA:47,24
LF:7
LH:6
end_of_record
TN:
SF:/usr/include/catch2/internal/catch_decomposer.hpp
FN:152,154,_ZNK5Catch9UnaryExprIbE29streamReconstructedExpressionERSo
FN:157,160,_ZN5Catch9UnaryExprIbEC2Eb
FN:168,168,_ZN5Catch7ExprLhsIRKNSt7__cxx1112basic_stringIcSt11char_traitsIcESaIcEEEEC2ES8_
FN:168,168,_ZN5Catch7ExprLhsIbEC2Eb
FN:168,168,_ZN5Catch7ExprLhsIfEC2Ef
FN:168,168,_ZN5Catch7ExprLhsIjEC2Ej
FN:168,168,_ZN5Catch7ExprLhsImEC2Em
FN:168,168,_ZN5Catch7ExprLhsItEC2Et
FN:218,218,_ZN5CatcheqIRA10_KcEENSt9enable_ifIXsrSt11conjunctionIJNS_6Detail16is_eq_comparableIRKNSt7__cxx1112basic_stringIcSt11char_traitsIcESaIcEEET_vEESt8negationISt13is_arithmeticINSt16remove_referenceISG_E4typeEEEEE5valueENS_10BinaryExprISF_RKSG_EEE4typeEONS_7ExprLhsISF_EEOSG_
FN:218,218,_ZN5CatcheqIRA4_KcEENSt9enable_ifIXsrSt11conjunctionIJNS_6Detail16is_eq_comparableIRKNSt7__cxx1112basic_stringIcSt11char_traitsIcESaIcEEET_vEESt8negationISt13is_arithmeticINSt16remove_referenceISG_E4typeEEEEE5valueENS_10BinaryExprISF_RKSG_EEE4typeEONS_7ExprLhsISF_EEOSG_
FN:218,218,_ZN5CatcheqIRA6_KcEENSt9enable_ifIXsrSt11conjunctionIJNS_6Detail16is_eq_comparableIRKNSt7__cxx1112basic_stringIcSt11char_traitsIcESaIcEEET_vEESt8negationISt13is_arithmeticINSt16remove_referenceISG_E4typeEEEEE5valueENS_10BinaryExprISF_RKSG_EEE4typeEONS_7ExprLhsISF_EEOSG_
FN:218,218,_ZN5CatcheqIRA7_KcEENSt9enable_ifIXsrSt11conjunctionIJNS_6Detail16is_eq_comparableIRKNSt7__cxx1112basic_stringIcSt11char_traitsIcESaIcEEET_vEESt8negationISt13is_arithmeticINSt16remove_referenceISG_E4typeEEEEE5valueENS_10BinaryExprISF_RKSG_EEE4typeEONS_7ExprLhsISF_EEOSG_
FN:218,218,_ZN5CatcheqIRA8_KcEENSt9enable_ifIXsrSt11conjunctionIJNS_6Detail16is_eq_comparableIRKNSt7__cxx1112basic_stringIcSt11char_traitsIcESaIcEEET_vEESt8negationISt13is_arithmeticINSt16remove_referenceISG_E4typeEEEEE5valueENS_10BinaryExprISF_RKSG_EEE4typeEONS_7ExprLhsISF_EEOSG_
FN:218,218,_ZN5CatcheqIRA9_KcEENSt9enable_ifIXsrSt11conjunctionIJNS_6Detail16is_eq_comparableIRKNSt7__cxx1112basic_stringIcSt11char_traitsIcESaIcEEET_vEESt8negationISt13is_arithmeticINSt16remove_referenceISG_E4typeEEEEE5valueENS_10BinaryExprISF_RKSG_EEE4typeEONS_7ExprLhsISF_EEOSG_
FN:218,218,_ZN5CatcheqIfEENSt9enable_ifIXsrSt11conjunctionIJNS_6Detail16is_eq_comparableIfT_vEESt13is_arithmeticIS5_EEE5valueENS_10BinaryExprIfS5_EEE4typeEONS_7ExprLhsIfEES5_
FN:218,218,_ZN5CatcheqIiEENSt9enable_ifIXsrSt11conjunctionIJNS_6Detail16is_eq_comparableIjT_vEESt13is_arithmeticIS5_EEE5valueENS_10BinaryExprIjS5_EEE4typeEONS_7ExprLhsIjEES5_
FN:218,218,_ZN5CatcheqIiEENSt9enable_ifIXsrSt11conjunctionIJNS_6Detail16is_eq_comparableItT_vEESt13is_arithmeticIS5_EEE5valueENS_10BinaryExprItS5_EEE4typeEONS_7ExprLhsItEES5_
FN:218,218,_ZN5CatcheqItEENSt9enable_ifIXsrSt11conjunctionIJNS_6Detail16is_eq_comparableItT_vEESt13is_arithmeticIS5_EEE5valueENS_10BinaryExprItS5_EEE4typeEONS_7ExprLhsItEES5_
FN:219,219,_ZN5CatchneImEENSt9enable_ifIXsrSt11conjunctionIJNS_6Detail16is_ne_comparableImT_vEESt13is_arithmeticIS5_EEE5valueENS_10BinaryExprImS5_EEE4typeEONS_7ExprLhsImEES5_
FN:219,219,_ZN5CatchneItEENSt9enable_ifIXsrSt11conjunctionIJNS_6Detail16is_ne_comparableItT_vEESt13is_arithmeticIS5_EEE5valueENS_10BinaryExprItS5_EEE4typeEONS_7ExprLhsItEES5_
FN:312,314,_ZNK5Catch7ExprLhsIbE13makeUnaryExprEv
FN:319,321,_ZN5CatchleINSt7__cxx1112basic_stringIcSt11char_traitsIcESaIcEEELi0EEENS_7ExprLhsIRKT_EEONS_10DecomposerEOS8_
FN:324,326,_ZN5CatchleIbLi0EEENS_7ExprLhsIT_EEONS_10DecomposerES2_
FN:324,326,_ZN5CatchleIfLi0EEENS_7ExprLhsIT_EEONS_10DecomposerES2_
FN:324,326,_ZN5CatchleIjLi0EEENS_7ExprLhsIT_EEONS_10DecomposerES2_
FN:324,326,_ZN5CatchleImLi0EEENS_7ExprLhsIT_EEONS_10DecomposerES2_
FN:324,326,_ZN5CatchleItLi0EEENS_7ExprLhsIT_EEONS_10DecomposerES2_
FN:51,54,_ZN5Catch20ITransientExpressionC2Ebb
FN:78,81,_ZNK5Catch10BinaryExprIRKNSt7__cxx1112basic_stringIcSt11char_traitsIcESaIcEEERA10_KcE29streamReconstructedExpressionERSo
FN:78,81,_ZNK5Catch10BinaryExprIRKNSt7__cxx1112basic_stringIcSt11char_traitsIcESaIcEEERA4_KcE29streamReconstructedExpressionERSo
FN:78,81,_ZNK5Catch10BinaryExprIRKNSt7__cxx1112basic_stringIcSt11char_traitsIcESaIcEEERA6_KcE29streamReconstructedExpressionERSo
FN:78,81,_ZNK5Catch10BinaryExprIRKNSt7__cxx1112basic_stringIcSt11char_traitsIcESaIcEEERA7_KcE29streamReconstructedExpressionERSo
FN:78,81,_ZNK5Catch10BinaryExprIRKNSt7__cxx1112basic_stringIcSt11char_traitsIcESaIcEEERA8_KcE29streamReconstructedExpressionERSo
FN:78,81,_ZNK5Catch10BinaryExprIRKNSt7__cxx1112basic_stringIcSt11char_traitsIcESaIcEEERA9_KcE29streamReconstructedExpressionERSo
FN:78,81,_ZNK5Catch10BinaryExprIffE29streamReconstructedExpressionERSo
FN:78,81,_ZNK5Catch10BinaryExprIjiE29streamReconstructedExpressionERSo
FN:78,81,_ZNK5Catch10BinaryExprImmE29streamReconstructedExpressionERSo
FN:78,81,_ZNK5Catch10BinaryExprItiE29streamReconstructedExpressionERSo
FN:78,81,_ZNK5Catch10BinaryExprIttE29streamReconstructedExpressionERSo
FN:84,89,_ZN5Catch10BinaryExprIRKNSt7__cxx1112basic_stringIcSt11char_traitsIcESaIcEEERA10_KcEC2EbS8_NS_9StringRefESB_
FN:84,89,_ZN5Catch10BinaryExprIRKNSt7__cxx1112basic_stringIcSt11char_traitsIcESaIcEEERA4_KcEC2EbS8_NS_9StringRefESB_
FN:84,89,_ZN5Catch10BinaryExprIRKNSt7__cxx1112basic_stringIcSt11char_traitsIcESaIcEEERA6_KcEC2EbS8_NS_9StringRefESB_
FN:84,89,_ZN5Catch10BinaryExprIRKNSt7__cxx1112basic_stringIcSt11char_traitsIcESaIcEEERA7_KcEC2EbS8_NS_9StringRefESB_
FN:84,89,_ZN5Catch10BinaryExprIRKNSt7__cxx1112basic_stringIcSt11char_traitsIcESaIcEEERA8_KcEC2EbS8_NS_9StringRefESB_
FN:84,89,_ZN5Catch10BinaryExprIRKNSt7__cxx1112basic_stringIcSt11char_traitsIcESaIcEEERA9_KcEC2EbS8_NS_9StringRefESB_
FN:84,89,_ZN5Catch10BinaryExprIffEC2EbfNS_9StringRefEf
FN:84,89,_ZN5Catch10BinaryExprIjiEC2EbjNS_9StringRefEi
FN:84,89,_ZN5Catch10BinaryExprImmEC2EbmNS_9StringRefEm
FN:84,89,_ZN5Catch10BinaryExprItiEC2EbtNS_9StringRefEi
FN:84,89,_ZN5Catch10BinaryExprIttEC2EbtNS_9StringRefEt
FNDA:0,_ZNK5Catch9UnaryExprIbE29streamReconstructedExpressionERSo
FNDA:24,_ZN5Catch9UnaryExprIbEC2Eb
FNDA:18,_ZN5Catch7ExprLhsIRKNSt7__cxx1112basic_stringIcSt11char_traitsIcESaIcEEEEC2ES8_
FNDA:24,_ZN5Catch7ExprLhsIbEC2Eb
FNDA:34,_ZN5Catch7ExprLhsIfEC2Ef
FNDA:1,_ZN5Catch7ExprLhsIjEC2Ej
FNDA:10,_ZN5Catch7ExprLhsImEC2Em
FNDA:31,_ZN5Catch7ExprLhsItEC2Et
FNDA:1,_ZN5CatcheqIRA10_KcEENSt9enable_ifIXsrSt11conjunctionIJNS_6Detail16is_eq_comparableIRKNSt7__cxx1112basic_stringIcSt11char_traitsIcESaIcEEET_vEESt8negationISt13is_arithmeticINSt16remove_referenceISG_E4typeEEEEE5valueENS_10BinaryExprISF_RKSG_EEE4typeEONS_7ExprLhsISF_EEOSG_
FNDA:2,_ZN5CatcheqIRA4_KcEENSt9enable_ifIXsrSt11conjunctionIJNS_6Detail16is_eq_comparableIRKNSt7__cxx1112basic_stringIcSt11char_traitsIcESaIcEEET_vEESt8negationISt13is_arithmeticINSt16remove_referenceISG_E4typeEEEEE5valueENS_10BinaryExprISF_RKSG_EEE4typeEONS_7ExprLhsISF_EEOSG_
FNDA:3,_ZN5CatcheqIRA6_KcEENSt9enable_ifIXsrSt11conjunctionIJNS_6Detail16is_eq_comparableIRKNSt7__cxx1112basic_stringIcSt11char_traitsIcESaIcEEET_vEESt8negationISt13is_arithmeticINSt16remove_referenceISG_E4typeEEEEE5valueENS_10BinaryExprISF_RKSG_EEE4typeEONS_7ExprLhsISF_EEOSG_
FNDA:2,_ZN5CatcheqIRA7_KcEENSt9enable_ifIXsrSt11conjunctionIJNS_6Detail16is_eq_comparableIRKNSt7__cxx1112basic_stringIcSt11char_traitsIcESaIcEEET_vEESt8negationISt13is_arithmeticINSt16remove_referenceISG_E4typeEEEEE5valueENS_10BinaryExprISF_RKSG_EEE4typeEONS_7ExprLhsISF_EEOSG_
FNDA:7,_ZN5CatcheqIRA8_KcEENSt9enable_ifIXsrSt11conjunctionIJNS_6Detail16is_eq_comparableIRKNSt7__cxx1112basic_stringIcSt11char_traitsIcESaIcEEET_vEESt8negationISt13is_arithmeticINSt16remove_referenceISG_E4typeEEEEE5valueENS_10BinaryExprISF_RKSG_EEE4typeEONS_7ExprLhsISF_EEOSG_
FNDA:3,_ZN5CatcheqIRA9_KcEENSt9enable_ifIXsrSt11conjunctionIJNS_6Detail16is_eq_comparableIRKNSt7__cxx1112basic_stringIcSt11char_traitsIcESaIcEEET_vEESt8negationISt13is_arithmeticINSt16remove_referenceISG_E4typeEEEEE5valueENS_10BinaryExprISF_RKSG_EEE4typeEONS_7ExprLhsISF_EEOSG_
FNDA:34,_ZN5CatcheqIfEENSt9enable_ifIXsrSt11conjunctionIJNS_6Detail16is_eq_comparableIfT_vEESt13is_arithmeticIS5_EEE5valueENS_10BinaryExprIfS5_EEE4typeEONS_7ExprLhsIfEES5_
FNDA:1,_ZN5CatcheqIiEENSt9enable_ifIXsrSt11conjunctionIJNS_6Detail16is_eq_comparableIjT_vEESt13is_arithmeticIS5_EEE5valueENS_10BinaryExprIjS5_EEE4typeEONS_7ExprLhsIjEES5_
FNDA:28,_ZN5CatcheqIiEENSt9enable_ifIXsrSt11conjunctionIJNS_6Detail16is_eq_comparableItT_vEESt13is_arithmeticIS5_EEE5valueENS_10BinaryExprItS5_EEE4typeEONS_7ExprLhsItEES5_
FNDA:1,_ZN5CatcheqItEENSt9enable_ifIXsrSt11conjunctionIJNS_6Detail16is_eq_comparableItT_vEESt13is_arithmeticIS5_EEE5valueENS_10BinaryExprItS5_EEE4typeEONS_7ExprLhsItEES5_
FNDA:10,_ZN5CatchneImEENSt9enable_ifIXsrSt11conjunctionIJNS_6Detail16is_ne_comparableImT_vEESt13is_arithmeticIS5_EEE5valueENS_10BinaryExprImS5_EEE4typeEONS_7ExprLhsImEES5_
FNDA:2,_ZN5CatchneItEENSt9enable_ifIXsrSt11conjunctionIJNS_6Detail16is_ne_comparableItT_vEESt13is_arithmeticIS5_EEE5valueENS_10BinaryExprItS5_EEE4typeEONS_7ExprLhsItEES5_
FNDA:24,_ZNK5Catch7ExprLhsIbE13makeUnaryExprEv
FNDA:18,_ZN5CatchleINSt7__cxx1112basic_stringIcSt11char_traitsIcESaIcEEELi0EEENS_7ExprLhsIRKT_EEONS_10DecomposerEOS8_
FNDA:24,_ZN5CatchleIbLi0EEENS_7ExprLhsIT_EEONS_10DecomposerES2_
FNDA:34,_ZN5CatchleIfLi0EEENS_7ExprLhsIT_EEONS_10DecomposerES2_
FNDA:1,_ZN5CatchleIjLi0EEENS_7ExprLhsIT_EEONS_10DecomposerES2_
FNDA:10,_ZN5CatchleImLi0EEENS_7ExprLhsIT_EEONS_10DecomposerES2_
FNDA:31,_ZN5CatchleItLi0EEENS_7ExprLhsIT_EEONS_10DecomposerES2_
FNDA:118,_ZN5Catch20ITransientExpressionC2Ebb
FNDA:0,_ZNK5Catch10BinaryExprIRKNSt7__cxx1112basic_stringIcSt11char_traitsIcESaIcEEERA10_KcE29streamReconstructedExpressionERSo
FNDA:0,_ZNK5Catch10BinaryExprIRKNSt7__cxx1112basic_stringIcSt11char_traitsIcESaIcEEERA4_KcE29streamReconstructedExpressionERSo
FNDA:0,_ZNK5Catch10BinaryExprIRKNSt7__cxx1112basic_stringIcSt11char_traitsIcESaIcEEERA6_KcE29streamReconstructedExpressionERSo
FNDA:0,_ZNK5Catch10BinaryExprIRKNSt7__cxx1112basic_stringIcSt11char_traitsIcESaIcEEERA7_KcE29streamReconstructedExpressionERSo
FNDA:0,_ZNK5Catch10BinaryExprIRKNSt7__cxx1112basic_stringIcSt11char_traitsIcESaIcEEERA8_KcE29streamReconstructedExpressionERSo
FNDA:0,_ZNK5Catch10BinaryExprIRKNSt7__cxx1112basic_stringIcSt11char_traitsIcESaIcEEERA9_KcE29streamReconstructedExpressionERSo
FNDA:0,_ZNK5Catch10BinaryExprIffE29streamReconstructedExpressionERSo
FNDA:0,_ZNK5Catch10BinaryExprIjiE29streamReconstructedExpressionERSo
FNDA:0,_ZNK5Catch10BinaryExprImmE29streamReconstructedExpressionERSo
FNDA:0,_ZNK5Catch10BinaryExprItiE29streamReconstructedExpressionERSo
FNDA:0,_ZNK5Catch10BinaryExprIttE29streamReconstructedExpressionERSo
FNDA:1,_ZN5Catch10BinaryExprIRKNSt7__cxx1112basic_stringIcSt11char_traitsIcESaIcEEERA10_KcEC2EbS8_NS_9StringRefESB_
FNDA:2,_ZN5Catch10BinaryExprIRKNSt7__cxx1112basic_stringIcSt11char_traitsIcESaIcEEERA4_KcEC2EbS8_NS_9StringRefESB_
FNDA:3,_ZN5Catch10BinaryExprIRKNSt7__cxx1112basic_stringIcSt11char_traitsIcESaIcEEERA6_KcEC2EbS8_NS_9StringRefESB_
FNDA:2,_ZN5Catch10BinaryExprIRKNSt7__cxx1112basic_stringIcSt11char_traitsIcESaIcEEERA7_KcEC2EbS8_NS_9StringRefESB_
FNDA:7,_ZN5Catch10BinaryExprIRKNSt7__cxx1112basic_stringIcSt11char_traitsIcESaIcEEERA8_KcEC2EbS8_NS_9StringRefESB_
FNDA:3,_ZN5Catch10BinaryExprIRKNSt7__cxx1112basic_stringIcSt11char_traitsIcESaIcEEERA9_KcEC2EbS8_NS_9StringRefESB_
FNDA:34,_ZN5Catch10BinaryExprIffEC2EbfNS_9StringRefEf
FNDA:1,_ZN5Catch10BinaryExprIjiEC2EbjNS_9StringRefEi
FNDA:10,_ZN5Catch10BinaryExprImmEC2EbmNS_9StringRefEm
FNDA:28,_ZN5Catch10BinaryExprItiEC2EbtNS_9StringRefEi
FNDA:3,_ZN5Catch10BinaryExprIttEC2EbtNS_9StringRefEt
FNF:50
FNH:38
DA:51,118
DA:52,118
DA:53,118
DA:54,118
DA:78,0
DA:80,0
DA:81,0
DA:84,94
DA:86,94
DA:87,94
DA:88,94
DA:89,94
DA:152,0
DA:153,0
DA:154,0
DA:157,24
DA:159,24
DA:160,24
DA:168,118
DA:218,82
DA:219,12
DA:312,24
DA:313,24
DA:319,18
DA:320,18
DA:324,100
DA:325,100
LF:27
LH:21
end_of_record
TN:
SF:/usr/include/catch2/internal/catch_reusable_string_stream.hpp
FN:45,48,_ZN5Catch20ReusableStringStreamlsItEERS0_RKT_
FNDA:0,_ZN5Catch20ReusableStringStreamlsItEERS0_RKT_
FNF:1
FNH:0
DA:45,0
DA:46,0
DA:47,0
LF:3
LH:0
end_of_record
TN:
SF:/usr/include/catch2/internal/catch_source_line_info.hpp
FN:19,22,_ZN5Catch14SourceLineInfoC2EPKcm
FNDA:152,_ZN5Catch14SourceLineInfoC2EPKcm
FNF:1
FNH:1
DA:19,152
DA:20,152
DA:21,152
DA:22,152
LF:4
LH:4
end_of_record
TN:
SF:/usr/include/catch2/internal/catch_stringref.hpp
FN:112,114,_ZN5Catchli3_srEPKcm
FN:117,119,_Zli9_catch_srPKcm
FN:35,35,_ZN5Catch9StringRefC2Ev
FN:39,42,_ZN5Catch9StringRefC2EPKcm
FNDA:94,_ZN5Catchli3_srEPKcm
FNDA:236,_Zli9_catch_srPKcm
FNDA:34,_ZN5Catch9StringRefC2Ev
FNDA:330,_ZN5Catch9StringRefC2EPKcm
FNF:4
FNH:4
DA:35,34
DA:39,330
DA:40,330
DA:41,330
DA:42,330
DA:112,94
DA:113,94
DA:117,236
DA:118,236
LF:9
LH:9
end_of_record
TN:
SF:/usr/include/catch2/internal/catch_test_registry.hpp
FN:51,53,_ZN5Catch11NameAndTagsC2ENS_9StringRefES1_
FNDA:34,_ZN5Catch11NameAndTagsC2ENS_9StringRefES1_
FNF:1
FNH:1
DA:51,34
DA:52,34
DA:53,34
LF:3
LH:3
end_of_record
TN:
SF:/usr/include/catch2/internal/catch_unique_ptr.hpp
FN:59,61,_ZN5Catch6Detail10unique_ptrINS_12ITestInvokerEED2Ev
FNDA:34,_ZN5Catch6Detail10unique_ptrINS_12ITestInvokerEED2Ev
FNF:1
FNH:1
DA:59,34
DA:60,34
DA:61,34
LF:3
LH:3
end_of_record
TN:
SF:/usr/include/x86_64-linux-gnu/c++/13/bits/c++config.h
FN:540,551,_ZSt23__is_constant_evaluatedv
FNDA:2594,_ZSt23__is_constant_evaluatedv
FNF:1
FNH:1
DA:540,2594
DA:547,2594
LF:2
LH:2
end_of_record
