TN:
SF:/home/jhktimm/hermes/solakonOne/src/ui.cpp
FN:106,117,_ZN7solakon2ui10TerminalUI3barB5cxx11EffiNS0_5ColorENS0_8BarStyleE
FN:119,132,_ZN7solakon2ui10TerminalUI4initEv
FN:134,139,_ZN7solakon2ui10TerminalUI8shutdownEv
FN:141,144,_ZN7solakon2ui10TerminalUI5clearEv
FN:146,158,_ZN7solakon2ui10TerminalUI6renderERKNS_14DeviceSnapshotEi
FN:160,171,_ZN7solakon2ui10TerminalUI11draw_headerERKNS_14DeviceSnapshotE
FN:173,203,_ZN7solakon2ui10TerminalUI18draw_inverter_infoERKNS_14DeviceSnapshotE
FN:205,211,_ZN7solakon2ui10TerminalUI11draw_statusERKNS_14DeviceSnapshotE
FN:213,216,_ZN7solakon2ui10TerminalUI16draw_power_blockERKNSt7__cxx1112basic_stringIcSt11char_traitsIcESaIcEEEfi
FN:218,234,_ZN7solakon2ui10TerminalUI10draw_powerERKNS_14DeviceSnapshotE
FN:236,245,_ZN7solakon2ui10TerminalUI15draw_meter_dataERKNS_14DeviceSnapshotE
FN:247,254,_ZN7solakon2ui10TerminalUI10draw_meterERKNS_9MeterDataERKNSt7__cxx1112basic_stringIcSt11char_traitsIcESaIcEEE
FN:256,269,_ZN7solakon2ui10TerminalUI12draw_batteryERKNS_7BMSDataE
FN:271,287,_ZN7solakon2ui10TerminalUI11draw_energyERKNS_10EnergyDataE
FN:289,295,_ZN7solakon2ui10TerminalUI11draw_footerEv
FN:30,39,_ZN7solakon2ui10TerminalUI5colorENS0_5ColorES2_RKNSt7__cxx1112basic_stringIcSt11char_traitsIcESaIcEEE
FN:41,43,_ZN7solakon2ui10TerminalUI4boldENS0_5ColorERKNSt7__cxx1112basic_stringIcSt11char_traitsIcESaIcEEE
FN:45,47,_ZN7solakon2ui10TerminalUI3dimENS0_5ColorERKNSt7__cxx1112basic_stringIcSt11char_traitsIcESaIcEEE
FN:49,51,_ZN7solakon2ui10TerminalUI9separatorB5cxx11EicNS0_5ColorE
FN:53,58,_ZN7solakon2ui10TerminalUI14section_headerERKNSt7__cxx1112basic_stringIcSt11char_traitsIcESaIcEEEiNS0_5ColorE
FN:60,62,_ZN7solakon2ui10TerminalUI12status_badgeERKNSt7__cxx1112basic_stringIcSt11char_traitsIcESaIcEEEbNS0_5ColorE
FN:64,73,_ZN7solakon2ui10TerminalUI12format_powerB5cxx11Ef
FN:75,79,_ZN7solakon2ui10TerminalUI14format_voltageB5cxx11Ef
FN:81,85,_ZN7solakon2ui10TerminalUI14format_currentB5cxx11Ef
FN:87,104,_ZN7solakon2ui10TerminalUI13format_uptimeB5cxx11ENSt6chrono10time_pointINS2_3_V212system_clockENS2_8durationIlSt5ratioILl1ELl1000000000EEEEEE
FNDA:16,_ZN7solakon2ui10TerminalUI3barB5cxx11EffiNS0_5ColorENS0_8BarStyleE
FNDA:0,_ZN7solakon2ui10TerminalUI4initEv
FNDA:0,_ZN7solakon2ui10TerminalUI8shutdownEv
FNDA:0,_ZN7solakon2ui10TerminalUI5clearEv
FNDA:0,_ZN7solakon2ui10TerminalUI6renderERKNS_14DeviceSnapshotEi
FNDA:0,_ZN7solakon2ui10TerminalUI11draw_headerERKNS_14DeviceSnapshotE
FNDA:0,_ZN7solakon2ui10TerminalUI18draw_inverter_infoERKNS_14DeviceSnapshotE
FNDA:0,_ZN7solakon2ui10TerminalUI11draw_statusERKNS_14DeviceSnapshotE
FNDA:0,_ZN7solakon2ui10TerminalUI16draw_power_blockERKNSt7__cxx1112basic_stringIcSt11char_traitsIcESaIcEEEfi
FNDA:0,_ZN7solakon2ui10TerminalUI10draw_powerERKNS_14DeviceSnapshotE
FNDA:0,_ZN7solakon2ui10TerminalUI15draw_meter_dataERKNS_14DeviceSnapshotE
FNDA:0,_ZN7solakon2ui10TerminalUI10draw_meterERKNS_9MeterDataERKNSt7__cxx1112basic_stringIcSt11char_traitsIcESaIcEEE
FNDA:0,_ZN7solakon2ui10TerminalUI12draw_batteryERKNS_7BMSDataE
FNDA:0,_ZN7solakon2ui10TerminalUI11draw_energyERKNS_10EnergyDataE
FNDA:0,_ZN7solakon2ui10TerminalUI11draw_footerEv
FNDA:40,_ZN7solakon2ui10TerminalUI5colorENS0_5ColorES2_RKNSt7__cxx1112basic_stringIcSt11char_traitsIcESaIcEEE
FNDA:16,_ZN7solakon2ui10TerminalUI4boldENS0_5ColorERKNSt7__cxx1112basic_stringIcSt11char_traitsIcESaIcEEE
FNDA:4,_ZN7solakon2ui10TerminalUI3dimENS0_5ColorERKNSt7__cxx1112basic_stringIcSt11char_traitsIcESaIcEEE
FNDA:12,_ZN7solakon2ui10TerminalUI9separatorB5cxx11EicNS0_5ColorE
FNDA:4,_ZN7solakon2ui10TerminalUI14section_headerERKNSt7__cxx1112basic_stringIcSt11char_traitsIcESaIcEEEiNS0_5ColorE
FNDA:8,_ZN7solakon2ui10TerminalUI12status_badgeERKNSt7__cxx1112basic_stringIcSt11char_traitsIcESaIcEEEbNS0_5ColorE
FNDA:40,_ZN7solakon2ui10TerminalUI12format_powerB5cxx11Ef
FNDA:16,_ZN7solakon2ui10TerminalUI14format_voltageB5cxx11Ef
FNDA:16,_ZN7solakon2ui10TerminalUI14format_currentB5cxx11Ef
FNDA:0,_ZN7solakon2ui10TerminalUI13format_uptimeB5cxx11ENSt6chrono10time_pointINS2_3_V212system_clockENS2_8durationIlSt5ratioILl1ELl1000000000EEEEEE
FNF:25
FNH:10
DA:30,40
DA:31,40
DA:32,40
DA:33,36
DA:35,40
DA:36,40
DA:37,40
DA:38,40
DA:39,0
DA:41,16
DA:42,64
DA:45,4
DA:46,8
DA:49,12
DA:50,24
DA:53,4
DA:54,4
DA:55,4
DA:56,4
DA:57,8
DA:58,4
DA:60,8
DA:61,8
DA:64,40
DA:65,40
DA:67,20
DA:68,40
DA:71,20
DA:72,40
DA:75,16
DA:77,16
DA:78,32
DA:81,16
DA:83,16
DA:84,32
DA:87,0
DA:88,0
DA:89,0
DA:91,0
DA:92,0
DA:93,0
DA:94,0
DA:95,0
DA:96,0
DA:98,0
DA:99,0
DA:100,0
DA:101,0
DA:103,0
DA:106,16
DA:107,24
DA:108,12
DA:109,12
DA:110,12
DA:111,12
DA:113,12
DA:114,24
DA:115,12
DA:116,12
DA:117,12
DA:119,0
DA:121,0
DA:122,0
DA:123,0
DA:125,0
DA:126,0
DA:128,0
DA:129,0
DA:130,0
DA:131,0
DA:132,0
DA:134,0
DA:135,0
DA:136,0
DA:137,0
DA:138,0
DA:139,0
DA:141,0
DA:142,0
DA:143,0
DA:144,0
DA:146,0
DA:148,0
DA:149,0
DA:150,0
DA:151,0
DA:152,0
DA:153,0
DA:154,0
DA:155,0
DA:156,0
DA:157,0
DA:158,0
DA:160,0
DA:161,0
DA:162,0
DA:163,0
DA:164,0
DA:165,0
DA:167,0
DA:168,0
DA:170,0
DA:171,0
DA:173,0
DA:174,0
DA:175,0
DA:176,0
DA:178,0
DA:179,0
DA:181,0
DA:182,0
DA:183,0
DA:184,0
DA:185,0
DA:186,0
DA:187,0
DA:188,0
DA:189,0
DA:190,0
DA:191,0
DA:192,0
DA:193,0
DA:194,0
DA:195,0
DA:196,0
DA:197,0
DA:199,0
DA:200,0
DA:201,0
DA:202,0
DA:203,0
DA:205,0
DA:206,0
DA:207,0
DA:208,0
DA:209,0
DA:210,0
DA:211,0
DA:213,0
DA:214,0
DA:215,0
DA:216,0
DA:218,0
DA:219,0
DA:221,0
DA:222,0
DA:224,0
DA:225,0
DA:226,0
DA:227,0
DA:228,0
DA:229,0
DA:230,0
DA:232,0
DA:233,0
DA:234,0
DA:236,0
DA:237,0
DA:238,0
DA:239,0
DA:241,0
DA:242,0
DA:243,0
DA:245,0
DA:247,0
DA:249,0
DA:250,0
DA:251,0
DA:252,0
DA:253,0
DA:254,0
DA:256,0
DA:257,0
DA:258,0
DA:259,0
DA:260,0
DA:261,0
DA:262,0
DA:263,0
DA:264,0
DA:265,0
DA:266,0
DA:267,0
DA:268,0
DA:269,0
DA:271,0
DA:272,0
DA:273,0
DA:274,0
DA:275,0
DA:276,0
DA:277,0
DA:278,0
DA:279,0
DA:280,0
DA:281,0
DA:282,0
DA:283,0
DA:284,0
DA:285,0
DA:286,0
DA:287,0
DA:289,0
DA:290,0
DA:291,0
DA:292,0
DA:293,0
DA:294,0
DA:295,0
LF:209
LH:45
end_of_record
TN:
SF:/home/jhktimm/hermes/solakonOne/tests/test_data_structures.cpp
FN:111,122,_ZL23CATCH2_INTERNAL_TEST_46v
FN:124,128,_ZL23CATCH2_INTERNAL_TEST_48v
FN:130,139,_ZL23CATCH2_INTERNAL_TEST_50v
FN:19,24,_ZL23CATCH2_INTERNAL_TEST_32v
FN:26,37,_ZL23CATCH2_INTERNAL_TEST_34v
FN:39,53,_ZL23CATCH2_INTERNAL_TEST_36v
FN:55,59,_ZL23CATCH2_INTERNAL_TEST_38v
FN:61,73,_ZL23CATCH2_INTERNAL_TEST_40v
FN:75,92,_ZL23CATCH2_INTERNAL_TEST_42v
FN:8,17,_ZL23CATCH2_INTERNAL_TEST_30v
FN:94,109,_ZL23CATCH2_INTERNAL_TEST_44v
FNDA:4,_ZL23CATCH2_INTERNAL_TEST_46v
FNDA:4,_ZL23CATCH2_INTERNAL_TEST_48v
FNDA:4,_ZL23CATCH2_INTERNAL_TEST_50v
FNDA:4,_ZL23CATCH2_INTERNAL_TEST_32v
FNDA:4,_ZL23CATCH2_INTERNAL_TEST_34v
FNDA:4,_ZL23CATCH2_INTERNAL_TEST_36v
FNDA:4,_ZL23CATCH2_INTERNAL_TEST_38v
FNDA:4,_ZL23CATCH2_INTERNAL_TEST_40v
FNDA:4,_ZL23CATCH2_INTERNAL_TEST_42v
FNDA:4,_ZL23CATCH2_INTERNAL_TEST_30v
FNDA:4,_ZL23CATCH2_INTERNAL_TEST_44v
FNF:11
FNH:11
DA:8,4
DA:9,4
DA:10,4
DA:11,4
DA:12,4
DA:13,4
DA:14,4
DA:15,4
DA:16,4
DA:17,4
DA:19,4
DA:20,4
DA:21,4
DA:22,4
DA:23,4
DA:24,4
DA:26,4
DA:27,4
DA:28,4
DA:29,4
DA:30,4
DA:31,4
DA:32,4
DA:33,4
DA:34,4
DA:35,4
DA:36,4
DA:37,4
DA:39,4
DA:40,4
DA:41,4
DA:42,4
DA:43,4
DA:44,4
DA:45,4
DA:46,4
DA:47,4
DA:48,4
DA:49,4
DA:50,4
DA:51,4
DA:52,4
DA:53,4
DA:55,4
DA:56,4
DA:57,4
DA:58,4
DA:59,4
DA:61,4
DA:62,4
DA:63,4
DA:64,4
DA:65,4
DA:66,4
DA:67,4
DA:68,4
DA:69,4
DA:70,4
DA:71,4
DA:72,4
DA:73,4
DA:75,4
DA:76,4
DA:77,4
DA:78,4
DA:79,4
DA:80,4
DA:81,4
DA:82,4
DA:83,4
DA:85,4
DA:86,4
DA:87,4
DA:88,4
DA:89,4
DA:90,4
DA:91,4
DA:92,4
DA:94,4
DA:95,4
DA:96,4
DA:97,4
DA:98,4
DA:99,4
DA:100,4
DA:101,4
DA:102,4
DA:103,4
DA:104,4
DA:105,4
DA:106,4
DA:107,4
DA:108,4
DA:109,4
DA:111,4
DA:112,4
DA:113,4
DA:114,4
DA:115,4
DA:116,4
DA:118,4
DA:119,4
DA:120,4
DA:121,4
DA:122,4
DA:124,4
DA:125,4
DA:126,4
DA:127,4
DA:128,4
DA:130,4
DA:131,4
DA:132,4
DA:133,4
DA:134,4
DA:135,4
DA:136,4
DA:137,4
DA:138,4
DA:139,4
LF:120
LH:120
end_of_record
TN:
SF:/home/jhktimm/hermes/solakonOne/tests/test_helpers.hpp
FN:8,8,_ZL12approx_equaldd
FN:9,9,_ZL9approx_geddd
FNDA:40,_ZL12approx_equaldd
FNDA:0,_ZL9approx_geddd
FNF:2
FNH:1
DA:8,40
DA:9,0
LF:2
LH:1
end_of_record
TN:
SF:/home/jhktimm/hermes/solakonOne/tests/test_modbus_crc.cpp
FN:22,25,_ZL23CATCH2_INTERNAL_TEST_52v
FN:27,30,_ZL23CATCH2_INTERNAL_TEST_54v
FN:32,35,_ZL23CATCH2_INTERNAL_TEST_56v
FN:37,41,_ZL23CATCH2_INTERNAL_TEST_58v
FN:43,48,_ZL23CATCH2_INTERNAL_TEST_60v
FN:50,56,_ZL23CATCH2_INTERNAL_TEST_62v
FN:58,64,_ZL23CATCH2_INTERNAL_TEST_64v
FN:6,20,_ZL12crc16_modbusPKhm
FN:66,71,_ZL23CATCH2_INTERNAL_TEST_66v
FNDA:4,_ZL23CATCH2_INTERNAL_TEST_52v
FNDA:4,_ZL23CATCH2_INTERNAL_TEST_54v
FNDA:4,_ZL23CATCH2_INTERNAL_TEST_56v
FNDA:4,_ZL23CATCH2_INTERNAL_TEST_58v
FNDA:4,_ZL23CATCH2_INTERNAL_TEST_60v
FNDA:4,_ZL23CATCH2_INTERNAL_TEST_62v
FNDA:4,_ZL23CATCH2_INTERNAL_TEST_64v
FNDA:44,_ZL12crc16_modbusPKhm
FNDA:4,_ZL23CATCH2_INTERNAL_TEST_66v
FNF:9
FNH:9
DA:6,44
DA:7,44
DA:8,1196
DA:9,1152
DA:10,10368
DA:11,9216
DA:12,4500
DA:13,4500
DA:15,4716
DA:19,44
DA:22,4
DA:23,4
DA:24,4
DA:25,4
DA:27,4
DA:28,4
DA:29,4
DA:30,4
DA:32,4
DA:33,4
DA:34,4
DA:35,4
DA:37,4
DA:39,4
DA:40,4
DA:41,4
DA:43,4
DA:44,4
DA:45,4
DA:46,4
DA:47,4
DA:48,4
DA:50,4
DA:51,4
DA:52,4
DA:53,4
DA:54,4
DA:55,4
DA:56,4
DA:58,4
DA:59,4
DA:60,4
DA:61,4
DA:62,4
DA:63,4
DA:64,4
DA:66,4
DA:68,1028
DA:69,4
DA:70,4
DA:71,4
LF:51
LH:51
end_of_record
TN:
SF:/home/jhktimm/hermes/solakonOne/tests/test_ui_formatting.cpp
FN:14,20,_ZL22CATCH2_INTERNAL_TEST_2v
FN:22,27,_ZL22CATCH2_INTERNAL_TEST_4v
FN:29,34,_ZL22CATCH2_INTERNAL_TEST_6v
FN:36,45,_ZL22CATCH2_INTERNAL_TEST_8v
FN:47,50,_ZL23CATCH2_INTERNAL_TEST_10v
FN:52,55,_ZL23CATCH2_INTERNAL_TEST_12v
FN:57,60,_ZL23CATCH2_INTERNAL_TEST_14v
FN:6,12,_ZL22CATCH2_INTERNAL_TEST_0v
FN:62,65,_ZL23CATCH2_INTERNAL_TEST_16v
FN:67,70,_ZL23CATCH2_INTERNAL_TEST_18v
FN:72,75,_ZL23CATCH2_INTERNAL_TEST_20v
FN:77,80,_ZL23CATCH2_INTERNAL_TEST_22v
FN:82,86,_ZL23CATCH2_INTERNAL_TEST_24v
FN:88,92,_ZL23CATCH2_INTERNAL_TEST_26v
FN:94,98,_ZL23CATCH2_INTERNAL_TEST_28v
FNDA:4,_ZL22CATCH2_INTERNAL_TEST_2v
FNDA:4,_ZL22CATCH2_INTERNAL_TEST_4v
FNDA:4,_ZL22CATCH2_INTERNAL_TEST_6v
FNDA:4,_ZL22CATCH2_INTERNAL_TEST_8v
FNDA:4,_ZL23CATCH2_INTERNAL_TEST_10v
FNDA:4,_ZL23CATCH2_INTERNAL_TEST_12v
FNDA:4,_ZL23CATCH2_INTERNAL_TEST_14v
FNDA:4,_ZL22CATCH2_INTERNAL_TEST_0v
FNDA:4,_ZL23CATCH2_INTERNAL_TEST_16v
FNDA:4,_ZL23CATCH2_INTERNAL_TEST_18v
FNDA:4,_ZL23CATCH2_INTERNAL_TEST_20v
FNDA:4,_ZL23CATCH2_INTERNAL_TEST_22v
FNDA:4,_ZL23CATCH2_INTERNAL_TEST_24v
FNDA:4,_ZL23CATCH2_INTERNAL_TEST_26v
FNDA:4,_ZL23CATCH2_INTERNAL_TEST_28v
FNF:15
FNH:15
DA:6,4
DA:7,4
DA:8,4
DA:9,4
DA:10,4
DA:11,4
DA:12,4
DA:14,4
DA:15,4
DA:16,4
DA:17,4
DA:18,4
DA:19,4
DA:20,4
DA:22,4
DA:23,4
DA:24,4
DA:25,4
DA:26,4
DA:27,4
DA:29,4
DA:30,4
DA:31,4
DA:32,4
DA:33,4
DA:34,4
DA:36,4
DA:37,4
DA:38,4
DA:40,4
DA:41,4
DA:43,4
DA:44,4
DA:45,4
DA:47,4
DA:48,4
DA:49,4
DA:50,4
DA:52,4
DA:53,4
DA:54,4
DA:55,4
DA:57,4
DA:58,4
DA:59,4
DA:60,4
DA:62,4
DA:63,4
DA:64,4
DA:65,4
DA:67,4
DA:68,4
DA:69,4
DA:70,4
DA:72,4
DA:73,4
DA:74,4
DA:75,4
DA:77,4
DA:78,4
DA:79,4
DA:80,4
DA:82,4
DA:83,4
DA:84,4
DA:85,4
DA:86,4
DA:88,8
DA:89,4
DA:90,4
DA:91,4
DA:92,4
DA:94,4
DA:95,4
DA:96,4
DA:97,4
DA:98,4
LF:77
LH:77
end_of_record
TN:
SF:/usr/include/c++/13/bits/alloc_traits.h
FNF:0
FNH:0
DA:482,3896
DA:517,28
DA:576,4076
DA:588,4
LF:4
LH:4
end_of_record
TN:
SF:/usr/include/c++/13/bits/allocator.h
FNF:0
FNH:0
DA:163,130
DA:168,176
DA:184,138
DA:191,3896
DA:193,0
DA:194,0
DA:195,0
DA:198,3896
DA:205,28
DA:207,0
DA:208,0
DA:210,28
LF:12
LH:7
end_of_record
TN:
SF:/usr/include/c++/13/bits/basic_string.h
FN:1071,1072,_ZNKSt7__cxx1112basic_stringIcSt11char_traitsIcESaIcEE4sizeEv
FN:1078,1079,_ZNKSt7__cxx1112basic_stringIcSt11char_traitsIcESaIcEE6lengthEv
FN:1084,1085,_ZNKSt7__cxx1112basic_stringIcSt11char_traitsIcESaIcEE8max_sizeEv
FN:1169,1173,_ZNKSt7__cxx1112basic_stringIcSt11char_traitsIcESaIcEE8capacityEv
FN:1220,1221,_ZNKSt7__cxx1112basic_stringIcSt11char_traitsIcESaIcEE5emptyEv
FN:124,137,_ZNSt7__cxx1112basic_stringIcSt11char_traitsIcESaIcEE11_S_allocateERS3_m
FN:1366,1367,_ZNSt7__cxx1112basic_stringIcSt11char_traitsIcESaIcEEpLERKS4_
FN:1376,1377,_ZNSt7__cxx1112basic_stringIcSt11char_traitsIcESaIcEEpLEPKc
FN:1424,1425,_ZNSt7__cxx1112basic_stringIcSt11char_traitsIcESaIcEE6appendERKS4_
FN:1455,1460,_ZNSt7__cxx1112basic_stringIcSt11char_traitsIcESaIcEE6appendEPKcm
FN:1469,1475,_ZNSt7__cxx1112basic_stringIcSt11char_traitsIcESaIcEE6appendEPKc
FN:1681,1686,_ZNSt7__cxx1112basic_stringIcSt11char_traitsIcESaIcEE6assignEPKc
FN:188,189,_ZNSt7__cxx1112basic_stringIcSt11char_traitsIcESaIcEE12_Alloc_hiderC1EPcRKS3_
FN:188,189,_ZNSt7__cxx1112basic_stringIcSt11char_traitsIcESaIcEE12_Alloc_hiderC2EPcRKS3_
FN:192,193,_ZNSt7__cxx1112basic_stringIcSt11char_traitsIcESaIcEE12_Alloc_hiderC1EPcOS3_
FN:1962,1967,_ZNSt7__cxx1112basic_stringIcSt11char_traitsIcESaIcEE6insertEmPKc
FN:212,213,_ZNSt7__cxx1112basic_stringIcSt11char_traitsIcESaIcEE7_M_dataEPc
FN:217,218,_ZNSt7__cxx1112basic_stringIcSt11char_traitsIcESaIcEE9_M_lengthEm
FN:2204,2210,_ZNSt7__cxx1112basic_stringIcSt11char_traitsIcESaIcEE7replaceEmmPKcm
FN:222,223,_ZNKSt7__cxx1112basic_stringIcSt11char_traitsIcESaIcEE7_M_dataEv
FN:227,234,_ZNSt7__cxx1112basic_stringIcSt11char_traitsIcESaIcEE13_M_local_dataEv
FN:238,245,_ZNKSt7__cxx1112basic_stringIcSt11char_traitsIcESaIcEE13_M_local_dataEv
FN:249,250,_ZNSt7__cxx1112basic_stringIcSt11char_traitsIcESaIcEE11_M_capacityEm
FN:254,258,_ZNSt7__cxx1112basic_stringIcSt11char_traitsIcESaIcEE13_M_set_lengthEm
FN:2595,2596,_ZNKSt7__cxx1112basic_stringIcSt11char_traitsIcESaIcEE5c_strEv
FN:2608,2609,_ZNKSt7__cxx1112basic_stringIcSt11char_traitsIcESaIcEE4dataEv
FN:262,271,_ZNKSt7__cxx1112basic_stringIcSt11char_traitsIcESaIcEE11_M_is_localEv
FN:2629,2630,_ZNKSt7__cxx1112basic_stringIcSt11char_traitsIcESaIcEE13get_allocatorEv
FN:2695,2699,_ZNKSt7__cxx1112basic_stringIcSt11char_traitsIcESaIcEE4findEPKcm
FN:280,284,_ZNSt7__cxx1112basic_stringIcSt11char_traitsIcESaIcEE10_M_disposeEv
FN:288,289,_ZNSt7__cxx1112basic_stringIcSt11char_traitsIcESaIcEE10_M_destroyEm
FN:336,337,_ZNSt7__cxx1112basic_stringIcSt11char_traitsIcESaIcEE16_M_get_allocatorEv
FN:341,342,_ZNKSt7__cxx1112basic_stringIcSt11char_traitsIcESaIcEE16_M_get_allocatorEv
FN:3528,3541,_ZSt12__str_concatINSt7__cxx1112basic_stringIcSt11char_traitsIcESaIcEEEET_PKNS6_10value_typeENS6_9size_typeES9_SA_RKNS6_14allocator_typeE
FN:3553,3560,_ZStplIcSt11char_traitsIcESaIcEENSt7__cxx1112basic_stringIT_T0_T1_EERKS8_SA_
FN:3571,3579,_ZStplIcSt11char_traitsIcESaIcEENSt7__cxx1112basic_stringIT_T0_T1_EEPKS5_RKS8_
FN:3607,3615,_ZStplIcSt11char_traitsIcESaIcEENSt7__cxx1112basic_stringIT_T0_T1_EERKS8_PKS5_
FN:3637,3639,_ZStplIcSt11char_traitsIcESaIcEENSt7__cxx1112basic_stringIT_T0_T1_EEOS8_RKS8_
FN:3674,3676,_ZStplIcSt11char_traitsIcESaIcEENSt7__cxx1112basic_stringIT_T0_T1_EEPKS5_OS8_
FN:3688,3690,_ZStplIcSt11char_traitsIcESaIcEENSt7__cxx1112basic_stringIT_T0_T1_EEOS8_PKS5_
FN:3727,3732,_ZSteqIcSt11char_traitsIcESaIcEEbRKNSt7__cxx1112basic_stringIT_T0_T1_EEPKS5_
FN:386,393,_ZNKSt7__cxx1112basic_stringIcSt11char_traitsIcESaIcEE8_M_checkEmPKc
FN:397,401,_ZNKSt7__cxx1112basic_stringIcSt11char_traitsIcESaIcEE15_M_check_lengthEmmPKc
FN:407,411,_ZNKSt7__cxx1112basic_stringIcSt11char_traitsIcESaIcEE8_M_limitEmm
FN:415,419,_ZNKSt7__cxx1112basic_stringIcSt11char_traitsIcESaIcEE11_M_disjunctEPKc
FN:425,431,_ZNSt7__cxx1112basic_stringIcSt11char_traitsIcESaIcEE7_S_copyEPcPKcm
FN:435,441,_ZNSt7__cxx1112basic_stringIcSt11char_traitsIcESaIcEE7_S_moveEPcPKcm
FN:445,451,_ZNSt7__cxx1112basic_stringIcSt11char_traitsIcESaIcEE9_S_assignEPcmc
FN:4487,4488,_ZNSt8literals15string_literalsli1sB5cxx11EPKcm
FN:482,484,_ZNSt7__cxx1112basic_stringIcSt11char_traitsIcESaIcEE13_S_copy_charsEPcPKcS7_
FN:522,528,_ZNSt7__cxx1112basic_stringIcSt11char_traitsIcESaIcEEC1Ev
FN:535,540,_ZNSt7__cxx1112basic_stringIcSt11char_traitsIcESaIcEEC2ERKS3_
FN:619,628,_ZNSt7__cxx1112basic_stringIcSt11char_traitsIcESaIcEEC2EPKcmRKS3_
FN:641,650,_ZNSt7__cxx1112basic_stringIcSt11char_traitsIcESaIcEEC1IS3_EEPKcRKS3_
FN:641,650,_ZNSt7__cxx1112basic_stringIcSt11char_traitsIcESaIcEEC2IS3_EEPKcRKS3_
FN:664,666,_ZNSt7__cxx1112basic_stringIcSt11char_traitsIcESaIcEEC2IS3_EEmcRKS3_
FN:677,698,_ZNSt7__cxx1112basic_stringIcSt11char_traitsIcESaIcEEC2EOS4_
FN:803,804,_ZNSt7__cxx1112basic_stringIcSt11char_traitsIcESaIcEED2Ev
FN:823,824,_ZNSt7__cxx1112basic_stringIcSt11char_traitsIcESaIcEEaSEPKc
FNDA:928,_ZNKSt7__cxx1112basic_stringIcSt11char_traitsIcESaIcEE4sizeEv
FNDA:166,_ZNKSt7__cxx1112basic_stringIcSt11char_traitsIcESaIcEE6lengthEv
FNDA:4076,_ZNKSt7__cxx1112basic_stringIcSt11char_traitsIcESaIcEE8max_sizeEv
FNDA:494,_ZNKSt7__cxx1112basic_stringIcSt11char_traitsIcESaIcEE8capacityEv
FNDA:18,_ZNKSt7__cxx1112basic_stringIcSt11char_traitsIcESaIcEE5emptyEv
FNDA:3896,_ZNSt7__cxx1112basic_stringIcSt11char_traitsIcESaIcEE11_S_allocateERS3_m
FNDA:32,_ZNSt7__cxx1112basic_stringIcSt11char_traitsIcESaIcEEpLERKS4_
FNDA:58,_ZNSt7__cxx1112basic_stringIcSt11char_traitsIcESaIcEEpLEPKc
FNDA:40,_ZNSt7__cxx1112basic_stringIcSt11char_traitsIcESaIcEE6appendERKS4_
FNDA:48,_ZNSt7__cxx1112basic_stringIcSt11char_traitsIcESaIcEE6appendEPKcm
FNDA:78,_ZNSt7__cxx1112basic_stringIcSt11char_traitsIcESaIcEE6appendEPKc
FNDA:0,_ZNSt7__cxx1112basic_stringIcSt11char_traitsIcESaIcEE6assignEPKc
FNDA:0,_ZNSt7__cxx1112basic_stringIcSt11char_traitsIcESaIcEE12_Alloc_hiderC1EPcRKS3_
FNDA:82,_ZNSt7__cxx1112basic_stringIcSt11char_traitsIcESaIcEE12_Alloc_hiderC2EPcRKS3_
FNDA:86,_ZNSt7__cxx1112basic_stringIcSt11char_traitsIcESaIcEE12_Alloc_hiderC1EPcOS3_
FNDA:0,_ZNSt7__cxx1112basic_stringIcSt11char_traitsIcESaIcEE6insertEmPKc
FNDA:148,_ZNSt7__cxx1112basic_stringIcSt11char_traitsIcESaIcEE7_M_dataEPc
FNDA:610,_ZNSt7__cxx1112basic_stringIcSt11char_traitsIcESaIcEE9_M_lengthEm
FNDA:0,_ZNSt7__cxx1112basic_stringIcSt11char_traitsIcESaIcEE7replaceEmmPKcm
FNDA:1900,_ZNKSt7__cxx1112basic_stringIcSt11char_traitsIcESaIcEE7_M_dataEv
FNDA:202,_ZNSt7__cxx1112basic_stringIcSt11char_traitsIcESaIcEE13_M_local_dataEv
FNDA:788,_ZNKSt7__cxx1112basic_stringIcSt11char_traitsIcESaIcEE13_M_local_dataEv
FNDA:114,_ZNSt7__cxx1112basic_stringIcSt11char_traitsIcESaIcEE11_M_capacityEm
FNDA:576,_ZNSt7__cxx1112basic_stringIcSt11char_traitsIcESaIcEE13_M_set_lengthEm
FNDA:6,_ZNKSt7__cxx1112basic_stringIcSt11char_traitsIcESaIcEE5c_strEv
FNDA:52,_ZNKSt7__cxx1112basic_stringIcSt11char_traitsIcESaIcEE4dataEv
FNDA:788,_ZNKSt7__cxx1112basic_stringIcSt11char_traitsIcESaIcEE11_M_is_localEv
FNDA:4,_ZNKSt7__cxx1112basic_stringIcSt11char_traitsIcESaIcEE13get_allocatorEv
FNDA:16,_ZNKSt7__cxx1112basic_stringIcSt11char_traitsIcESaIcEE4findEPKcm
FNDA:260,_ZNSt7__cxx1112basic_stringIcSt11char_traitsIcESaIcEE10_M_disposeEv
FNDA:28,_ZNSt7__cxx1112basic_stringIcSt11char_traitsIcESaIcEE10_M_destroyEm
FNDA:3958,_ZNSt7__cxx1112basic_stringIcSt11char_traitsIcESaIcEE16_M_get_allocatorEv
FNDA:4080,_ZNKSt7__cxx1112basic_stringIcSt11char_traitsIcESaIcEE16_M_get_allocatorEv
FNDA:4,_ZSt12__str_concatINSt7__cxx1112basic_stringIcSt11char_traitsIcESaIcEEEET_PKNS6_10value_typeENS6_9size_typeES9_SA_RKNS6_14allocator_typeE
FNDA:2,_ZStplIcSt11char_traitsIcESaIcEENSt7__cxx1112basic_stringIT_T0_T1_EERKS8_SA_
FNDA:2,_ZStplIcSt11char_traitsIcESaIcEENSt7__cxx1112basic_stringIT_T0_T1_EEPKS5_RKS8_
FNDA:0,_ZStplIcSt11char_traitsIcESaIcEENSt7__cxx1112basic_stringIT_T0_T1_EERKS8_PKS5_
FNDA:8,_ZStplIcSt11char_traitsIcESaIcEENSt7__cxx1112basic_stringIT_T0_T1_EEOS8_RKS8_
FNDA:0,_ZStplIcSt11char_traitsIcESaIcEENSt7__cxx1112basic_stringIT_T0_T1_EEPKS5_OS8_
FNDA:20,_ZStplIcSt11char_traitsIcESaIcEENSt7__cxx1112basic_stringIT_T0_T1_EEOS8_PKS5_
FNDA:36,_ZSteqIcSt11char_traitsIcESaIcEEbRKNSt7__cxx1112basic_stringIT_T0_T1_EEPKS5_
FNDA:0,_ZNKSt7__cxx1112basic_stringIcSt11char_traitsIcESaIcEE8_M_checkEmPKc
FNDA:128,_ZNKSt7__cxx1112basic_stringIcSt11char_traitsIcESaIcEE15_M_check_lengthEmmPKc
FNDA:0,_ZNKSt7__cxx1112basic_stringIcSt11char_traitsIcESaIcEE8_M_limitEmm
FNDA:2,_ZNKSt7__cxx1112basic_stringIcSt11char_traitsIcESaIcEE11_M_disjunctEPKc
FNDA:386,_ZNSt7__cxx1112basic_stringIcSt11char_traitsIcESaIcEE7_S_copyEPcPKcm
FNDA:0,_ZNSt7__cxx1112basic_stringIcSt11char_traitsIcESaIcEE7_S_moveEPcPKcm
FNDA:20,_ZNSt7__cxx1112basic_stringIcSt11char_traitsIcESaIcEE9_S_assignEPcmc
FNDA:0,_ZNSt8literals15string_literalsli1sB5cxx11EPKcm
FNDA:56,_ZNSt7__cxx1112basic_stringIcSt11char_traitsIcESaIcEE13_S_copy_charsEPcPKcS7_
FNDA:52,_ZNSt7__cxx1112basic_stringIcSt11char_traitsIcESaIcEEC1Ev
FNDA:4,_ZNSt7__cxx1112basic_stringIcSt11char_traitsIcESaIcEEC2ERKS3_
FNDA:0,_ZNSt7__cxx1112basic_stringIcSt11char_traitsIcESaIcEEC2EPKcmRKS3_
FNDA:0,_ZNSt7__cxx1112basic_stringIcSt11char_traitsIcESaIcEEC1IS3_EEPKcRKS3_
FNDA:56,_ZNSt7__cxx1112basic_stringIcSt11char_traitsIcESaIcEEC2IS3_EEPKcRKS3_
FNDA:22,_ZNSt7__cxx1112basic_stringIcSt11char_traitsIcESaIcEEC2IS3_EEmcRKS3_
FNDA:34,_ZNSt7__cxx1112basic_stringIcSt11char_traitsIcESaIcEEC2EOS4_
FNDA:168,_ZNSt7__cxx1112basic_stringIcSt11char_traitsIcESaIcEED2Ev
FNDA:0,_ZNSt7__cxx1112basic_stringIcSt11char_traitsIcESaIcEEaSEPKc
FNF:59
FNH:46
DA:124,3896
DA:126,3896
DA:136,3896
DA:188,82
DA:189,82
DA:192,86
DA:193,86
DA:212,148
DA:213,148
DA:217,610
DA:218,610
DA:222,1900
DA:223,1900
DA:227,202
DA:230,202
DA:238,788
DA:241,788
DA:249,114
DA:250,114
DA:254,576
DA:256,576
DA:257,576
DA:258,576
DA:262,788
DA:264,788
DA:266,594
DA:267,0
DA:268,594
DA:270,194
DA:280,260
DA:282,260
DA:283,28
DA:284,260
DA:288,28
DA:289,28
DA:336,3958
DA:337,3958
DA:341,4080
DA:342,4080
DA:351,188
DA:352,0
DA:353,0
DA:355,188
DA:365,34
DA:386,0
DA:388,0
DA:389,0
DA:392,0
DA:397,128
DA:399,128
DA:400,0
DA:401,128
DA:407,0
DA:409,0
DA:410,0
DA:415,2
DA:417,2
DA:418,2
DA:425,386
DA:427,386
DA:428,72
DA:430,314
DA:431,386
DA:435,0
DA:437,0
DA:438,0
DA:440,0
DA:441,0
DA:445,20
DA:447,20
DA:448,0
DA:450,20
DA:451,20
DA:482,56
DA:484,56
DA:522,52
DA:524,156
DA:527,52
DA:528,52
DA:535,4
DA:536,4
DA:539,4
DA:540,4
DA:619,0
DA:621,0
DA:624,0
DA:625,0
DA:627,0
DA:628,0
DA:641,56
DA:642,56
DA:645,56
DA:646,0
DA:648,56
DA:649,56
DA:650,56
DA:664,22
DA:665,22
DA:666,22
DA:677,34
DA:678,34
DA:680,34
DA:683,18
DA:684,18
DA:688,16
DA:689,16
DA:695,34
DA:696,34
DA:697,34
DA:698,34
DA:803,168
DA:804,168
DA:823,0
DA:824,0
DA:1071,928
DA:1072,928
DA:1078,166
DA:1079,166
DA:1084,4076
DA:1085,8152
DA:1169,494
DA:1171,494
DA:1172,494
DA:1220,18
DA:1221,18
DA:1366,32
DA:1367,32
DA:1376,58
DA:1377,58
DA:1424,40
DA:1425,40
DA:1455,48
DA:1458,48
DA:1459,48
DA:1469,78
DA:1472,78
DA:1473,78
DA:1474,78
DA:1681,0
DA:1684,0
DA:1685,0
DA:1962,0
DA:1965,0
DA:1966,0
DA:2204,0
DA:2208,0
DA:2209,0
DA:2595,6
DA:2596,6
DA:2608,52
DA:2609,52
DA:2629,4
DA:2630,8
DA:2695,16
DA:2698,16
DA:3528,4
DA:3536,4
DA:3537,4
DA:3538,4
DA:3539,4
DA:3540,4
DA:3541,0
DA:3553,2
DA:3559,4
DA:3571,2
DA:3578,4
DA:3607,0
DA:3614,0
DA:3637,8
DA:3639,8
DA:3674,0
DA:3676,0
DA:3688,20
DA:3690,20
DA:3727,36
DA:3730,36
DA:3731,36
DA:4487,0
DA:4488,0
LF:179
LH:137
end_of_record
TN:
SF:/usr/include/c++/13/bits/basic_string.tcc
FN:138,160,_ZNSt7__cxx1112basic_stringIcSt11char_traitsIcESaIcEE9_M_createERmm
FN:221,252,_ZNSt7__cxx1112basic_stringIcSt11char_traitsIcESaIcEE12_M_constructIPKcEEvT_S8_St20forward_iterator_tag
FN:239,239,_ZZNSt7__cxx1112basic_stringIcSt11char_traitsIcESaIcEE12_M_constructIPKcEEvT_S8_St20forward_iterator_tagEN6_GuardC2EPS4_
FN:242,242,_ZZNSt7__cxx1112basic_stringIcSt11char_traitsIcESaIcEE12_M_constructIPKcEEvT_S8_St20forward_iterator_tagEN6_GuardD2Ev
FN:257,272,_ZNSt7__cxx1112basic_stringIcSt11char_traitsIcESaIcEE12_M_constructEmc
FN:304,320,_ZNSt7__cxx1112basic_stringIcSt11char_traitsIcESaIcEE7reserveEm
FN:325,345,_ZNSt7__cxx1112basic_stringIcSt11char_traitsIcESaIcEE9_M_mutateEmmPKcm
FN:413,428,_ZNSt7__cxx1112basic_stringIcSt11char_traitsIcESaIcEE9_M_appendEPKcm
FN:511,552,_ZNSt7__cxx1112basic_stringIcSt11char_traitsIcESaIcEE10_M_replaceEmmPKcm
FN:618,650,_ZNKSt7__cxx1112basic_stringIcSt11char_traitsIcESaIcEE4findEPKcmm
FN:655,669,_ZNKSt7__cxx1112basic_stringIcSt11char_traitsIcESaIcEE4findEcm
FNDA:3896,_ZNSt7__cxx1112basic_stringIcSt11char_traitsIcESaIcEE9_M_createERmm
FNDA:56,_ZNSt7__cxx1112basic_stringIcSt11char_traitsIcESaIcEE12_M_constructIPKcEEvT_S8_St20forward_iterator_tag
FNDA:56,_ZZNSt7__cxx1112basic_stringIcSt11char_traitsIcESaIcEE12_M_constructIPKcEEvT_S8_St20forward_iterator_tagEN6_GuardC2EPS4_
FNDA:56,_ZZNSt7__cxx1112basic_stringIcSt11char_traitsIcESaIcEE12_M_constructIPKcEEvT_S8_St20forward_iterator_tagEN6_GuardD2Ev
FNDA:30,_ZNSt7__cxx1112basic_stringIcSt11char_traitsIcESaIcEE12_M_constructEmc
FNDA:72,_ZNSt7__cxx1112basic_stringIcSt11char_traitsIcESaIcEE7reserveEm
FNDA:22,_ZNSt7__cxx1112basic_stringIcSt11char_traitsIcESaIcEE9_M_mutateEmmPKcm
FNDA:398,_ZNSt7__cxx1112basic_stringIcSt11char_traitsIcESaIcEE9_M_appendEPKcm
FNDA:2,_ZNSt7__cxx1112basic_stringIcSt11char_traitsIcESaIcEE10_M_replaceEmmPKcm
FNDA:16,_ZNKSt7__cxx1112basic_stringIcSt11char_traitsIcESaIcEE4findEPKcmm
FNDA:4,_ZNKSt7__cxx1112basic_stringIcSt11char_traitsIcESaIcEE4findEcm
FNF:11
FNH:11
DA:138,3896
DA:143,3896
DA:144,0
DA:149,3896
DA:151,52
DA:153,52
DA:154,0
DA:159,3896
DA:221,56
DA:225,56
DA:227,56
DA:229,0
DA:230,0
DA:239,56
DA:242,56
DA:245,56
DA:247,56
DA:249,56
DA:251,56
DA:252,56
DA:257,30
DA:260,30
DA:262,6
DA:263,6
DA:268,30
DA:269,20
DA:271,30
DA:272,30
DA:304,72
DA:307,72
DA:312,72
DA:313,2
DA:315,70
DA:316,70
DA:317,70
DA:318,70
DA:319,70
DA:325,22
DA:329,22
DA:331,22
DA:332,22
DA:334,22
DA:335,20
DA:336,22
DA:337,22
DA:338,22
DA:339,0
DA:340,0
DA:342,22
DA:343,22
DA:344,22
DA:345,22
DA:413,398
DA:416,398
DA:418,398
DA:420,376
DA:421,218
DA:424,22
DA:426,398
DA:427,398
DA:511,2
DA:515,2
DA:517,2
DA:518,2
DA:520,2
DA:522,2
DA:524,2
DA:526,2
DA:528,0
DA:529,0
DA:530,0
DA:531,0
DA:532,0
DA:533,0
DA:537,2
DA:539,2
DA:540,0
DA:541,2
DA:542,0
DA:545,0
DA:548,0
DA:550,2
DA:551,2
DA:618,16
DA:623,16
DA:625,16
DA:626,0
DA:627,16
DA:628,0
DA:630,16
DA:631,16
DA:632,16
DA:633,16
DA:634,16
DA:636,16
DA:639,16
DA:640,16
DA:641,0
DA:645,16
DA:646,16
DA:647,0
DA:649,0
DA:655,4
DA:658,4
DA:659,4
DA:660,4
DA:662,4
DA:663,4
DA:664,4
DA:665,4
DA:666,4
DA:668,4
LF:112
LH:91
end_of_record
TN:
SF:/usr/include/c++/13/bits/char_traits.h
FN:136,137,_ZN9__gnu_cxx11char_traitsIcE2eqERKcS3_
FN:199,206,_ZN9__gnu_cxx11char_traitsIcE6lengthEPKc
FN:210,217,_ZN9__gnu_cxx11char_traitsIcE4findEPKcmRS2_
FN:222,248,_ZN9__gnu_cxx11char_traitsIcE4moveEPcPKcm
FN:253,268,_ZN9__gnu_cxx11char_traitsIcE4copyEPcPKcm
FN:273,300,_ZN9__gnu_cxx11char_traitsIcE6assignEPcmc
FN:351,359,_ZNSt11char_traitsIcE6assignERcRKc
FN:366,371,_ZNSt11char_traitsIcE2ltERKcS2_
FN:374,390,_ZNSt11char_traitsIcE7compareEPKcS2_m
FN:393,400,_ZNSt11char_traitsIcE6lengthEPKc
FN:403,412,_ZNSt11char_traitsIcE4findEPKcmRS1_
FN:415,424,_ZNSt11char_traitsIcE4moveEPcPKcm
FN:427,436,_ZNSt11char_traitsIcE4copyEPcPKcm
FN:439,448,_ZNSt11char_traitsIcE6assignEPcmc
FNDA:0,_ZN9__gnu_cxx11char_traitsIcE2eqERKcS3_
FNDA:0,_ZN9__gnu_cxx11char_traitsIcE6lengthEPKc
FNDA:0,_ZN9__gnu_cxx11char_traitsIcE4findEPKcmRS2_
FNDA:0,_ZN9__gnu_cxx11char_traitsIcE4moveEPcPKcm
FNDA:0,_ZN9__gnu_cxx11char_traitsIcE4copyEPcPKcm
FNDA:0,_ZN9__gnu_cxx11char_traitsIcE6assignEPcmc
FNDA:648,_ZNSt11char_traitsIcE6assignERcRKc
FNDA:0,_ZNSt11char_traitsIcE2ltERKcS2_
FNDA:52,_ZNSt11char_traitsIcE7compareEPKcS2_m
FNDA:188,_ZNSt11char_traitsIcE6lengthEPKc
FNDA:20,_ZNSt11char_traitsIcE4findEPKcmRS1_
FNDA:0,_ZNSt11char_traitsIcE4moveEPcPKcm
FNDA:332,_ZNSt11char_traitsIcE4copyEPcPKcm
FNDA:20,_ZNSt11char_traitsIcE6assignEPcmc
FNF:14
FNH:6
DA:136,0
DA:137,0
DA:199,0
DA:202,0
DA:203,0
DA:204,0
DA:205,0
DA:210,0
DA:213,0
DA:214,0
DA:215,0
DA:216,0
DA:222,0
DA:225,0
DA:226,0
DA:228,0
DA:242,0
DA:243,0
DA:246,0
DA:247,0
DA:253,0
DA:256,0
DA:257,0
DA:259,0
DA:261,0
DA:262,0
DA:263,0
DA:266,0
DA:267,0
DA:273,0
DA:277,0
DA:279,0
DA:280,0
DA:281,0
DA:287,0
DA:290,0
DA:291,0
DA:299,0
DA:351,648
DA:354,648
DA:355,0
DA:358,648
DA:359,648
DA:366,0
DA:369,0
DA:370,0
DA:374,52
DA:376,52
DA:377,0
DA:379,52
DA:381,0
DA:382,0
DA:383,0
DA:384,0
DA:385,0
DA:386,0
DA:389,52
DA:393,188
DA:396,188
DA:397,0
DA:399,188
DA:403,20
DA:405,20
DA:406,0
DA:408,20
DA:409,0
DA:411,20
DA:415,0
DA:417,0
DA:418,0
DA:420,0
DA:421,0
DA:423,0
DA:427,332
DA:429,332
DA:430,0
DA:432,332
DA:433,0
DA:435,332
DA:439,20
DA:441,20
DA:442,0
DA:444,20
DA:445,0
DA:447,20
LF:85
LH:23
end_of_record
TN:
SF:/usr/include/c++/13/bits/chrono.h
FN:1141,1143,_ZNSt6chronomiINS_3_V212system_clockENS_8durationIlSt5ratioILl1ELl1000000000EEEES6_EENSt11common_typeIJT0_T1_EE4typeERKNS_10time_pointIT_S8_EERKNSC_ISD_S9_EE
FN:208,213,_ZNSt6chrono20__duration_cast_implINS_8durationIlSt5ratioILl1ELl1EEEES2_ILl1ELl1000000000EElLb1ELb0EE6__castIlS5_EES4_RKNS1_IT_T0_EE
FN:273,291,_ZNSt6chrono13duration_castINS_8durationIlSt5ratioILl1ELl1EEEElS2_ILl1ELl1000000000EEEENSt9enable_ifIXsrNS_13__is_durationIT_EE5valueES8_E4typeERKNS1_IT0_T1_EE
FN:573,574,_ZNSt6chrono8durationIlSt5ratioILl1ELl1000000000EEEC1IlvEERKT_
FN:573,574,_ZNSt6chrono8durationIlSt5ratioILl1ELl1EEEC1IlvEERKT_
FN:589,590,_ZNKSt6chrono8durationIlSt5ratioILl1ELl1000000000EEE5countEv
FN:589,590,_ZNKSt6chrono8durationIlSt5ratioILl1ELl1EEE5countEv
FN:710,717,_ZNSt6chronomiIlSt5ratioILl1ELl1000000000EElS2_EENSt11common_typeIJNS_8durationIT_T0_EENS4_IT1_T2_EEEE4typeERKS7_RKSA_
FN:949,950,_ZNKSt6chrono10time_pointINS_3_V212system_clockENS_8durationIlSt5ratioILl1ELl1000000000EEEEE16time_since_epochEv
FNDA:0,_ZNSt6chronomiINS_3_V212system_clockENS_8durationIlSt5ratioILl1ELl1000000000EEEES6_EENSt11common_typeIJT0_T1_EE4typeERKNS_10time_pointIT_S8_EERKNSC_ISD_S9_EE
FNDA:0,_ZNSt6chrono20__duration_cast_implINS_8durationIlSt5ratioILl1ELl1EEEES2_ILl1ELl1000000000EElLb1ELb0EE6__castIlS5_EES4_RKNS1_IT_T0_EE
FNDA:0,_ZNSt6chrono13duration_castINS_8durationIlSt5ratioILl1ELl1EEEElS2_ILl1ELl1000000000EEEENSt9enable_ifIXsrNS_13__is_durationIT_EE5valueES8_E4typeERKNS1_IT0_T1_EE
FNDA:0,_ZNSt6chrono8durationIlSt5ratioILl1ELl1000000000EEEC1IlvEERKT_
FNDA:0,_ZNSt6chrono8durationIlSt5ratioILl1ELl1EEEC1IlvEERKT_
FNDA:0,_ZNKSt6chrono8durationIlSt5ratioILl1ELl1000000000EEE5countEv
FNDA:0,_ZNKSt6chrono8durationIlSt5ratioILl1ELl1EEE5countEv
FNDA:0,_ZNSt6chronomiIlSt5ratioILl1ELl1000000000EElS2_EENSt11common_typeIJNS_8durationIT_T0_EENS4_IT1_T2_EEEE4typeERKS7_RKSA_
FNDA:0,_ZNKSt6chrono10time_pointINS_3_V212system_clockENS_8durationIlSt5ratioILl1ELl1000000000EEEEE16time_since_epochEv
FNF:9
FNH:0
DA:208,0
DA:211,0
DA:212,0
DA:273,0
DA:287,0
DA:573,0
DA:574,0
DA:589,0
DA:590,0
DA:710,0
DA:716,0
DA:949,0
DA:950,0
DA:1141,0
DA:1143,0
LF:15
LH:0
end_of_record
TN:
SF:/usr/include/c++/13/bits/move.h
FN:138,139,_ZSt9addressofIKcEPT_RS1_
FN:138,139,_ZSt9addressofIcEPT_RS0_
FN:51,52,_ZSt11__addressofIKcEPT_RS1_
FN:51,52,_ZSt11__addressofIcEPT_RS0_
FN:70,71,_ZSt7forwardIRKcEOT_RNSt16remove_referenceIS2_E4typeE
FN:70,71,_ZSt7forwardIRcEOT_RNSt16remove_referenceIS1_E4typeE
FN:97,98,_ZSt4moveIRNSt7__cxx1112basic_stringIcSt11char_traitsIcESaIcEEEEONSt16remove_referenceIT_E4typeEOS8_
FN:97,98,_ZSt4moveIRSaIcEEONSt16remove_referenceIT_E4typeEOS3_
FNDA:788,_ZSt9addressofIKcEPT_RS1_
FNDA:202,_ZSt9addressofIcEPT_RS0_
FNDA:788,_ZSt11__addressofIKcEPT_RS1_
FNDA:202,_ZSt11__addressofIcEPT_RS0_
FNDA:0,_ZSt7forwardIRKcEOT_RNSt16remove_referenceIS2_E4typeE
FNDA:0,_ZSt7forwardIRcEOT_RNSt16remove_referenceIS1_E4typeE
FNDA:28,_ZSt4moveIRNSt7__cxx1112basic_stringIcSt11char_traitsIcESaIcEEEEONSt16remove_referenceIT_E4typeEOS8_
FNDA:120,_ZSt4moveIRSaIcEEONSt16remove_referenceIT_E4typeEOS3_
FNF:8
FNH:6
DA:51,990
DA:52,990
DA:70,0
DA:71,0
DA:97,148
DA:98,148
DA:138,990
DA:139,990
LF:8
LH:6
end_of_record
TN:
SF:/usr/include/c++/13/bits/new_allocator.h
FN:126,152,_ZNSt15__new_allocatorIcE8allocateEmPKv
FN:156,173,_ZNSt15__new_allocatorIcE10deallocateEPcm
FNDA:3896,_ZNSt15__new_allocatorIcE8allocateEmPKv
FNDA:28,_ZNSt15__new_allocatorIcE10deallocateEPcm
FNF:2
FNH:2
DA:88,128
DA:92,176
DA:126,3896
DA:134,3896
DA:140,0
DA:151,3896
DA:156,28
DA:172,28
DA:233,3896
LF:9
LH:8
end_of_record
TN:
SF:/usr/include/c++/13/bits/ptr_traits.h
FN:141,142,_ZNSt19__ptr_traits_ptr_toIPKcS0_Lb0EE10pointer_toERS0_
FN:141,142,_ZNSt19__ptr_traits_ptr_toIPccLb0EE10pointer_toERc
FNDA:788,_ZNSt19__ptr_traits_ptr_toIPKcS0_Lb0EE10pointer_toERS0_
FNDA:202,_ZNSt19__ptr_traits_ptr_toIPccLb0EE10pointer_toERc
FNF:2
FNH:2
DA:141,990
DA:142,990
LF:2
LH:2
end_of_record
TN:
SF:/usr/include/c++/13/bits/stl_algobase.h
FN:233,241,_ZSt3minIfERKT_S2_S2_
FNDA:6,_ZSt3minIfERKT_S2_S2_
FNF:1
FNH:1
DA:233,6
DA:238,6
DA:239,0
DA:240,6
LF:4
LH:3
end_of_record
TN:
SF:/usr/include/c++/13/bits/stl_construct.h
FN:94,97,_ZSt12construct_atIcJRKcEEDTgsnwcvPvLi0E_T_pispcl7declvalIT0_EEEEPS3_DpOS4_
FN:94,97,_ZSt12construct_atIcJRcEEDTgsnwcvPvLi0E_T_pispcl7declvalIT0_EEEEPS2_DpOS3_
FNDA:0,_ZSt12construct_atIcJRKcEEDTgsnwcvPvLi0E_T_pispcl7declvalIT0_EEEEPS3_DpOS4_
FNDA:0,_ZSt12construct_atIcJRcEEDTgsnwcvPvLi0E_T_pispcl7declvalIT0_EEEEPS2_DpOS3_
FNF:2
FNH:0
DA:94,0
DA:97,0
LF:2
LH:0
end_of_record
TN:
SF:/usr/include/c++/13/bits/stl_function.h
FN:451,458,_ZNKSt4lessIPKcEclES1_S1_
FNDA:4,_ZNKSt4lessIPKcEclES1_S1_
FNF:1
FNH:1
DA:451,4
DA:454,4
DA:455,0
DA:457,4
LF:4
LH:3
end_of_record
TN:
SF:/usr/include/c++/13/bits/stl_iterator_base_funcs.h
FNF:0
FNH:0
DA:106,56
DA:151,112
DA:152,112
LF:3
LH:3
end_of_record
TN:
SF:/usr/include/c++/13/bits/stl_iterator_base_types.h
FNF:0
FNH:0
DA:240,56
LF:1
LH:1
end_of_record
TN:
SF:/usr/include/c++/13/cmath
FN:2482,2483,_ZSt5roundf
FNDA:6,_ZSt5roundf
FNF:1
FNH:1
DA:2482,6
DA:2483,6
LF:2
LH:2
end_of_record
TN:
SF:/usr/include/c++/13/ext/alloc_traits.h
FNF:0
FNH:0
DA:98,4
LF:1
LH:1
end_of_record
TN:
SF:/usr/include/c++/13/new
FN:174,175,_ZnwmPv
FNDA:0,_ZnwmPv
FNF:1
FNH:0
DA:174,0
DA:175,0
LF:2
LH:0
end_of_record
TN:
SF:/usr/include/c++/13/type_traits
FN:3649,3656,_ZSt21is_constant_evaluatedv
FNDA:190,_ZSt21is_constant_evaluatedv
FNF:1
FNH:1
DA:3649,190
DA:3654,190
LF:2
LH:2
end_of_record
TN:
SF:/usr/include/catch2/catch_tostring.hpp
FN:124,130,_ZN5Catch11StringMakerItvE7convertItEENSt9enable_ifIXsrNS_6Detail18IsStreamInsertableIT_EE5valueENSt7__cxx1112basic_stringIcSt11char_traitsIcESaIcEEEE4typeERKS6_
FN:149,151,_ZN5Catch6Detail9stringifyIA10_cEENSt7__cxx1112basic_stringIcSt11char_traitsIcESaIcEEERKT_
FN:149,151,_ZN5Catch6Detail9stringifyIA4_cEENSt7__cxx1112basic_stringIcSt11char_traitsIcESaIcEEERKT_
FN:149,151,_ZN5Catch6Detail9stringifyIA6_cEENSt7__cxx1112basic_stringIcSt11char_traitsIcESaIcEEERKT_
FN:149,151,_ZN5Catch6Detail9stringifyIA7_cEENSt7__cxx1112basic_stringIcSt11char_traitsIcESaIcEEERKT_
FN:149,151,_ZN5Catch6Detail9stringifyIA8_cEENSt7__cxx1112basic_stringIcSt11char_traitsIcESaIcEEERKT_
FN:149,151,_ZN5Catch6Detail9stringifyIA9_cEENSt7__cxx1112basic_stringIcSt11char_traitsIcESaIcEEERKT_
FN:149,151,_ZN5Catch6Detail9stringifyINSt7__cxx1112basic_stringIcSt11char_traitsIcESaIcEEEEES7_RKT_
FN:149,151,_ZN5Catch6Detail9stringifyIbEENSt7__cxx1112basic_stringIcSt11char_traitsIcESaIcEEERKT_
FN:149,151,_ZN5Catch6Detail9stringifyIfEENSt7__cxx1112basic_stringIcSt11char_traitsIcESaIcEEERKT_
FN:149,151,_ZN5Catch6Detail9stringifyIiEENSt7__cxx1112basic_stringIcSt11char_traitsIcESaIcEEERKT_
FN:149,151,_ZN5Catch6Detail9stringifyIjEENSt7__cxx1112basic_stringIcSt11char_traitsIcESaIcEEERKT_
FN:149,151,_ZN5Catch6Detail9stringifyImEENSt7__cxx1112basic_stringIcSt11char_traitsIcESaIcEEERKT_
FN:149,151,_ZN5Catch6Detail9stringifyItEENSt7__cxx1112basic_stringIcSt11char_traitsIcESaIcEEERKT_
FN:215,218,_ZN5Catch11StringMakerIA10_cvE7convertB5cxx11EPKc
FN:215,218,_ZN5Catch11StringMakerIA4_cvE7convertB5cxx11EPKc
FN:215,218,_ZN5Catch11StringMakerIA6_cvE7convertB5cxx11EPKc
FN:215,218,_ZN5Catch11StringMakerIA7_cvE7convertB5cxx11EPKc
FN:215,218,_ZN5Catch11StringMakerIA8_cvE7convertB5cxx11EPKc
FN:215,218,_ZN5Catch11StringMakerIA9_cvE7convertB5cxx11EPKc
FN:270,273,_ZN5Catch11StringMakerIbvE7convertB5cxx11Eb
FN:43,49,_ZN5Catch6Detail13catch_strnlenEPKcm
FNDA:0,_ZN5Catch11StringMakerItvE7convertItEENSt9enable_ifIXsrNS_6Detail18IsStreamInsertableIT_EE5valueENSt7__cxx1112basic_stringIcSt11char_traitsIcESaIcEEEE4typeERKS6_
FNDA:0,_ZN5Catch6Detail9stringifyIA10_cEENSt7__cxx1112basic_stringIcSt11char_traitsIcESaIcEEERKT_
FNDA:0,_ZN5Catch6Detail9stringifyIA4_cEENSt7__cxx1112basic_stringIcSt11char_traitsIcESaIcEEERKT_
FNDA:0,_ZN5Catch6Detail9stringifyIA6_cEENSt7__cxx1112basic_stringIcSt11char_traitsIcESaIcEEERKT_
FNDA:0,_ZN5Catch6Detail9stringifyIA7_cEENSt7__cxx1112basic_stringIcSt11char_traitsIcESaIcEEERKT_
FNDA:0,_ZN5Catch6Detail9stringifyIA8_cEENSt7__cxx1112basic_stringIcSt11char_traitsIcESaIcEEERKT_
FNDA:0,_ZN5Catch6Detail9stringifyIA9_cEENSt7__cxx1112basic_stringIcSt11char_traitsIcESaIcEEERKT_
FNDA:0,_ZN5Catch6Detail9stringifyINSt7__cxx1112basic_stringIcSt11char_traitsIcESaIcEEEEES7_RKT_
FNDA:0,_ZN5Catch6Detail9stringifyIbEENSt7__cxx1112basic_stringIcSt11char_traitsIcESaIcEEERKT_
FNDA:0,_ZN5Catch6Detail9stringifyIfEENSt7__cxx1112basic_stringIcSt11char_traitsIcESaIcEEERKT_
FNDA:0,_ZN5Catch6Detail9stringifyIiEENSt7__cxx1112basic_stringIcSt11char_traitsIcESaIcEEERKT_
FNDA:0,_ZN5Catch6Detail9stringifyIjEENSt7__cxx1112basic_stringIcSt11char_traitsIcESaIcEEERKT_
FNDA:0,_ZN5Catch6Detail9stringifyImEENSt7__cxx1112basic_stringIcSt11char_traitsIcESaIcEEERKT_
FNDA:0,_ZN5Catch6Detail9stringifyItEENSt7__cxx1112basic_stringIcSt11char_traitsIcESaIcEEERKT_
FNDA:0,_ZN5Catch11StringMakerIA10_cvE7convertB5cxx11EPKc
FNDA:0,_ZN5Catch11StringMakerIA4_cvE7convertB5cxx11EPKc
FNDA:0,_ZN5Catch11StringMakerIA6_cvE7convertB5cxx11EPKc
FNDA:0,_ZN5Catch11StringMakerIA7_cvE7convertB5cxx11EPKc
FNDA:0,_ZN5Catch11StringMakerIA8_cvE7convertB5cxx11EPKc
FNDA:0,_ZN5Catch11StringMakerIA9_cvE7convertB5cxx11EPKc
FNDA:0,_ZN5Catch11StringMakerIbvE7convertB5cxx11Eb
FNDA:0,_ZN5Catch6Detail13catch_strnlenEPKcm
FNF:22
FNH:0
DA:43,0
DA:44,0
DA:45,0
DA:46,0
DA:48,0
DA:124,0
DA:125,0
DA:128,0
DA:129,0
DA:130,0
DA:149,0
DA:150,0
DA:215,0
DA:217,0
DA:270,0
DA:272,0
LF:16
LH:0
end_of_record
TN:
SF:/usr/include/catch2/internal/catch_assertion_handler.hpp
FN:37,41,_ZN5Catch16AssertionHandlerD2Ev
FN:45,47,_ZN5Catch16AssertionHandler10handleExprIbEEvRKNS_7ExprLhsIT_EE
FNDA:236,_ZN5Catch16AssertionHandlerD2Ev
FNDA:48,_ZN5Catch16AssertionHandler10handleExprIbEEvRKNS_7ExprLhsIT_EE
FNF:2
FNH:2
DA:37,236
DA:38,236
DA:39,0
DA:41,236
DA:45,48
DA:46,48
DA:47,48
LF:7
LH:6
end_of_record
TN:
SF:/usr/include/catch2/internal/catch_decomposer.hpp
FN:152,154,_ZNK5Catch9UnaryExprIbE29streamReconstructedExpressionERSo
FN:157,160,_ZN5Catch9UnaryExprIbEC2Eb
FN:168,168,_ZN5Catch7ExprLhsIRKNSt7__cxx1112basic_stringIcSt11char_traitsIcESaIcEEEEC2ES8_
FN:168,168,_ZN5Catch7ExprLhsIbEC2Eb
FN:168,168,_ZN5Catch7ExprLhsIfEC2Ef
FN:168,168,_ZN5Catch7ExprLhsIjEC2Ej
FN:168,168,_ZN5Catch7ExprLhsImEC2Em
FN:168,168,_ZN5Catch7ExprLhsItEC2Et
FN:218,218,_ZN5CatcheqIRA10_KcEENSt9enable_ifIXsrSt11conjunctionIJNS_6Detail16is_eq_comparableIRKNSt7__cxx1112basic_stringIcSt11char_traitsIcESaIcEEET_vEESt8negationISt13is_arithmeticINSt16remove_referenceISG_E4typeEEEEE5valueENS_10BinaryExprISF_RKSG_EEE4typeEONS_7ExprLhsISF_EEOSG_
FN:218,218,_ZN5CatcheqIRA4_KcEENSt9enable_ifIXsrSt11conjunctionIJNS_6Detail16is_eq_comparableIRKNSt7__cxx1112basic_stringIcSt11char_traitsIcESaIcEEET_vEESt8negationISt13is_arithmeticINSt16remove_referenceISG_E4typeEEEEE5valueENS_10BinaryExprISF_RKSG_EEE4typeEONS_7ExprLhsISF_EEOSG_
FN:218,218,_ZN5CatcheqIRA6_KcEENSt9enable_ifIXsrSt11conjunctionIJNS_6Detail16is_eq_comparableIRKNSt7__cxx1112basic_stringIcSt11char_traitsIcESaIcEEET_vEESt8negationISt13is_arithmeticINSt16remove_referenceISG_E4typeEEEEE5valueENS_10BinaryExprISF_RKSG_EEE4typeEONS_7ExprLhsISF_EEOSG_
FN:218,218,_ZN5CatcheqIRA7_KcEENSt9enable_ifIXsrSt11conjunctionIJNS_6Detail16is_eq_comparableIRKNSt7__cxx1112basic_stringIcSt11char_traitsIcESaIcEEET_vEESt8negationISt13is_arithmeticINSt16remove_referenceISG_E4typeEEEEE5valueENS_10BinaryExprISF_RKSG_EEE4typeEONS_7ExprLhsISF_EEOSG_
FN:218,218,_ZN5CatcheqIRA8_KcEENSt9enable_ifIXsrSt11conjunctionIJNS_6Detail16is_eq_comparableIRKNSt7__cxx1112basic_stringIcSt11char_traitsIcESaIcEEET_vEESt8negationISt13is_arithmeticINSt16remove_referenceISG_E4typeEEEEE5valueENS_10BinaryExprISF_RKSG_EEE4typeEONS_7ExprLhsISF_EEOSG_
FN:218,218,_ZN5CatcheqIRA9_KcEENSt9enable_ifIXsrSt11conjunctionIJNS_6Detail16is_eq_comparableIRKNSt7__cxx1112basic_stringIcSt11char_traitsIcESaIcEEET_vEESt8negationISt13is_arithmeticINSt16remove_referenceISG_E4typeEEEEE5valueENS_10BinaryExprISF_RKSG_EEE4typeEONS_7ExprLhsISF_EEOSG_
FN:218,218,_ZN5CatcheqIfEENSt9enable_ifIXsrSt11conjunctionIJNS_6Detail16is_eq_comparableIfT_vEESt13is_arithmeticIS5_EEE5valueENS_10BinaryExprIfS5_EEE4typeEONS_7ExprLhsIfEES5_
FN:218,218,_ZN5CatcheqIiEENSt9enable_ifIXsrSt11conjunctionIJNS_6Detail16is_eq_comparableIjT_vEESt13is_arithmeticIS5_EEE5valueENS_10BinaryExprIjS5_EEE4typeEONS_7ExprLhsIjEES5_
FN:218,218,_ZN5CatcheqIiEENSt9enable_ifIXsrSt11conjunctionIJNS_6Detail16is_eq_comparableItT_vEESt13is_arithmeticIS5_EEE5valueENS_10BinaryExprItS5_EEE4typeEONS_7ExprLhsItEES5_
FN:218,218,_ZN5CatcheqItEENSt9enable_ifIXsrSt11conjunctionIJNS_6Detail16is_eq_comparableItT_vEESt13is_arithmeticIS5_EEE5valueENS_10BinaryExprItS5_EEE4typeEONS_7ExprLhsItEES5_
FN:219,219,_ZN5CatchneImEENSt9enable_ifIXsrSt11conjunctionIJNS_6Detail16is_ne_comparableImT_vEESt13is_arithmeticIS5_EEE5valueENS_10BinaryExprImS5_EEE4typeEONS_7ExprLhsImEES5_
FN:219,219,_ZN5CatchneItEENSt9enable_ifIXsrSt11conjunctionIJNS_6Detail16is_ne_comparableItT_vEESt13is_arithmeticIS5_EEE5valueENS_10BinaryExprItS5_EEE4typeEONS_7ExprLhsItEES5_
FN:312,314,_ZNK5Catch7ExprLhsIbE13makeUnaryExprEv
FN:319,321,_ZN5CatchleINSt7__cxx1112basic_stringIcSt11char_traitsIcESaIcEEELi0EEENS_7ExprLhsIRKT_EEONS_10DecomposerEOS8_
FN:324,326,_ZN5CatchleIbLi0EEENS_7ExprLhsIT_EEONS_10DecomposerES2_
FN:324,326,_ZN5CatchleIfLi0EEENS_7ExprLhsIT_EEONS_10DecomposerES2_
FN:324,326,_ZN5CatchleIjLi0EEENS_7ExprLhsIT_EEONS_10DecomposerES2_
FN:324,326,_ZN5CatchleImLi0EEENS_7ExprLhsIT_EEONS_10DecomposerES2_
FN:324,326,_ZN5CatchleItLi0EEENS_7ExprLhsIT_EEONS_10DecomposerES2_
FN:51,54,_ZN5Catch20ITransientExpressionC2Ebb
FN:78,81,_ZNK5Catch10BinaryExprIRKNSt7__cxx1112basic_stringIcSt11char_traitsIcESaIcEEERA10_KcE29streamReconstructedExpressionERSo
FN:78,81,_ZNK5Catch10BinaryExprIRKNSt7__cxx1112basic_stringIcSt11char_traitsIcESaIcEEERA4_KcE29streamReconstructedExpressionERSo
FN:78,81,_ZNK5Catch10BinaryExprIRKNSt7__cxx1112basic_stringIcSt11char_traitsIcESaIcEEERA6_KcE29streamReconstructedExpressionERSo
FN:78,81,_ZNK5Catch10BinaryExprIRKNSt7__cxx1112basic_stringIcSt11char_traitsIcESaIcEEERA7_KcE29streamReconstructedExpressionERSo
FN:78,81,_ZNK5Catch10BinaryExprIRKNSt7__cxx1112basic_stringIcSt11char_traitsIcESaIcEEERA8_KcE29streamReconstructedExpressionERSo
FN:78,81,_ZNK5Catch10BinaryExprIRKNSt7__cxx1112basic_stringIcSt11char_traitsIcESaIcEEERA9_KcE29streamReconstructedExpressionERSo
FN:78,81,_ZNK5Catch10BinaryExprIffE29streamReconstructedExpressionERSo
FN:78,81,_ZNK5Catch10BinaryExprIjiE29streamReconstructedExpressionERSo
FN:78,81,_ZNK5Catch10BinaryExprImmE29streamReconstructedExpressionERSo
FN:78,81,_ZNK5Catch10BinaryExprItiE29streamReconstructedExpressionERSo
FN:78,81,_ZNK5Catch10BinaryExprIttE29streamReconstructedExpressionERSo
FN:84,89,_ZN5Catch10BinaryExprIRKNSt7__cxx1112basic_stringIcSt11char_traitsIcESaIcEEERA10_KcEC2EbS8_NS_9StringRefESB_
FN:84,89,_ZN5Catch10BinaryExprIRKNSt7__cxx1112basic_stringIcSt11char_traitsIcESaIcEEERA4_KcEC2EbS8_NS_9StringRefESB_
FN:84,89,_ZN5Catch10BinaryExprIRKNSt7__cxx1112basic_stringIcSt11char_traitsIcESaIcEEERA6_KcEC2EbS8_NS_9StringRefESB_
FN:84,89,_ZN5Catch10BinaryExprIRKNSt7__cxx1112basic_stringIcSt11char_traitsIcESaIcEEERA7_KcEC2EbS8_NS_9StringRefESB_
FN:84,89,_ZN5Catch10BinaryExprIRKNSt7__cxx1112basic_stringIcSt11char_traitsIcESaIcEEERA8_KcEC2EbS8_NS_9StringRefESB_
FN:84,89,_ZN5Catch10BinaryExprIRKNSt7__cxx1112basic_stringIcSt11char_traitsIcESaIcEEERA9_KcEC2EbS8_NS_9StringRefESB_
FN:84,89,_ZN5Catch10BinaryExprIffEC2EbfNS_9StringRefEf
FN:84,89,_ZN5Catch10BinaryExprIjiEC2EbjNS_9StringRefEi
FN:84,89,_ZN5Catch10BinaryExprImmEC2EbmNS_9StringRefEm
FN:84,89,_ZN5Catch10BinaryExprItiEC2EbtNS_9StringRefEi
FN:84,89,_ZN5Catch10BinaryExprIttEC2EbtNS_9StringRefEt
FNDA:0,_ZNK5Catch9UnaryExprIbE29streamReconstructedExpressionERSo
FNDA:48,_ZN5Catch9UnaryExprIbEC2Eb
FNDA:36,_ZN5Catch7ExprLhsIRKNSt7__cxx1112basic_stringIcSt11char_traitsIcESaIcEEEEC2ES8_
FNDA:48,_ZN5Catch7ExprLhsIbEC2Eb
FNDA:68,_ZN5Catch7ExprLhsIfEC2Ef
FNDA:2,_ZN5Catch7ExprLhsIjEC2Ej
FNDA:20,_ZN5Catch7ExprLhsImEC2Em
FNDA:62,_ZN5Catch7ExprLhsItEC2Et
FNDA:2,_ZN5CatcheqIRA10_KcEENSt9enable_ifIXsrSt11conjunctionIJNS_6Detail16is_eq_comparableIRKNSt7__cxx1112basic_stringIcSt11char_traitsIcESaIcEEET_vEESt8negationISt13is_arithmeticINSt16remove_referenceISG_E4typeEEEEE5valueENS_10BinaryExprISF_RKSG_EEE4typeEONS_7ExprLhsISF_EEOSG_
FNDA:4,_ZN5CatcheqIRA4_KcEENSt9enable_ifIXsrSt11conjunctionIJNS_6Detail16is_eq_comparableIRKNSt7__cxx1112basic_stringIcSt11char_traitsIcESaIcEEET_vEESt8negationISt13is_arithmeticINSt16remove_referenceISG_E4typeEEEEE5valueENS_10BinaryExprISF_RKSG_EEE4typeEONS_7ExprLhsISF_EEOSG_
FNDA:6,_ZN5CatcheqIRA6_KcEENSt9enable_ifIXsrSt11conjunctionIJNS_6Detail16is_eq_comparableIRKNSt7__cxx1112basic_stringIcSt11char_traitsIcESaIcEEET_vEESt8negationISt13is_arithmeticINSt16remove_referenceISG_E4typeEEEEE5valueENS_10BinaryExprISF_RKSG_EEE4typeEONS_7ExprLhsISF_EEOSG_
FNDA:4,_ZN5CatcheqIRA7_KcEENSt9enable_ifIXsrSt11conjunctionIJNS_6Detail16is_eq_comparableIRKNSt7__cxx1112basic_stringIcSt11char_traitsIcESaIcEEET_vEESt8negationISt13is_arithmeticINSt16remove_referenceISG_E4typeEEEEE5valueENS_10BinaryExprISF_RKSG_EEE4typeEONS_7ExprLhsISF_EEOSG_
FNDA:14,_ZN5CatcheqIRA8_KcEENSt9enable_ifIXsrSt11conjunctionIJNS_6Detail16is_eq_comparableIRKNSt7__cxx1112basic_stringIcSt11char_traitsIcESaIcEEET_vEESt8negationISt13is_arithmeticINSt16remove_referenceISG_E4typeEEEEE5valueENS_10BinaryExprISF_RKSG_EEE4typeEONS_7ExprLhsISF_EEOSG_
FNDA:6,_ZN5CatcheqIRA9_KcEENSt9enable_ifIXsrSt11conjunctionIJNS_6Detail16is_eq_comparableIRKNSt7__cxx1112basic_stringIcSt11char_traitsIcESaIcEEET_vEESt8negationISt13is_arithmeticINSt16remove_referenceISG_E4typeEEEEE5valueENS_10BinaryExprISF_RKSG_EEE4typeEONS_7ExprLhsISF_EEOSG_
FNDA:68,_ZN5CatcheqIfEENSt9enable_ifIXsrSt11conjunctionIJNS_6Detail16is_eq_comparableIfT_vEESt13is_arithmeticIS5_EEE5valueENS_10BinaryExprIfS5_EEE4typeEONS_7ExprLhsIfEES5_
FNDA:2,_ZN5CatcheqIiEENSt9enable_ifIXsrSt11conjunctionIJNS_6Detail16is_eq_comparableIjT_vEESt13is_arithmeticIS5_EEE5valueENS_10BinaryExprIjS5_EEE4typeEONS_7ExprLhsIjEES5_
FNDA:56,_ZN5CatcheqIiEENSt9enable_ifIXsrSt11conjunctionIJNS_6Detail16is_eq_comparableItT_vEESt13is_arithmeticIS5_EEE5valueENS_10BinaryExprItS5_EEE4typeEONS_7ExprLhsItEES5_
FNDA:2,_ZN5CatcheqItEENSt9enable_ifIXsrSt11conjunctionIJNS_6Detail16is_eq_comparableItT_vEESt13is_arithmeticIS5_EEE5valueENS_10BinaryExprItS5_EEE4typeEONS_7ExprLhsItEES5_
FNDA:20,_ZN5CatchneImEENSt9enable_ifIXsrSt11conjunctionIJNS_6Detail16is_ne_comparableImT_vEESt13is_arithmeticIS5_EEE5valueENS_10BinaryExprImS5_EEE4typeEONS_7ExprLhsImEES5_
FNDA:4,_ZN5CatchneItEENSt9enable_ifIXsrSt11conjunctionIJNS_6Detail16is_ne_comparableItT_vEESt13is_arithmeticIS5_EEE5valueENS_10BinaryExprItS5_EEE4typeEONS_7ExprLhsItEES5_
FNDA:48,_ZNK5Catch7ExprLhsIbE13makeUnaryExprEv
FNDA:36,_ZN5CatchleINSt7__cxx1112basic_stringIcSt11char_traitsIcESaIcEEELi0EEENS_7ExprLhsIRKT_EEONS_10DecomposerEOS8_
FNDA:48,_ZN5CatchleIbLi0EEENS_7ExprLhsIT_EEONS_10DecomposerES2_
FNDA:68,_ZN5CatchleIfLi0EEENS_7ExprLhsIT_EEONS_10DecomposerES2_
FNDA:2,_ZN5CatchleIjLi0EEENS_7ExprLhsIT_EEONS_10DecomposerES2_
FNDA:20,_ZN5CatchleImLi0EEENS_7ExprLhsIT_EEONS_10DecomposerES2_
FNDA:62,_ZN5CatchleItLi0EEENS_7ExprLhsIT_EEONS_10DecomposerES2_
FNDA:236,_ZN5Catch20ITransientExpressionC2Ebb
FNDA:0,_ZNK5Catch10BinaryExprIRKNSt7__cxx1112basic_stringIcSt11char_traitsIcESaIcEEERA10_KcE29streamReconstructedExpressionERSo
FNDA:0,_ZNK5Catch10BinaryExprIRKNSt7__cxx1112basic_stringIcSt11char_traitsIcESaIcEEERA4_KcE29streamReconstructedExpressionERSo
FNDA:0,_ZNK5Catch10BinaryExprIRKNSt7__cxx1112basic_stringIcSt11char_traitsIcESaIcEEERA6_KcE29streamReconstructedExpressionERSo
FNDA:0,_ZNK5Catch10BinaryExprIRKNSt7__cxx1112basic_stringIcSt11char_traitsIcESaIcEEERA7_KcE29streamReconstructedExpressionERSo
FNDA:0,_ZNK5Catch10BinaryExprIRKNSt7__cxx1112basic_stringIcSt11char_traitsIcESaIcEEERA8_KcE29streamReconstructedExpressionERSo
FNDA:0,_ZNK5Catch10BinaryExprIRKNSt7__cxx1112basic_stringIcSt11char_traitsIcESaIcEEERA9_KcE29streamReconstructedExpressionERSo
FNDA:0,_ZNK5Catch10BinaryExprIffE29streamReconstructedExpressionERSo
FNDA:0,_ZNK5Catch10BinaryExprIjiE29streamReconstructedExpressionERSo
FNDA:0,_ZNK5Catch10BinaryExprImmE29streamReconstructedExpressionERSo
FNDA:0,_ZNK5Catch10BinaryExprItiE29streamReconstructedExpressionERSo
FNDA:0,_ZNK5Catch10BinaryExprIttE29streamReconstructedExpressionERSo
FNDA:2,_ZN5Catch10BinaryExprIRKNSt7__cxx1112basic_stringIcSt11char_traitsIcESaIcEEERA10_KcEC2EbS8_NS_9StringRefESB_
FNDA:4,_ZN5Catch10BinaryExprIRKNSt7__cxx1112basic_stringIcSt11char_traitsIcESaIcEEERA4_KcEC2EbS8_NS_9StringRefESB_
FNDA:6,_ZN5Catch10BinaryExprIRKNSt7__cxx1112basic_stringIcSt11char_traitsIcESaIcEEERA6_KcEC2EbS8_NS_9StringRefESB_
FNDA:4,_ZN5Catch10BinaryExprIRKNSt7__cxx1112basic_stringIcSt11char_traitsIcESaIcEEERA7_KcEC2EbS8_NS_9StringRefESB_
FNDA:14,_ZN5Catch10BinaryExprIRKNSt7__cxx1112basic_stringIcSt11char_traitsIcESaIcEEERA8_KcEC2EbS8_NS_9StringRefESB_
FNDA:6,_ZN5Catch10BinaryExprIRKNSt7__cxx1112basic_stringIcSt11char_traitsIcESaIcEEERA9_KcEC2EbS8_NS_9StringRefESB_
FNDA:68,_ZN5Catch10BinaryExprIffEC2EbfNS_9StringRefEf
FNDA:2,_ZN5Catch10BinaryExprIjiEC2EbjNS_9StringRefEi
FNDA:20,_ZN5Catch10BinaryExprImmEC2EbmNS_9StringRefEm
FNDA:56,_ZN5Catch10BinaryExprItiEC2EbtNS_9StringRefEi
FNDA:6,_ZN5Catch10BinaryExprIttEC2EbtNS_9StringRefEt
FNF:50
FNH:38
DA:51,236
DA:52,236
DA:53,236
DA:54,236
DA:78,0
DA:80,0
DA:81,0
DA:84,188
DA:86,188
DA:87,188
DA:88,188
DA:89,188
DA:152,0
DA:153,0
DA:154,0
DA:157,48
DA:159,48
DA:160,48
DA:168,236
DA:218,164
DA:219,24
DA:312,48
DA:313,48
DA:319,36
DA:320,36
DA:324,200
DA:325,200
LF:27
LH:21
end_of_record
TN:
SF:/usr/include/catch2/internal/catch_reusable_string_stream.hpp
FN:45,48,_ZN5Catch20ReusableStringStreamlsItEERS0_RKT_
FNDA:0,_ZN5Catch20ReusableStringStreamlsItEERS0_RKT_
FNF:1
FNH:0
DA:45,0
DA:46,0
DA:47,0
LF:3
LH:0
end_of_record
TN:
SF:/usr/include/catch2/internal/catch_source_line_info.hpp
FN:19,22,_ZN5Catch14SourceLineInfoC2EPKcm
FNDA:304,_ZN5Catch14SourceLineInfoC2EPKcm
FNF:1
FNH:1
DA:19,304
DA:20,304
DA:21,304
DA:22,304
LF:4
LH:4
end_of_record
TN:
SF:/usr/include/catch2/internal/catch_stringref.hpp
FN:112,114,_ZN5Catchli3_srEPKcm
FN:117,119,_Zli9_catch_srPKcm
FN:35,35,_ZN5Catch9StringRefC2Ev
FN:39,42,_ZN5Catch9StringRefC2EPKcm
FNDA:188,_ZN5Catchli3_srEPKcm
FNDA:472,_Zli9_catch_srPKcm
FNDA:68,_ZN5Catch9StringRefC2Ev
FNDA:660,_ZN5Catch9StringRefC2EPKcm
FNF:4
FNH:4
DA:35,68
DA:39,660
DA:40,660
DA:41,660
DA:42,660
DA:112,188
DA:113,188
DA:117,472
DA:118,472
LF:9
LH:9
end_of_record
TN:
SF:/usr/include/catch2/internal/catch_test_registry.hpp
FN:51,53,_ZN5Catch11NameAndTagsC2ENS_9StringRefES1_
FNDA:68,_ZN5Catch11NameAndTagsC2ENS_9StringRefES1_
FNF:1
FNH:1
DA:51,68
DA:52,68
DA:53,68
LF:3
LH:3
end_of_record
TN:
SF:/usr/include/catch2/internal/catch_unique_ptr.hpp
FN:59,61,_ZN5Catch6Detail10unique_ptrINS_12ITestInvokerEED2Ev
FNDA:68,_ZN5Catch6Detail10unique_ptrINS_12ITestInvokerEED2Ev
FNF:1
FNH:1
DA:59,68
DA:60,68
DA:61,68
LF:3
LH:3
end_of_record
TN:
SF:/usr/include/x86_64-linux-gnu/c++/13/bits/c++config.h
FN:540,551,_ZSt23__is_constant_evaluatedv
FNDA:5188,_ZSt23__is_constant_evaluatedv
FNF:1
FNH:1
DA:540,5188
DA:547,5188
LF:2
LH:2
end_of_record
