TN:
SF:/home/jhktimm/hermes/solakonOne/src/ui.cpp
FN:106,117,_ZN7solakon2ui10TerminalUI3barB5cxx11EffiNS0_5ColorENS0_8BarStyleE
FN:119,132,_ZN7solakon2ui10TerminalUI4initEv
FN:134,139,_ZN7solakon2ui10TerminalUI8shutdownEv
FN:141,144,_ZN7solakon2ui10TerminalUI5clearEv
FN:146,158,_ZN7solakon2ui10TerminalUI6renderERKNS_14DeviceSnapshotEi
FN:160,171,_ZN7solakon2ui10TerminalUI11draw_headerERKNS_14DeviceSnapshotE
FN:173,203,_ZN7solakon2ui10TerminalUI18draw_inverter_infoERKNS_14DeviceSnapshotE
FN:205,211,_ZN7solakon2ui10TerminalUI11draw_statusERKNS_14DeviceSnapshotE
FN:213,216,_ZN7solakon2ui10TerminalUI16draw_power_blockERKNSt7__cxx1112basic_stringIcSt11char_traitsIcESaIcEEEfi
FN:218,234,_ZN7solakon2ui10TerminalUI10draw_powerERKNS_14DeviceSnapshotE
FN:236,245,_ZN7solakon2ui10TerminalUI15draw_meter_dataERKNS_14DeviceSnapshotE
FN:247,254,_ZN7solakon2ui10TerminalUI10draw_meterERKNS_9MeterDataERKNSt7__cxx1112basic_stringIcSt11char_traitsIcESaIcEEE
FN:256,269,_ZN7solakon2ui10TerminalUI12draw_batteryERKNS_7BMSDataE
FN:271,287,_ZN7solakon2ui10TerminalUI11draw_energyERKNS_10EnergyDataE
FN:289,295,_ZN7solakon2ui10TerminalUI11draw_footerEv
FN:30,39,_ZN7solakon2ui10TerminalUI5colorENS0_5ColorES2_RKNSt7__cxx1112basic_stringIcSt11char_traitsIcESaIcEEE
FN:41,43,_ZN7solakon2ui10TerminalUI4boldENS0_5ColorERKNSt7__cxx1112basic_stringIcSt11char_traitsIcESaIcEEE
FN:45,47,_ZN7solakon2ui10TerminalUI3dimENS0_5ColorERKNSt7__cxx1112basic_stringIcSt11char_traitsIcESaIcEEE
FN:49,51,_ZN7solakon2ui10TerminalUI9separatorB5cxx11EicNS0_5ColorE
FN:53,58,_ZN7solakon2ui10TerminalUI14section_headerERKNSt7__cxx1112basic_stringIcSt11char_traitsIcESaIcEEEiNS0_5ColorE
FN:60,62,_ZN7solakon2ui10TerminalUI12status_badgeERKNSt7__cxx1112basic_stringIcSt11char_traitsIcESaIcEEEbNS0_5ColorE
FN:64,73,_ZN7solakon2ui10TerminalUI12format_powerB5cxx11Ef
FN:75,79,_ZN7solakon2ui10TerminalUI14format_voltageB5cxx11Ef
FN:81,85,_ZN7solakon2ui10TerminalUI14format_currentB5cxx11Ef
FN:87,104,_ZN7solakon2ui10TerminalUI13format_uptimeB5cxx11ENSt6chrono10time_pointINS2_3_V212system_clockENS2_8durationIlSt5ratioILl1ELl1000000000EEEEEE
FNDA:8,_ZN7solakon2ui10TerminalUI3barB5cxx11EffiNS0_5ColorENS0_8BarStyleE
FNDA:0,_ZN7solakon2ui10TerminalUI4initEv
FNDA:0,_ZN7solakon2ui10TerminalUI8shutdownEv
FNDA:0,_ZN7solakon2ui10TerminalUI5clearEv
FNDA:0,_ZN7solakon2ui10TerminalUI6renderERKNS_14DeviceSnapshotEi
FNDA:0,_ZN7solakon2ui10TerminalUI11draw_headerERKNS_14DeviceSnapshotE
FNDA:0,_ZN7solakon2ui10TerminalUI18draw_inverter_infoERKNS_14DeviceSnapshotE
FNDA:0,_ZN7solakon2ui10TerminalUI11draw_statusERKNS_14DeviceSnapshotE
FNDA:0,_ZN7solakon2ui10TerminalUI16draw_power_blockERKNSt7__cxx1112basic_stringIcSt11char_traitsIcESaIcEEEfi
FNDA:0,_ZN7solakon2ui10TerminalUI10draw_powerERKNS_14DeviceSnapshotE
FNDA:0,_ZN7solakon2ui10TerminalUI15draw_meter_dataERKNS_14DeviceSnapshotE
FNDA:0,_ZN7solakon2ui10TerminalUI10draw_meterERKNS_9MeterDataERKNSt7__cxx1112basic_stringIcSt11char_traitsIcESaIcEEE
FNDA:0,_ZN7solakon2ui10TerminalUI12draw_batteryERKNS_7BMSDataE
FNDA:0,_ZN7solakon2ui10TerminalUI11draw_energyERKNS_10EnergyDataE
FNDA:0,_ZN7solakon2ui10TerminalUI11draw_footerEv
FNDA:20,_ZN7solakon2ui10TerminalUI5colorENS0_5ColorES2_RKNSt7__cxx1112basic_stringIcSt11char_traitsIcESaIcEEE
FNDA:8,_ZN7solakon2ui10TerminalUI4boldENS0_5ColorERKNSt7__cxx1112basic_stringIcSt11char_traitsIcESaIcEEE
FNDA:2,_ZN7solakon2ui10TerminalUI3dimENS0_5ColorERKNSt7__cxx1112basic_stringIcSt11char_traitsIcESaIcEEE
FNDA:6,_ZN7solakon2ui10TerminalUI9separatorB5cxx11EicNS0_5ColorE
FNDA:2,_ZN7solakon2ui10TerminalUI14section_headerERKNSt7__cxx1112basic_stringIcSt11char_traitsIcESaIcEEEiNS0_5ColorE
FNDA:4,_ZN7solakon2ui10TerminalUI12status_badgeERKNSt7__cxx1112basic_stringIcSt11char_traitsIcESaIcEEEbNS0_5ColorE
FNDA:20,_ZN7solakon2ui10TerminalUI12format_powerB5cxx11Ef
FNDA:8,_ZN7solakon2ui10TerminalUI14format_voltageB5cxx11Ef
FNDA:8,_ZN7solakon2ui10TerminalUI14format_currentB5cxx11Ef
FNDA:0,_ZN7solakon2ui10TerminalUI13format_uptimeB5cxx11ENSt6chrono10time_pointINS2_3_V212system_clockENS2_8durationIlSt5ratioILl1ELl1000000000EEEEEE
FNF:25
FNH:10
DA:30,20
DA:31,20
DA:32,20
DA:33,18
DA:35,20
DA:36,20
DA:37,20
DA:38,20
DA:39,0
DA:41,8
DA:42,32
DA:45,2
DA:46,4
DA:49,6
DA:50,12
DA:53,2
DA:54,2
DA:55,2
DA:56,2
DA:57,4
DA:58,2
DA:60,4
DA:61,4
DA:64,20
DA:65,20
DA:67,10
DA:68,20
DA:71,10
DA:72,20
DA:75,8
DA:77,8
DA:78,16
DA:81,8
DA:83,8
DA:84,16
DA:87,0
DA:88,0
DA:89,0
DA:91,0
DA:92,0
DA:93,0
DA:94,0
DA:95,0
DA:96,0
DA:98,0
DA:99,0
DA:100,0
DA:101,0
DA:103,0
DA:106,8
DA:107,12
DA:108,6
DA:109,6
DA:110,6
DA:111,6
DA:113,6
DA:114,12
DA:115,6
DA:116,6
DA:117,6
DA:119,0
DA:121,0
DA:122,0
DA:123,0
DA:125,0
DA:126,0
DA:128,0
DA:129,0
DA:130,0
DA:131,0
DA:132,0
DA:134,0
DA:135,0
DA:136,0
DA:137,0
DA:138,0
DA:139,0
DA:141,0
DA:142,0
DA:143,0
DA:144,0
DA:146,0
DA:148,0
DA:149,0
DA:150,0
DA:151,0
DA:152,0
DA:153,0
DA:154,0
DA:155,0
DA:156,0
DA:157,0
DA:158,0
DA:160,0
DA:161,0
DA:162,0
DA:163,0
DA:164,0
DA:165,0
DA:167,0
DA:168,0
DA:170,0
DA:171,0
DA:173,0
DA:174,0
DA:175,0
DA:176,0
DA:178,0
DA:179,0
DA:181,0
DA:182,0
DA:183,0
DA:184,0
DA:185,0
DA:186,0
DA:187,0
DA:188,0
DA:189,0
DA:190,0
DA:191,0
DA:192,0
DA:193,0
DA:194,0
DA:195,0
DA:196,0
DA:197,0
DA:199,0
DA:200,0
DA:201,0
DA:202,0
DA:203,0
DA:205,0
DA:206,0
DA:207,0
DA:208,0
DA:209,0
DA:210,0
DA:211,0
DA:213,0
DA:214,0
DA:215,0
DA:216,0
DA:218,0
DA:219,0
DA:221,0
DA:222,0
DA:224,0
DA:225,0
DA:226,0
DA:227,0
DA:228,0
DA:229,0
DA:230,0
DA:232,0
DA:233,0
DA:234,0
DA:236,0
DA:237,0
DA:238,0
DA:239,0
DA:241,0
DA:242,0
DA:243,0
DA:245,0
DA:247,0
DA:249,0
DA:250,0
DA:251,0
DA:252,0
DA:253,0
DA:254,0
DA:256,0
DA:257,0
DA:258,0
DA:259,0
DA:260,0
DA:261,0
DA:262,0
DA:263,0
DA:264,0
DA:265,0
DA:266,0
DA:267,0
DA:268,0
DA:269,0
DA:271,0
DA:272,0
DA:273,0
DA:274,0
DA:275,0
DA:276,0
DA:277,0
DA:278,0
DA:279,0
DA:280,0
DA:281,0
DA:282,0
DA:283,0
DA:284,0
DA:285,0
DA:286,0
DA:287,0
DA:289,0
DA:290,0
DA:291,0
DA:292,0
DA:293,0
DA:294,0
DA:295,0
LF:209
LH:45
end_of_record
TN:
SF:/home/jhktimm/hermes/solakonOne/tests/test_data_structures.cpp
FN:111,122,_ZL23CATCH2_INTERNAL_TEST_46v
FN:124,128,_ZL23CATCH2_INTERNAL_TEST_48v
FN:130,139,_ZL23CATCH2_INTERNAL_TEST_50v
FN:19,24,_ZL23CATCH2_INTERNAL_TEST_32v
FN:26,37,_ZL23CATCH2_INTERNAL_TEST_34v
FN:39,53,_ZL23CATCH2_INTERNAL_TEST_36v
FN:55,59,_ZL23CATCH2_INTERNAL_TEST_38v
FN:61,73,_ZL23CATCH2_INTERNAL_TEST_40v
FN:75,92,_ZL23CATCH2_INTERNAL_TEST_42v
FN:8,17,_ZL23CATCH2_INTERNAL_TEST_30v
FN:94,109,_ZL23CATCH2_INTERNAL_TEST_44v
FNDA:2,_ZL23CATCH2_INTERNAL_TEST_46v
FNDA:2,_ZL23CATCH2_INTERNAL_TEST_48v
FNDA:2,_ZL23CATCH2_INTERNAL_TEST_50v
FNDA:2,_ZL23CATCH2_INTERNAL_TEST_32v
FNDA:2,_ZL23CATCH2_INTERNAL_TEST_34v
FNDA:2,_ZL23CATCH2_INTERNAL_TEST_36v
FNDA:2,_ZL23CATCH2_INTERNAL_TEST_38v
FNDA:2,_ZL23CATCH2_INTERNAL_TEST_40v
FNDA:2,_ZL23CATCH2_INTERNAL_TEST_42v
FNDA:2,_ZL23CATCH2_INTERNAL_TEST_30v
FNDA:2,_ZL23CATCH2_INTERNAL_TEST_44v
FNF:11
FNH:11
DA:8,2
DA:9,2
DA:10,2
DA:11,2
DA:12,2
DA:13,2
DA:14,2
DA:15,2
DA:16,2
DA:17,2
DA:19,2
DA:20,2
DA:21,2
DA:22,2
DA:23,2
DA:24,2
DA:26,2
DA:27,2
DA:28,2
DA:29,2
DA:30,2
DA:31,2
DA:32,2
DA:33,2
DA:34,2
DA:35,2
DA:36,2
DA:37,2
DA:39,2
DA:40,2
DA:41,2
DA:42,2
DA:43,2
DA:44,2
DA:45,2
DA:46,2
DA:47,2
DA:48,2
DA:49,2
DA:50,2
DA:51,2
DA:52,2
DA:53,2
DA:55,2
DA:56,2
DA:57,2
DA:58,2
DA:59,2
DA:61,2
DA:62,2
DA:63,2
DA:64,2
DA:65,2
DA:66,2
DA:67,2
DA:68,2
DA:69,2
DA:70,2
DA:71,2
DA:72,2
DA:73,2
DA:75,2
DA:76,2
DA:77,2
DA:78,2
DA:79,2
DA:80,2
DA:81,2
DA:82,2
DA:83,2
DA:85,2
DA:86,2
DA:87,2
DA:88,2
DA:89,2
DA:90,2
DA:91,2
DA:92,2
DA:94,2
DA:95,2
DA:96,2
DA:97,2
DA:98,2
DA:99,2
DA:100,2
DA:101,2
DA:102,2
DA:103,2
DA:104,2
DA:105,2
DA:106,2
DA:107,2
DA:108,2
DA:109,2
DA:111,2
DA:112,2
DA:113,2
DA:114,2
DA:115,2
DA:116,2
DA:118,2
DA:119,2
DA:120,2
DA:121,2
DA:122,2
DA:124,2
DA:125,2
DA:126,2
DA:127,2
DA:128,2
DA:130,2
DA:131,2
DA:132,2
DA:133,2
DA:134,2
DA:135,2
DA:136,2
DA:137,2
DA:138,2
DA:139,2
LF:120
LH:120
end_of_record
TN:
SF:/home/jhktimm/hermes/solakonOne/tests/test_helpers.hpp
FN:8,8,_ZL12approx_equaldd
FN:9,9,_ZL9approx_geddd
FNDA:20,_ZL12approx_equaldd
FNDA:0,_ZL9approx_geddd
FNF:2
FNH:1
DA:8,20
DA:9,0
LF:2
LH:1
end_of_record
TN:
SF:/home/jhktimm/hermes/solakonOne/tests/test_modbus_crc.cpp
FN:22,25,_ZL23CATCH2_INTERNAL_TEST_52v
FN:27,30,_ZL23CATCH2_INTERNAL_TEST_54v
FN:32,35,_ZL23CATCH2_INTERNAL_TEST_56v
FN:37,41,_ZL23CATCH2_INTERNAL_TEST_58v
FN:43,48,_ZL23CATCH2_INTERNAL_TEST_60v
FN:50,56,_ZL23CATCH2_INTERNAL_TEST_62v
FN:58,64,_ZL23CATCH2_INTERNAL_TEST_64v
FN:6,20,_ZL12crc16_modbusPKhm
FN:66,71,_ZL23CATCH2_INTERNAL_TEST_66v
FNDA:2,_ZL23CATCH2_INTERNAL_TEST_52v
FNDA:2,_ZL23CATCH2_INTERNAL_TEST_54v
FNDA:2,_ZL23CATCH2_INTERNAL_TEST_56v
FNDA:2,_ZL23CATCH2_INTERNAL_TEST_58v
FNDA:2,_ZL23CATCH2_INTERNAL_TEST_60v
FNDA:2,_ZL23CATCH2_INTERNAL_TEST_62v
FNDA:2,_ZL23CATCH2_INTERNAL_TEST_64v
FNDA:22,_ZL12crc16_modbusPKhm
FNDA:2,_ZL23CATCH2_INTERNAL_TEST_66v
FNF:9
FNH:9
DA:6,22
DA:7,22
DA:8,598
DA:9,576
DA:10,5184
DA:11,4608
DA:12,2250
DA:13,2250
DA:15,2358
DA:19,22
DA:22,2
DA:23,2
DA:24,2
DA:25,2
DA:27,2
DA:28,2
DA:29,2
DA:30,2
DA:32,2
DA:33,2
DA:34,2
DA:35,2
DA:37,2
DA:39,2
DA:40,2
DA:41,2
DA:43,2
DA:44,2
DA:45,2
DA:46,2
DA:47,2
DA:48,2
DA:50,2
DA:51,2
DA:52,2
DA:53,2
DA:54,2
DA:55,2
DA:56,2
DA:58,2
DA:59,2
DA:60,2
DA:61,2
DA:62,2
DA:63,2
DA:64,2
DA:66,2
DA:68,514
DA:69,2
DA:70,2
DA:71,2
LF:51
LH:51
end_of_record
TN:
SF:/home/jhktimm/hermes/solakonOne/tests/test_ui_formatting.cpp
FN:14,20,_ZL22CATCH2_INTERNAL_TEST_2v
FN:22,27,_ZL22CATCH2_INTERNAL_TEST_4v
FN:29,34,_ZL22CATCH2_INTERNAL_TEST_6v
FN:36,45,_ZL22CATCH2_INTERNAL_TEST_8v
FN:47,50,_ZL23CATCH2_INTERNAL_TEST_10v
FN:52,55,_ZL23CATCH2_INTERNAL_TEST_12v
FN:57,60,_ZL23CATCH2_INTERNAL_TEST_14v
FN:6,12,_ZL22CATCH2_INTERNAL_TEST_0v
FN:62,65,_ZL23CATCH2_INTERNAL_TEST_16v
FN:67,70,_ZL23CATCH2_INTERNAL_TEST_18v
FN:72,75,_ZL23CATCH2_INTERNAL_TEST_20v
FN:77,80,_ZL23CATCH2_INTERNAL_TEST_22v
FN:82,86,_ZL23CATCH2_INTERNAL_TEST_24v
FN:88,92,_ZL23CATCH2_INTERNAL_TEST_26v
FN:94,98,_ZL23CATCH2_INTERNAL_TEST_28v
FNDA:2,_ZL22CATCH2_INTERNAL_TEST_2v
FNDA:2,_ZL22CATCH2_INTERNAL_TEST_4v
FNDA:2,_ZL22CATCH2_INTERNAL_TEST_6v
FNDA:2,_ZL22CATCH2_INTERNAL_TEST_8v
FNDA:2,_ZL23CATCH2_INTERNAL_TEST_10v
FNDA:2,_ZL23CATCH2_INTERNAL_TEST_12v
FNDA:2,_ZL23CATCH2_INTERNAL_TEST_14v
FNDA:2,_ZL22CATCH2_INTERNAL_TEST_0v
FNDA:2,_ZL23CATCH2_INTERNAL_TEST_16v
FNDA:2,_ZL23CATCH2_INTERNAL_TEST_18v
FNDA:2,_ZL23CATCH2_INTERNAL_TEST_20v
FNDA:2,_ZL23CATCH2_INTERNAL_TEST_22v
FNDA:2,_ZL23CATCH2_INTERNAL_TEST_24v
FNDA:2,_ZL23CATCH2_INTERNAL_TEST_26v
FNDA:2,_ZL23CATCH2_INTERNAL_TEST_28v
FNF:15
FNH:15
DA:6,2
DA:7,2
DA:8,2
DA:9,2
DA:10,2
DA:11,2
DA:12,2
DA:14,2
DA:15,2
DA:16,2
DA:17,2
DA:18,2
DA:19,2
DA:20,2
DA:22,2
DA:23,2
DA:24,2
DA:25,2
DA:26,2
DA:27,2
DA:29,2
DA:30,2
DA:31,2
DA:32,2
DA:33,2
DA:34,2
DA:36,2
DA:37,2
DA:38,2
DA:40,2
DA:41,2
DA:43,2
DA:44,2
DA:45,2
DA:47,2
DA:48,2
DA:49,2
DA:50,2
DA:52,2
DA:53,2
DA:54,2
DA:55,2
DA:57,2
DA:58,2
DA:59,2
DA:60,2
DA:62,2
DA:63,2
DA:64,2
DA:65,2
DA:67,2
DA:68,2
DA:69,2
DA:70,2
DA:72,2
DA:73,2
DA:74,2
DA:75,2
DA:77,2
DA:78,2
DA:79,2
DA:80,2
DA:82,2
DA:83,2
DA:84,2
DA:85,2
DA:86,2
DA:88,4
DA:89,2
DA:90,2
DA:91,2
DA:92,2
DA:94,2
DA:95,2
DA:96,2
DA:97,2
DA:98,2
LF:77
LH:77
end_of_record
