TN:
SF:/home/jhktimm/hermes/solakonOne/src/ui.cpp
FN:106,117,_ZN7solakon2ui10TerminalUI3barB5cxx11EffiNS0_5ColorENS0_8BarStyleE
FN:119,132,_ZN7solakon2ui10TerminalUI4initEv
FN:134,139,_ZN7solakon2ui10TerminalUI8shutdownEv
FN:141,144,_ZN7solakon2ui10TerminalUI5clearEv
FN:146,158,_ZN7solakon2ui10TerminalUI6renderERKNS_14DeviceSnapshotEi
FN:160,171,_ZN7solakon2ui10TerminalUI11draw_headerERKNS_14DeviceSnapshotE
FN:173,203,_ZN7solakon2ui10TerminalUI18draw_inverter_infoERKNS_14DeviceSnapshotE
FN:205,211,_ZN7solakon2ui10TerminalUI11draw_statusERKNS_14DeviceSnapshotE
FN:213,216,_ZN7solakon2ui10TerminalUI16draw_power_blockERKNSt7__cxx1112basic_stringIcSt11char_traitsIcESaIcEEEfi
FN:218,234,_ZN7solakon2ui10TerminalUI10draw_powerERKNS_14DeviceSnapshotE
FN:236,245,_ZN7solakon2ui10TerminalUI15draw_meter_dataERKNS_14DeviceSnapshotE
FN:247,254,_ZN7solakon2ui10TerminalUI10draw_meterERKNS_9MeterDataERKNSt7__cxx1112basic_stringIcSt11char_traitsIcESaIcEEE
FN:256,269,_ZN7solakon2ui10TerminalUI12draw_batteryERKNS_7BMSDataE
FN:271,287,_ZN7solakon2ui10TerminalUI11draw_energyERKNS_10EnergyDataE
FN:289,295,_ZN7solakon2ui10TerminalUI11draw_footerEv
FN:30,39,_ZN7solakon2ui10TerminalUI5colorENS0_5ColorES2_RKNSt7__cxx1112basic_stringIcSt11char_traitsIcESaIcEEE
FN:41,43,_ZN7solakon2ui10TerminalUI4boldENS0_5ColorERKNSt7__cxx1112basic_stringIcSt11char_traitsIcESaIcEEE
FN:45,47,_ZN7solakon2ui10TerminalUI3dimENS0_5ColorERKNSt7__cxx1112basic_stringIcSt11char_traitsIcESaIcEEE
FN:49,51,_ZN7solakon2ui10TerminalUI9separatorB5cxx11EicNS0_5ColorE
FN:53,58,_ZN7solakon2ui10TerminalUI14section_headerERKNSt7__cxx1112basic_stringIcSt11char_traitsIcESaIcEEEiNS0_5ColorE
FN:60,62,_ZN7solakon2ui10TerminalUI12status_badgeERKNSt7__cxx1112basic_stringIcSt11char_traitsIcESaIcEEEbNS0_5ColorE
FN:64,73,_ZN7solakon2ui10TerminalUI12format_powerB5cxx11Ef
FN:75,79,_ZN7solakon2ui10TerminalUI14format_voltageB5cxx11Ef
FN:81,85,_ZN7solakon2ui10TerminalUI14format_currentB5cxx11Ef
FN:87,104,_ZN7solakon2ui10TerminalUI13format_uptimeB5cxx11ENSt6chrono10time_pointINS2_3_V212system_clockENS2_8durationIlSt5ratioILl1ELl1000000000EEEEEE
FNDA:4,_ZN7solakon2ui10TerminalUI3barB5cxx11EffiNS0_5ColorENS0_8BarStyleE
FNDA:0,_ZN7solakon2ui10TerminalUI4initEv
FNDA:0,_ZN7solakon2ui10TerminalUI8shutdownEv
FNDA:0,_ZN7solakon2ui10TerminalUI5clearEv
FNDA:0,_ZN7solakon2ui10TerminalUI6renderERKNS_14DeviceSnapshotEi
FNDA:0,_ZN7solakon2ui10TerminalUI11draw_headerERKNS_14DeviceSnapshotE
FNDA:0,_ZN7solakon2ui10TerminalUI18draw_inverter_infoERKNS_14DeviceSnapshotE
FNDA:0,_ZN7solakon2ui10TerminalUI11draw_statusERKNS_14DeviceSnapshotE
FNDA:0,_ZN7solakon2ui10TerminalUI16draw_power_blockERKNSt7__cxx1112basic_stringIcSt11char_traitsIcESaIcEEEfi
FNDA:0,_ZN7solakon2ui10TerminalUI10draw_powerERKNS_14DeviceSnapshotE
FNDA:0,_ZN7solakon2ui10TerminalUI15draw_meter_dataERKNS_14DeviceSnapshotE
FNDA:0,_ZN7solakon2ui10TerminalUI10draw_meterERKNS_9MeterDataERKNSt7__cxx1112basic_stringIcSt11char_traitsIcESaIcEEE
FNDA:0,_ZN7solakon2ui10TerminalUI12draw_batteryERKNS_7BMSDataE
FNDA:0,_ZN7solakon2ui10TerminalUI11draw_energyERKNS_10EnergyDataE
FNDA:0,_ZN7solakon2ui10TerminalUI11draw_footerEv
FNDA:10,_ZN7solakon2ui10TerminalUI5colorENS0_5ColorES2_RKNSt7__cxx1112basic_stringIcSt11char_traitsIcESaIcEEE
FNDA:4,_ZN7solakon2ui10TerminalUI4boldENS0_5ColorERKNSt7__cxx1112basic_stringIcSt11char_traitsIcESaIcEEE
FNDA:1,_ZN7solakon2ui10TerminalUI3dimENS0_5ColorERKNSt7__cxx1112basic_stringIcSt11char_traitsIcESaIcEEE
FNDA:3,_ZN7solakon2ui10TerminalUI9separatorB5cxx11EicNS0_5ColorE
FNDA:1,_ZN7solakon2ui10TerminalUI14section_headerERKNSt7__cxx1112basic_stringIcSt11char_traitsIcESaIcEEEiNS0_5ColorE
FNDA:2,_ZN7solakon2ui10TerminalUI12status_badgeERKNSt7__cxx1112basic_stringIcSt11char_traitsIcESaIcEEEbNS0_5ColorE
FNDA:10,_ZN7solakon2ui10TerminalUI12format_powerB5cxx11Ef
FNDA:4,_ZN7solakon2ui10TerminalUI14format_voltageB5cxx11Ef
FNDA:4,_ZN7solakon2ui10TerminalUI14format_currentB5cxx11Ef
FNDA:0,_ZN7solakon2ui10TerminalUI13format_uptimeB5cxx11ENSt6chrono10time_pointINS2_3_V212system_clockENS2_8durationIlSt5ratioILl1ELl1000000000EEEEEE
FNF:25
FNH:10
DA:30,10
DA:31,10
DA:32,10
DA:33,9
DA:35,10
DA:36,10
DA:37,10
DA:38,10
DA:39,0
DA:41,4
DA:42,16
DA:45,1
DA:46,2
DA:49,3
DA:50,6
DA:53,1
DA:54,1
DA:55,1
DA:56,1
DA:57,2
DA:58,1
DA:60,2
DA:61,2
DA:64,10
DA:65,10
DA:67,5
DA:68,10
DA:71,5
DA:72,10
DA:75,4
DA:77,4
DA:78,8
DA:81,4
DA:83,4
DA:84,8
DA:87,0
DA:88,0
DA:89,0
DA:91,0
DA:92,0
DA:93,0
DA:94,0
DA:95,0
DA:96,0
DA:98,0
DA:99,0
DA:100,0
DA:101,0
DA:103,0
DA:106,4
DA:107,6
DA:108,3
DA:109,3
DA:110,3
DA:111,3
DA:113,3
DA:114,6
DA:115,3
DA:116,3
DA:117,3
DA:119,0
DA:121,0
DA:122,0
DA:123,0
DA:125,0
DA:126,0
DA:128,0
DA:129,0
DA:130,0
DA:131,0
DA:132,0
DA:134,0
DA:135,0
DA:136,0
DA:137,0
DA:138,0
DA:139,0
DA:141,0
DA:142,0
DA:143,0
DA:144,0
DA:146,0
DA:148,0
DA:149,0
DA:150,0
DA:151,0
DA:152,0
DA:153,0
DA:154,0
DA:155,0
DA:156,0
DA:157,0
DA:158,0
DA:160,0
DA:161,0
DA:162,0
DA:163,0
DA:164,0
DA:165,0
DA:167,0
DA:168,0
DA:170,0
DA:171,0
DA:173,0
DA:174,0
DA:175,0
DA:176,0
DA:178,0
DA:179,0
DA:181,0
DA:182,0
DA:183,0
DA:184,0
DA:185,0
DA:186,0
DA:187,0
DA:188,0
DA:189,0
DA:190,0
DA:191,0
DA:192,0
DA:193,0
DA:194,0
DA:195,0
DA:196,0
DA:197,0
DA:199,0
DA:200,0
DA:201,0
DA:202,0
DA:203,0
DA:205,0
DA:206,0
DA:207,0
DA:208,0
DA:209,0
DA:210,0
DA:211,0
DA:213,0
DA:214,0
DA:215,0
DA:216,0
DA:218,0
DA:219,0
DA:221,0
DA:222,0
DA:224,0
DA:225,0
DA:226,0
DA:227,0
DA:228,0
DA:229,0
DA:230,0
DA:232,0
DA:233,0
DA:234,0
DA:236,0
DA:237,0
DA:238,0
DA:239,0
DA:241,0
DA:242,0
DA:243,0
DA:245,0
DA:247,0
DA:249,0
DA:250,0
DA:251,0
DA:252,0
DA:253,0
DA:254,0
DA:256,0
DA:257,0
DA:258,0
DA:259,0
DA:260,0
DA:261,0
DA:262,0
DA:263,0
DA:264,0
DA:265,0
DA:266,0
DA:267,0
DA:268,0
DA:269,0
DA:271,0
DA:272,0
DA:273,0
DA:274,0
DA:275,0
DA:276,0
DA:277,0
DA:278,0
DA:279,0
DA:280,0
DA:281,0
DA:282,0
DA:283,0
DA:284,0
DA:285,0
DA:286,0
DA:287,0
DA:289,0
DA:290,0
DA:291,0
DA:292,0
DA:293,0
DA:294,0
DA:295,0
LF:209
LH:45
end_of_record
